[2025-08-08T17:23:27.227-0300] {local_task_job_runner.py:120} INFO - ::group::Pre task execution logs
[2025-08-08T17:23:27.242-0300] {taskinstance.py:2076} INFO - Dependencies all met for dep_context=non-requeueable deps ti=<TaskInstance: avisos_coordenador.consultar_valores_pi manual__2025-08-08T20:23:24.695305+00:00 [queued]>
[2025-08-08T17:23:27.246-0300] {taskinstance.py:2076} INFO - Dependencies all met for dep_context=requeueable deps ti=<TaskInstance: avisos_coordenador.consultar_valores_pi manual__2025-08-08T20:23:24.695305+00:00 [queued]>
[2025-08-08T17:23:27.246-0300] {taskinstance.py:2306} INFO - Starting attempt 1 of 1
[2025-08-08T17:23:27.340-0300] {taskinstance.py:2330} INFO - Executing <Task(PythonOperator): consultar_valores_pi> on 2025-08-08 20:23:24.695305+00:00
[2025-08-08T17:23:27.346-0300] {standard_task_runner.py:63} INFO - Started process 1132 to run task
[2025-08-08T17:23:27.348-0300] {standard_task_runner.py:90} INFO - Running: ['***', 'tasks', 'run', 'avisos_coordenador', 'consultar_valores_pi', 'manual__2025-08-08T20:23:24.695305+00:00', '--job-id', '181', '--raw', '--subdir', 'DAGS_FOLDER/avisos_coordenador.py', '--cfg-path', '/tmp/tmprfu6t0rc']
[2025-08-08T17:23:27.350-0300] {standard_task_runner.py:91} INFO - Job 181: Subtask consultar_valores_pi
[2025-08-08T17:23:27.375-0300] {task_command.py:426} INFO - Running <TaskInstance: avisos_coordenador.consultar_valores_pi manual__2025-08-08T20:23:24.695305+00:00 [running]> on host 1a4c58afc681
[2025-08-08T17:23:27.421-0300] {taskinstance.py:2648} INFO - Exporting env vars: AIRFLOW_CTX_DAG_OWNER='***' AIRFLOW_CTX_DAG_ID='avisos_coordenador' AIRFLOW_CTX_TASK_ID='consultar_valores_pi' AIRFLOW_CTX_EXECUTION_DATE='2025-08-08T20:23:24.695305+00:00' AIRFLOW_CTX_TRY_NUMBER='1' AIRFLOW_CTX_DAG_RUN_ID='manual__2025-08-08T20:23:24.695305+00:00'
[2025-08-08T17:23:27.422-0300] {taskinstance.py:430} INFO - ::endgroup::
[2025-08-08T17:23:27.882-0300] {logging_mixin.py:188} INFO - 🚨 Aviso id_alarme=1 disparado. Silêncio até 2025-08-08T20:24:27.882576+00:00
[2025-08-08T17:23:32.543-0300] {logging_mixin.py:188} INFO - 📨 Mensagem gerada:
[2025-08-08T17:23:32.544-0300] {logging_mixin.py:188} INFO -  Prezados/as,

Espero que todos estejam bem.

Venho por meio deste comunicado chamar a atenção para um desvio detectado na gestão ambiental de nosso processo produtivo.

Como ilustrado no gráfico de tendência abaixo, a média de vazão dos efluentes gerados pela produção de papel está ultrapassando o limite estabelecido em nosso Programa de Excelência Operacional. Esse parâmetro foi definido de acordo com a capacidade máxima da estação de tratamento de efluentes específica para a fabricação de papel.

Vazão Média (2 horas): 244,42 m³/h

Agradeço pela atenção e colaboração de todos.
[2025-08-08T17:23:34.698-0300] {python.py:237} INFO - Done. Returned value was: None
[2025-08-08T17:23:34.700-0300] {taskinstance.py:441} INFO - ::group::Post task execution logs
[2025-08-08T17:23:34.714-0300] {taskinstance.py:1206} INFO - Marking task as SUCCESS. dag_id=avisos_coordenador, task_id=consultar_valores_pi, run_id=manual__2025-08-08T20:23:24.695305+00:00, execution_date=20250808T202324, start_date=20250808T202327, end_date=20250808T202334
[2025-08-08T17:23:34.753-0300] {local_task_job_runner.py:240} INFO - Task exited with return code 0
[2025-08-08T17:23:34.773-0300] {taskinstance.py:3498} INFO - 0 downstream tasks scheduled from follow-on schedule check
[2025-08-08T17:23:34.775-0300] {local_task_job_runner.py:222} INFO - ::endgroup::
