[2025-08-15T08:57:21.956-0300] {processor.py:161} INFO - Started process (PID=173) to work on /opt/airflow/dags/avisos_coordenador.py
[2025-08-15T08:57:21.957-0300] {processor.py:830} INFO - Processing file /opt/airflow/dags/avisos_coordenador.py for tasks to queue
[2025-08-15T08:57:21.958-0300] {logging_mixin.py:188} INFO - [2025-08-15T08:57:21.958-0300] {dagbag.py:545} INFO - Filling up the DagBag from /opt/airflow/dags/avisos_coordenador.py
[2025-08-15T08:57:22.996-0300] {logging_mixin.py:188} INFO - [2025-08-15T08:57:22.995-0300] {font_manager.py:1639} INFO - generated new fontManager
[2025-08-15T08:57:23.227-0300] {processor.py:840} INFO - DAG(s) 'avisos_coordenador' retrieved from /opt/airflow/dags/avisos_coordenador.py
[2025-08-15T08:57:23.243-0300] {logging_mixin.py:188} INFO - [2025-08-15T08:57:23.243-0300] {dag.py:3096} INFO - Sync 1 DAGs
[2025-08-15T08:57:23.262-0300] {logging_mixin.py:188} INFO - [2025-08-15T08:57:23.262-0300] {dag.py:3954} INFO - Setting next_dagrun for avisos_coordenador to 2025-08-15 11:30:00+00:00, run_after=2025-08-15 12:00:00+00:00
[2025-08-15T08:57:23.277-0300] {processor.py:183} INFO - Processing /opt/airflow/dags/avisos_coordenador.py took 1.327 seconds
[2025-08-15T08:57:54.662-0300] {processor.py:161} INFO - Started process (PID=193) to work on /opt/airflow/dags/avisos_coordenador.py
[2025-08-15T08:57:54.666-0300] {processor.py:830} INFO - Processing file /opt/airflow/dags/avisos_coordenador.py for tasks to queue
[2025-08-15T08:57:54.667-0300] {logging_mixin.py:188} INFO - [2025-08-15T08:57:54.666-0300] {dagbag.py:545} INFO - Filling up the DagBag from /opt/airflow/dags/avisos_coordenador.py
[2025-08-15T08:57:55.225-0300] {processor.py:840} INFO - DAG(s) 'avisos_coordenador' retrieved from /opt/airflow/dags/avisos_coordenador.py
[2025-08-15T08:57:55.287-0300] {logging_mixin.py:188} INFO - [2025-08-15T08:57:55.286-0300] {dag.py:3096} INFO - Sync 1 DAGs
[2025-08-15T08:57:55.299-0300] {logging_mixin.py:188} INFO - [2025-08-15T08:57:55.299-0300] {dag.py:3954} INFO - Setting next_dagrun for avisos_coordenador to 2025-08-15 11:30:00+00:00, run_after=2025-08-15 12:00:00+00:00
[2025-08-15T08:57:55.314-0300] {processor.py:183} INFO - Processing /opt/airflow/dags/avisos_coordenador.py took 0.655 seconds
[2025-08-15T08:58:27.127-0300] {processor.py:161} INFO - Started process (PID=174) to work on /opt/airflow/dags/avisos_coordenador.py
[2025-08-15T08:58:27.128-0300] {processor.py:830} INFO - Processing file /opt/airflow/dags/avisos_coordenador.py for tasks to queue
[2025-08-15T08:58:27.130-0300] {logging_mixin.py:188} INFO - [2025-08-15T08:58:27.130-0300] {dagbag.py:545} INFO - Filling up the DagBag from /opt/airflow/dags/avisos_coordenador.py
[2025-08-15T08:58:27.991-0300] {logging_mixin.py:188} INFO - [2025-08-15T08:58:27.990-0300] {font_manager.py:1639} INFO - generated new fontManager
[2025-08-15T08:58:28.181-0300] {processor.py:840} INFO - DAG(s) 'avisos_coordenador' retrieved from /opt/airflow/dags/avisos_coordenador.py
[2025-08-15T08:58:28.196-0300] {logging_mixin.py:188} INFO - [2025-08-15T08:58:28.195-0300] {dag.py:3096} INFO - Sync 1 DAGs
[2025-08-15T08:58:28.211-0300] {logging_mixin.py:188} INFO - [2025-08-15T08:58:28.211-0300] {dag.py:3954} INFO - Setting next_dagrun for avisos_coordenador to 2025-08-15 11:30:00+00:00, run_after=2025-08-15 12:00:00+00:00
[2025-08-15T08:58:28.223-0300] {processor.py:183} INFO - Processing /opt/airflow/dags/avisos_coordenador.py took 1.101 seconds
[2025-08-15T08:58:59.503-0300] {processor.py:161} INFO - Started process (PID=187) to work on /opt/airflow/dags/avisos_coordenador.py
[2025-08-15T08:58:59.504-0300] {processor.py:830} INFO - Processing file /opt/airflow/dags/avisos_coordenador.py for tasks to queue
[2025-08-15T08:58:59.505-0300] {logging_mixin.py:188} INFO - [2025-08-15T08:58:59.505-0300] {dagbag.py:545} INFO - Filling up the DagBag from /opt/airflow/dags/avisos_coordenador.py
[2025-08-15T08:59:00.050-0300] {processor.py:840} INFO - DAG(s) 'avisos_coordenador' retrieved from /opt/airflow/dags/avisos_coordenador.py
[2025-08-15T08:59:00.097-0300] {logging_mixin.py:188} INFO - [2025-08-15T08:59:00.097-0300] {dag.py:3096} INFO - Sync 1 DAGs
[2025-08-15T08:59:00.108-0300] {logging_mixin.py:188} INFO - [2025-08-15T08:59:00.108-0300] {dag.py:3954} INFO - Setting next_dagrun for avisos_coordenador to 2025-08-15 11:30:00+00:00, run_after=2025-08-15 12:00:00+00:00
[2025-08-15T08:59:00.121-0300] {processor.py:183} INFO - Processing /opt/airflow/dags/avisos_coordenador.py took 0.621 seconds
[2025-08-15T08:59:30.769-0300] {processor.py:161} INFO - Started process (PID=202) to work on /opt/airflow/dags/avisos_coordenador.py
[2025-08-15T08:59:30.771-0300] {processor.py:830} INFO - Processing file /opt/airflow/dags/avisos_coordenador.py for tasks to queue
[2025-08-15T08:59:30.773-0300] {logging_mixin.py:188} INFO - [2025-08-15T08:59:30.773-0300] {dagbag.py:545} INFO - Filling up the DagBag from /opt/airflow/dags/avisos_coordenador.py
[2025-08-15T08:59:31.242-0300] {processor.py:840} INFO - DAG(s) 'avisos_coordenador' retrieved from /opt/airflow/dags/avisos_coordenador.py
[2025-08-15T08:59:31.254-0300] {logging_mixin.py:188} INFO - [2025-08-15T08:59:31.253-0300] {dag.py:3096} INFO - Sync 1 DAGs
[2025-08-15T08:59:31.265-0300] {logging_mixin.py:188} INFO - [2025-08-15T08:59:31.265-0300] {dag.py:3954} INFO - Setting next_dagrun for avisos_coordenador to 2025-08-15 11:30:00+00:00, run_after=2025-08-15 12:00:00+00:00
[2025-08-15T08:59:31.278-0300] {processor.py:183} INFO - Processing /opt/airflow/dags/avisos_coordenador.py took 0.514 seconds
[2025-08-15T09:00:01.975-0300] {processor.py:161} INFO - Started process (PID=217) to work on /opt/airflow/dags/avisos_coordenador.py
[2025-08-15T09:00:01.976-0300] {processor.py:830} INFO - Processing file /opt/airflow/dags/avisos_coordenador.py for tasks to queue
[2025-08-15T09:00:01.977-0300] {logging_mixin.py:188} INFO - [2025-08-15T09:00:01.976-0300] {dagbag.py:545} INFO - Filling up the DagBag from /opt/airflow/dags/avisos_coordenador.py
[2025-08-15T09:00:02.481-0300] {processor.py:840} INFO - DAG(s) 'avisos_coordenador' retrieved from /opt/airflow/dags/avisos_coordenador.py
[2025-08-15T09:00:02.492-0300] {logging_mixin.py:188} INFO - [2025-08-15T09:00:02.492-0300] {dag.py:3096} INFO - Sync 1 DAGs
[2025-08-15T09:00:02.505-0300] {logging_mixin.py:188} INFO - [2025-08-15T09:00:02.505-0300] {dag.py:3954} INFO - Setting next_dagrun for avisos_coordenador to 2025-08-15 11:30:00+00:00, run_after=2025-08-15 12:00:00+00:00
[2025-08-15T09:00:02.519-0300] {processor.py:183} INFO - Processing /opt/airflow/dags/avisos_coordenador.py took 0.548 seconds
[2025-08-15T09:00:33.154-0300] {processor.py:161} INFO - Started process (PID=233) to work on /opt/airflow/dags/avisos_coordenador.py
[2025-08-15T09:00:33.154-0300] {processor.py:830} INFO - Processing file /opt/airflow/dags/avisos_coordenador.py for tasks to queue
[2025-08-15T09:00:33.155-0300] {logging_mixin.py:188} INFO - [2025-08-15T09:00:33.155-0300] {dagbag.py:545} INFO - Filling up the DagBag from /opt/airflow/dags/avisos_coordenador.py
[2025-08-15T09:00:33.614-0300] {processor.py:840} INFO - DAG(s) 'avisos_coordenador' retrieved from /opt/airflow/dags/avisos_coordenador.py
[2025-08-15T09:00:33.625-0300] {logging_mixin.py:188} INFO - [2025-08-15T09:00:33.625-0300] {dag.py:3096} INFO - Sync 1 DAGs
[2025-08-15T09:00:33.638-0300] {logging_mixin.py:188} INFO - [2025-08-15T09:00:33.637-0300] {dag.py:3954} INFO - Setting next_dagrun for avisos_coordenador to 2025-08-15 11:30:00+00:00, run_after=2025-08-15 12:00:00+00:00
[2025-08-15T09:00:33.650-0300] {processor.py:183} INFO - Processing /opt/airflow/dags/avisos_coordenador.py took 0.500 seconds
[2025-08-15T09:01:04.414-0300] {processor.py:161} INFO - Started process (PID=252) to work on /opt/airflow/dags/avisos_coordenador.py
[2025-08-15T09:01:04.415-0300] {processor.py:830} INFO - Processing file /opt/airflow/dags/avisos_coordenador.py for tasks to queue
[2025-08-15T09:01:04.416-0300] {logging_mixin.py:188} INFO - [2025-08-15T09:01:04.416-0300] {dagbag.py:545} INFO - Filling up the DagBag from /opt/airflow/dags/avisos_coordenador.py
[2025-08-15T09:01:04.885-0300] {processor.py:840} INFO - DAG(s) 'avisos_coordenador' retrieved from /opt/airflow/dags/avisos_coordenador.py
[2025-08-15T09:01:04.895-0300] {logging_mixin.py:188} INFO - [2025-08-15T09:01:04.895-0300] {dag.py:3096} INFO - Sync 1 DAGs
[2025-08-15T09:01:04.907-0300] {logging_mixin.py:188} INFO - [2025-08-15T09:01:04.907-0300] {dag.py:3954} INFO - Setting next_dagrun for avisos_coordenador to 2025-08-15 11:30:00+00:00, run_after=2025-08-15 12:00:00+00:00
[2025-08-15T09:01:04.915-0300] {processor.py:183} INFO - Processing /opt/airflow/dags/avisos_coordenador.py took 0.505 seconds
[2025-08-15T09:01:35.620-0300] {processor.py:161} INFO - Started process (PID=273) to work on /opt/airflow/dags/avisos_coordenador.py
[2025-08-15T09:01:35.623-0300] {processor.py:830} INFO - Processing file /opt/airflow/dags/avisos_coordenador.py for tasks to queue
[2025-08-15T09:01:35.624-0300] {logging_mixin.py:188} INFO - [2025-08-15T09:01:35.624-0300] {dagbag.py:545} INFO - Filling up the DagBag from /opt/airflow/dags/avisos_coordenador.py
[2025-08-15T09:01:36.070-0300] {processor.py:840} INFO - DAG(s) 'avisos_coordenador' retrieved from /opt/airflow/dags/avisos_coordenador.py
[2025-08-15T09:01:36.080-0300] {logging_mixin.py:188} INFO - [2025-08-15T09:01:36.080-0300] {dag.py:3096} INFO - Sync 1 DAGs
[2025-08-15T09:01:36.092-0300] {logging_mixin.py:188} INFO - [2025-08-15T09:01:36.092-0300] {dag.py:3954} INFO - Setting next_dagrun for avisos_coordenador to 2025-08-15 11:30:00+00:00, run_after=2025-08-15 12:00:00+00:00
[2025-08-15T09:01:36.105-0300] {processor.py:183} INFO - Processing /opt/airflow/dags/avisos_coordenador.py took 0.490 seconds
[2025-08-15T09:02:06.849-0300] {processor.py:161} INFO - Started process (PID=283) to work on /opt/airflow/dags/avisos_coordenador.py
[2025-08-15T09:02:06.849-0300] {processor.py:830} INFO - Processing file /opt/airflow/dags/avisos_coordenador.py for tasks to queue
[2025-08-15T09:02:06.850-0300] {logging_mixin.py:188} INFO - [2025-08-15T09:02:06.850-0300] {dagbag.py:545} INFO - Filling up the DagBag from /opt/airflow/dags/avisos_coordenador.py
[2025-08-15T09:02:07.290-0300] {processor.py:840} INFO - DAG(s) 'avisos_coordenador' retrieved from /opt/airflow/dags/avisos_coordenador.py
[2025-08-15T09:02:07.301-0300] {logging_mixin.py:188} INFO - [2025-08-15T09:02:07.301-0300] {dag.py:3096} INFO - Sync 1 DAGs
[2025-08-15T09:02:07.312-0300] {logging_mixin.py:188} INFO - [2025-08-15T09:02:07.312-0300] {dag.py:3954} INFO - Setting next_dagrun for avisos_coordenador to 2025-08-15 11:30:00+00:00, run_after=2025-08-15 12:00:00+00:00
[2025-08-15T09:02:07.325-0300] {processor.py:183} INFO - Processing /opt/airflow/dags/avisos_coordenador.py took 0.480 seconds
[2025-08-15T09:02:38.061-0300] {processor.py:161} INFO - Started process (PID=302) to work on /opt/airflow/dags/avisos_coordenador.py
[2025-08-15T09:02:38.065-0300] {processor.py:830} INFO - Processing file /opt/airflow/dags/avisos_coordenador.py for tasks to queue
[2025-08-15T09:02:38.067-0300] {logging_mixin.py:188} INFO - [2025-08-15T09:02:38.067-0300] {dagbag.py:545} INFO - Filling up the DagBag from /opt/airflow/dags/avisos_coordenador.py
[2025-08-15T09:02:38.496-0300] {processor.py:840} INFO - DAG(s) 'avisos_coordenador' retrieved from /opt/airflow/dags/avisos_coordenador.py
[2025-08-15T09:02:38.507-0300] {logging_mixin.py:188} INFO - [2025-08-15T09:02:38.506-0300] {dag.py:3096} INFO - Sync 1 DAGs
[2025-08-15T09:02:38.517-0300] {logging_mixin.py:188} INFO - [2025-08-15T09:02:38.517-0300] {dag.py:3954} INFO - Setting next_dagrun for avisos_coordenador to 2025-08-15 11:30:00+00:00, run_after=2025-08-15 12:00:00+00:00
[2025-08-15T09:02:38.531-0300] {processor.py:183} INFO - Processing /opt/airflow/dags/avisos_coordenador.py took 0.478 seconds
[2025-08-15T09:03:09.274-0300] {processor.py:161} INFO - Started process (PID=312) to work on /opt/airflow/dags/avisos_coordenador.py
[2025-08-15T09:03:09.275-0300] {processor.py:830} INFO - Processing file /opt/airflow/dags/avisos_coordenador.py for tasks to queue
[2025-08-15T09:03:09.277-0300] {logging_mixin.py:188} INFO - [2025-08-15T09:03:09.277-0300] {dagbag.py:545} INFO - Filling up the DagBag from /opt/airflow/dags/avisos_coordenador.py
[2025-08-15T09:03:09.727-0300] {processor.py:840} INFO - DAG(s) 'avisos_coordenador' retrieved from /opt/airflow/dags/avisos_coordenador.py
[2025-08-15T09:03:09.737-0300] {logging_mixin.py:188} INFO - [2025-08-15T09:03:09.737-0300] {dag.py:3096} INFO - Sync 1 DAGs
[2025-08-15T09:03:09.749-0300] {logging_mixin.py:188} INFO - [2025-08-15T09:03:09.749-0300] {dag.py:3954} INFO - Setting next_dagrun for avisos_coordenador to 2025-08-15 11:30:00+00:00, run_after=2025-08-15 12:00:00+00:00
[2025-08-15T09:03:09.762-0300] {processor.py:183} INFO - Processing /opt/airflow/dags/avisos_coordenador.py took 0.495 seconds
[2025-08-15T09:03:40.476-0300] {processor.py:161} INFO - Started process (PID=322) to work on /opt/airflow/dags/avisos_coordenador.py
[2025-08-15T09:03:40.480-0300] {processor.py:830} INFO - Processing file /opt/airflow/dags/avisos_coordenador.py for tasks to queue
[2025-08-15T09:03:40.481-0300] {logging_mixin.py:188} INFO - [2025-08-15T09:03:40.481-0300] {dagbag.py:545} INFO - Filling up the DagBag from /opt/airflow/dags/avisos_coordenador.py
[2025-08-15T09:03:40.927-0300] {processor.py:840} INFO - DAG(s) 'avisos_coordenador' retrieved from /opt/airflow/dags/avisos_coordenador.py
[2025-08-15T09:03:40.937-0300] {logging_mixin.py:188} INFO - [2025-08-15T09:03:40.937-0300] {dag.py:3096} INFO - Sync 1 DAGs
[2025-08-15T09:03:40.949-0300] {logging_mixin.py:188} INFO - [2025-08-15T09:03:40.949-0300] {dag.py:3954} INFO - Setting next_dagrun for avisos_coordenador to 2025-08-15 11:30:00+00:00, run_after=2025-08-15 12:00:00+00:00
[2025-08-15T09:03:40.962-0300] {processor.py:183} INFO - Processing /opt/airflow/dags/avisos_coordenador.py took 0.490 seconds
[2025-08-15T09:04:11.790-0300] {processor.py:161} INFO - Started process (PID=342) to work on /opt/airflow/dags/avisos_coordenador.py
[2025-08-15T09:04:11.793-0300] {processor.py:830} INFO - Processing file /opt/airflow/dags/avisos_coordenador.py for tasks to queue
[2025-08-15T09:04:11.795-0300] {logging_mixin.py:188} INFO - [2025-08-15T09:04:11.795-0300] {dagbag.py:545} INFO - Filling up the DagBag from /opt/airflow/dags/avisos_coordenador.py
[2025-08-15T09:04:12.349-0300] {processor.py:840} INFO - DAG(s) 'avisos_coordenador' retrieved from /opt/airflow/dags/avisos_coordenador.py
[2025-08-15T09:04:12.360-0300] {logging_mixin.py:188} INFO - [2025-08-15T09:04:12.360-0300] {dag.py:3096} INFO - Sync 1 DAGs
[2025-08-15T09:04:12.373-0300] {logging_mixin.py:188} INFO - [2025-08-15T09:04:12.372-0300] {dag.py:3954} INFO - Setting next_dagrun for avisos_coordenador to 2025-08-15 11:30:00+00:00, run_after=2025-08-15 12:00:00+00:00
[2025-08-15T09:04:12.384-0300] {processor.py:183} INFO - Processing /opt/airflow/dags/avisos_coordenador.py took 0.599 seconds
[2025-08-15T09:05:57.405-0300] {processor.py:161} INFO - Started process (PID=178) to work on /opt/airflow/dags/avisos_coordenador.py
[2025-08-15T09:05:57.405-0300] {processor.py:830} INFO - Processing file /opt/airflow/dags/avisos_coordenador.py for tasks to queue
[2025-08-15T09:05:57.407-0300] {logging_mixin.py:188} INFO - [2025-08-15T09:05:57.407-0300] {dagbag.py:545} INFO - Filling up the DagBag from /opt/airflow/dags/avisos_coordenador.py
[2025-08-15T09:05:57.902-0300] {logging_mixin.py:188} INFO - [2025-08-15T09:05:57.901-0300] {font_manager.py:1639} INFO - generated new fontManager
[2025-08-15T09:05:58.040-0300] {processor.py:840} INFO - DAG(s) 'avisos_coordenador' retrieved from /opt/airflow/dags/avisos_coordenador.py
[2025-08-15T09:05:58.047-0300] {logging_mixin.py:188} INFO - [2025-08-15T09:05:58.047-0300] {dag.py:3096} INFO - Sync 1 DAGs
[2025-08-15T09:05:58.197-0300] {logging_mixin.py:188} INFO - [2025-08-15T09:05:58.197-0300] {dag.py:3954} INFO - Setting next_dagrun for avisos_coordenador to 2025-08-15 11:30:00+00:00, run_after=2025-08-15 12:00:00+00:00
[2025-08-15T09:05:58.213-0300] {processor.py:183} INFO - Processing /opt/airflow/dags/avisos_coordenador.py took 0.812 seconds
[2025-08-15T09:06:28.597-0300] {processor.py:161} INFO - Started process (PID=192) to work on /opt/airflow/dags/avisos_coordenador.py
[2025-08-15T09:06:28.598-0300] {processor.py:830} INFO - Processing file /opt/airflow/dags/avisos_coordenador.py for tasks to queue
[2025-08-15T09:06:28.600-0300] {logging_mixin.py:188} INFO - [2025-08-15T09:06:28.599-0300] {dagbag.py:545} INFO - Filling up the DagBag from /opt/airflow/dags/avisos_coordenador.py
[2025-08-15T09:06:28.927-0300] {processor.py:840} INFO - DAG(s) 'avisos_coordenador' retrieved from /opt/airflow/dags/avisos_coordenador.py
[2025-08-15T09:06:29.108-0300] {logging_mixin.py:188} INFO - [2025-08-15T09:06:29.107-0300] {dag.py:3096} INFO - Sync 1 DAGs
[2025-08-15T09:06:29.118-0300] {logging_mixin.py:188} INFO - [2025-08-15T09:06:29.118-0300] {dag.py:3954} INFO - Setting next_dagrun for avisos_coordenador to 2025-08-15 11:30:00+00:00, run_after=2025-08-15 12:00:00+00:00
[2025-08-15T09:06:29.131-0300] {processor.py:183} INFO - Processing /opt/airflow/dags/avisos_coordenador.py took 0.541 seconds
[2025-08-15T09:06:59.840-0300] {processor.py:161} INFO - Started process (PID=202) to work on /opt/airflow/dags/avisos_coordenador.py
[2025-08-15T09:06:59.841-0300] {processor.py:830} INFO - Processing file /opt/airflow/dags/avisos_coordenador.py for tasks to queue
[2025-08-15T09:06:59.841-0300] {logging_mixin.py:188} INFO - [2025-08-15T09:06:59.841-0300] {dagbag.py:545} INFO - Filling up the DagBag from /opt/airflow/dags/avisos_coordenador.py
[2025-08-15T09:07:00.314-0300] {processor.py:840} INFO - DAG(s) 'avisos_coordenador' retrieved from /opt/airflow/dags/avisos_coordenador.py
[2025-08-15T09:07:00.324-0300] {logging_mixin.py:188} INFO - [2025-08-15T09:07:00.324-0300] {dag.py:3096} INFO - Sync 1 DAGs
[2025-08-15T09:07:00.335-0300] {logging_mixin.py:188} INFO - [2025-08-15T09:07:00.335-0300] {dag.py:3954} INFO - Setting next_dagrun for avisos_coordenador to 2025-08-15 11:30:00+00:00, run_after=2025-08-15 12:00:00+00:00
[2025-08-15T09:07:00.347-0300] {processor.py:183} INFO - Processing /opt/airflow/dags/avisos_coordenador.py took 0.511 seconds
[2025-08-15T09:07:31.051-0300] {processor.py:161} INFO - Started process (PID=212) to work on /opt/airflow/dags/avisos_coordenador.py
[2025-08-15T09:07:31.051-0300] {processor.py:830} INFO - Processing file /opt/airflow/dags/avisos_coordenador.py for tasks to queue
[2025-08-15T09:07:31.052-0300] {logging_mixin.py:188} INFO - [2025-08-15T09:07:31.052-0300] {dagbag.py:545} INFO - Filling up the DagBag from /opt/airflow/dags/avisos_coordenador.py
[2025-08-15T09:07:31.375-0300] {processor.py:840} INFO - DAG(s) 'avisos_coordenador' retrieved from /opt/airflow/dags/avisos_coordenador.py
[2025-08-15T09:07:31.387-0300] {logging_mixin.py:188} INFO - [2025-08-15T09:07:31.387-0300] {dag.py:3096} INFO - Sync 1 DAGs
[2025-08-15T09:07:31.531-0300] {logging_mixin.py:188} INFO - [2025-08-15T09:07:31.531-0300] {dag.py:3954} INFO - Setting next_dagrun for avisos_coordenador to 2025-08-15 11:30:00+00:00, run_after=2025-08-15 12:00:00+00:00
[2025-08-15T09:07:31.544-0300] {processor.py:183} INFO - Processing /opt/airflow/dags/avisos_coordenador.py took 0.498 seconds
[2025-08-15T09:08:02.258-0300] {processor.py:161} INFO - Started process (PID=222) to work on /opt/airflow/dags/avisos_coordenador.py
[2025-08-15T09:08:02.262-0300] {processor.py:830} INFO - Processing file /opt/airflow/dags/avisos_coordenador.py for tasks to queue
[2025-08-15T09:08:02.263-0300] {logging_mixin.py:188} INFO - [2025-08-15T09:08:02.263-0300] {dagbag.py:545} INFO - Filling up the DagBag from /opt/airflow/dags/avisos_coordenador.py
[2025-08-15T09:08:02.570-0300] {processor.py:840} INFO - DAG(s) 'avisos_coordenador' retrieved from /opt/airflow/dags/avisos_coordenador.py
[2025-08-15T09:08:02.708-0300] {logging_mixin.py:188} INFO - [2025-08-15T09:08:02.708-0300] {dag.py:3096} INFO - Sync 1 DAGs
[2025-08-15T09:08:02.719-0300] {logging_mixin.py:188} INFO - [2025-08-15T09:08:02.719-0300] {dag.py:3954} INFO - Setting next_dagrun for avisos_coordenador to 2025-08-15 11:30:00+00:00, run_after=2025-08-15 12:00:00+00:00
[2025-08-15T09:08:02.729-0300] {processor.py:183} INFO - Processing /opt/airflow/dags/avisos_coordenador.py took 0.478 seconds
[2025-08-15T09:08:33.469-0300] {processor.py:161} INFO - Started process (PID=232) to work on /opt/airflow/dags/avisos_coordenador.py
[2025-08-15T09:08:33.472-0300] {processor.py:830} INFO - Processing file /opt/airflow/dags/avisos_coordenador.py for tasks to queue
[2025-08-15T09:08:33.473-0300] {logging_mixin.py:188} INFO - [2025-08-15T09:08:33.473-0300] {dagbag.py:545} INFO - Filling up the DagBag from /opt/airflow/dags/avisos_coordenador.py
[2025-08-15T09:08:33.907-0300] {processor.py:840} INFO - DAG(s) 'avisos_coordenador' retrieved from /opt/airflow/dags/avisos_coordenador.py
[2025-08-15T09:08:33.918-0300] {logging_mixin.py:188} INFO - [2025-08-15T09:08:33.918-0300] {dag.py:3096} INFO - Sync 1 DAGs
[2025-08-15T09:08:33.932-0300] {logging_mixin.py:188} INFO - [2025-08-15T09:08:33.932-0300] {dag.py:3954} INFO - Setting next_dagrun for avisos_coordenador to 2025-08-15 11:30:00+00:00, run_after=2025-08-15 12:00:00+00:00
[2025-08-15T09:08:33.945-0300] {processor.py:183} INFO - Processing /opt/airflow/dags/avisos_coordenador.py took 0.482 seconds
[2025-08-15T09:09:04.713-0300] {processor.py:161} INFO - Started process (PID=242) to work on /opt/airflow/dags/avisos_coordenador.py
[2025-08-15T09:09:04.716-0300] {processor.py:830} INFO - Processing file /opt/airflow/dags/avisos_coordenador.py for tasks to queue
[2025-08-15T09:09:04.717-0300] {logging_mixin.py:188} INFO - [2025-08-15T09:09:04.716-0300] {dagbag.py:545} INFO - Filling up the DagBag from /opt/airflow/dags/avisos_coordenador.py
[2025-08-15T09:09:05.020-0300] {processor.py:840} INFO - DAG(s) 'avisos_coordenador' retrieved from /opt/airflow/dags/avisos_coordenador.py
[2025-08-15T09:09:05.032-0300] {logging_mixin.py:188} INFO - [2025-08-15T09:09:05.032-0300] {dag.py:3096} INFO - Sync 1 DAGs
[2025-08-15T09:09:05.176-0300] {logging_mixin.py:188} INFO - [2025-08-15T09:09:05.175-0300] {dag.py:3954} INFO - Setting next_dagrun for avisos_coordenador to 2025-08-15 11:30:00+00:00, run_after=2025-08-15 12:00:00+00:00
[2025-08-15T09:09:05.186-0300] {processor.py:183} INFO - Processing /opt/airflow/dags/avisos_coordenador.py took 0.478 seconds
[2025-08-15T09:09:35.898-0300] {processor.py:161} INFO - Started process (PID=252) to work on /opt/airflow/dags/avisos_coordenador.py
[2025-08-15T09:09:35.901-0300] {processor.py:830} INFO - Processing file /opt/airflow/dags/avisos_coordenador.py for tasks to queue
[2025-08-15T09:09:35.902-0300] {logging_mixin.py:188} INFO - [2025-08-15T09:09:35.902-0300] {dagbag.py:545} INFO - Filling up the DagBag from /opt/airflow/dags/avisos_coordenador.py
[2025-08-15T09:09:36.362-0300] {processor.py:840} INFO - DAG(s) 'avisos_coordenador' retrieved from /opt/airflow/dags/avisos_coordenador.py
[2025-08-15T09:09:36.373-0300] {logging_mixin.py:188} INFO - [2025-08-15T09:09:36.373-0300] {dag.py:3096} INFO - Sync 1 DAGs
[2025-08-15T09:09:36.384-0300] {logging_mixin.py:188} INFO - [2025-08-15T09:09:36.384-0300] {dag.py:3954} INFO - Setting next_dagrun for avisos_coordenador to 2025-08-15 11:30:00+00:00, run_after=2025-08-15 12:00:00+00:00
[2025-08-15T09:09:36.394-0300] {processor.py:183} INFO - Processing /opt/airflow/dags/avisos_coordenador.py took 0.500 seconds
[2025-08-15T09:10:07.092-0300] {processor.py:161} INFO - Started process (PID=262) to work on /opt/airflow/dags/avisos_coordenador.py
[2025-08-15T09:10:07.092-0300] {processor.py:830} INFO - Processing file /opt/airflow/dags/avisos_coordenador.py for tasks to queue
[2025-08-15T09:10:07.093-0300] {logging_mixin.py:188} INFO - [2025-08-15T09:10:07.093-0300] {dagbag.py:545} INFO - Filling up the DagBag from /opt/airflow/dags/avisos_coordenador.py
[2025-08-15T09:10:07.567-0300] {processor.py:840} INFO - DAG(s) 'avisos_coordenador' retrieved from /opt/airflow/dags/avisos_coordenador.py
[2025-08-15T09:10:07.577-0300] {logging_mixin.py:188} INFO - [2025-08-15T09:10:07.577-0300] {dag.py:3096} INFO - Sync 1 DAGs
[2025-08-15T09:10:07.590-0300] {logging_mixin.py:188} INFO - [2025-08-15T09:10:07.590-0300] {dag.py:3954} INFO - Setting next_dagrun for avisos_coordenador to 2025-08-15 11:30:00+00:00, run_after=2025-08-15 12:00:00+00:00
[2025-08-15T09:10:07.603-0300] {processor.py:183} INFO - Processing /opt/airflow/dags/avisos_coordenador.py took 0.518 seconds
[2025-08-15T09:10:38.305-0300] {processor.py:161} INFO - Started process (PID=272) to work on /opt/airflow/dags/avisos_coordenador.py
[2025-08-15T09:10:38.307-0300] {processor.py:830} INFO - Processing file /opt/airflow/dags/avisos_coordenador.py for tasks to queue
[2025-08-15T09:10:38.307-0300] {logging_mixin.py:188} INFO - [2025-08-15T09:10:38.307-0300] {dagbag.py:545} INFO - Filling up the DagBag from /opt/airflow/dags/avisos_coordenador.py
[2025-08-15T09:10:38.610-0300] {processor.py:840} INFO - DAG(s) 'avisos_coordenador' retrieved from /opt/airflow/dags/avisos_coordenador.py
[2025-08-15T09:10:38.746-0300] {logging_mixin.py:188} INFO - [2025-08-15T09:10:38.746-0300] {dag.py:3096} INFO - Sync 1 DAGs
[2025-08-15T09:10:38.757-0300] {logging_mixin.py:188} INFO - [2025-08-15T09:10:38.757-0300] {dag.py:3954} INFO - Setting next_dagrun for avisos_coordenador to 2025-08-15 11:30:00+00:00, run_after=2025-08-15 12:00:00+00:00
[2025-08-15T09:10:38.769-0300] {processor.py:183} INFO - Processing /opt/airflow/dags/avisos_coordenador.py took 0.469 seconds
[2025-08-15T09:11:09.544-0300] {processor.py:161} INFO - Started process (PID=282) to work on /opt/airflow/dags/avisos_coordenador.py
[2025-08-15T09:11:09.547-0300] {processor.py:830} INFO - Processing file /opt/airflow/dags/avisos_coordenador.py for tasks to queue
[2025-08-15T09:11:09.548-0300] {logging_mixin.py:188} INFO - [2025-08-15T09:11:09.548-0300] {dagbag.py:545} INFO - Filling up the DagBag from /opt/airflow/dags/avisos_coordenador.py
[2025-08-15T09:11:09.980-0300] {processor.py:840} INFO - DAG(s) 'avisos_coordenador' retrieved from /opt/airflow/dags/avisos_coordenador.py
[2025-08-15T09:11:09.990-0300] {logging_mixin.py:188} INFO - [2025-08-15T09:11:09.990-0300] {dag.py:3096} INFO - Sync 1 DAGs
[2025-08-15T09:11:10.001-0300] {logging_mixin.py:188} INFO - [2025-08-15T09:11:10.001-0300] {dag.py:3954} INFO - Setting next_dagrun for avisos_coordenador to 2025-08-15 11:30:00+00:00, run_after=2025-08-15 12:00:00+00:00
[2025-08-15T09:11:10.013-0300] {processor.py:183} INFO - Processing /opt/airflow/dags/avisos_coordenador.py took 0.475 seconds
[2025-08-15T09:11:40.752-0300] {processor.py:161} INFO - Started process (PID=292) to work on /opt/airflow/dags/avisos_coordenador.py
[2025-08-15T09:11:40.755-0300] {processor.py:830} INFO - Processing file /opt/airflow/dags/avisos_coordenador.py for tasks to queue
[2025-08-15T09:11:40.756-0300] {logging_mixin.py:188} INFO - [2025-08-15T09:11:40.756-0300] {dagbag.py:545} INFO - Filling up the DagBag from /opt/airflow/dags/avisos_coordenador.py
[2025-08-15T09:11:41.064-0300] {processor.py:840} INFO - DAG(s) 'avisos_coordenador' retrieved from /opt/airflow/dags/avisos_coordenador.py
[2025-08-15T09:11:41.203-0300] {logging_mixin.py:188} INFO - [2025-08-15T09:11:41.203-0300] {dag.py:3096} INFO - Sync 1 DAGs
[2025-08-15T09:11:41.214-0300] {logging_mixin.py:188} INFO - [2025-08-15T09:11:41.214-0300] {dag.py:3954} INFO - Setting next_dagrun for avisos_coordenador to 2025-08-15 11:30:00+00:00, run_after=2025-08-15 12:00:00+00:00
[2025-08-15T09:11:41.227-0300] {processor.py:183} INFO - Processing /opt/airflow/dags/avisos_coordenador.py took 0.480 seconds
[2025-08-15T09:12:11.956-0300] {processor.py:161} INFO - Started process (PID=302) to work on /opt/airflow/dags/avisos_coordenador.py
[2025-08-15T09:12:11.959-0300] {processor.py:830} INFO - Processing file /opt/airflow/dags/avisos_coordenador.py for tasks to queue
[2025-08-15T09:12:11.960-0300] {logging_mixin.py:188} INFO - [2025-08-15T09:12:11.960-0300] {dagbag.py:545} INFO - Filling up the DagBag from /opt/airflow/dags/avisos_coordenador.py
[2025-08-15T09:12:12.396-0300] {processor.py:840} INFO - DAG(s) 'avisos_coordenador' retrieved from /opt/airflow/dags/avisos_coordenador.py
[2025-08-15T09:12:12.407-0300] {logging_mixin.py:188} INFO - [2025-08-15T09:12:12.406-0300] {dag.py:3096} INFO - Sync 1 DAGs
[2025-08-15T09:12:12.417-0300] {logging_mixin.py:188} INFO - [2025-08-15T09:12:12.417-0300] {dag.py:3954} INFO - Setting next_dagrun for avisos_coordenador to 2025-08-15 11:30:00+00:00, run_after=2025-08-15 12:00:00+00:00
[2025-08-15T09:12:12.431-0300] {processor.py:183} INFO - Processing /opt/airflow/dags/avisos_coordenador.py took 0.481 seconds
[2025-08-15T09:12:43.161-0300] {processor.py:161} INFO - Started process (PID=312) to work on /opt/airflow/dags/avisos_coordenador.py
[2025-08-15T09:12:43.162-0300] {processor.py:830} INFO - Processing file /opt/airflow/dags/avisos_coordenador.py for tasks to queue
[2025-08-15T09:12:43.162-0300] {logging_mixin.py:188} INFO - [2025-08-15T09:12:43.162-0300] {dagbag.py:545} INFO - Filling up the DagBag from /opt/airflow/dags/avisos_coordenador.py
[2025-08-15T09:12:43.620-0300] {processor.py:840} INFO - DAG(s) 'avisos_coordenador' retrieved from /opt/airflow/dags/avisos_coordenador.py
[2025-08-15T09:12:43.632-0300] {logging_mixin.py:188} INFO - [2025-08-15T09:12:43.632-0300] {dag.py:3096} INFO - Sync 1 DAGs
[2025-08-15T09:12:43.648-0300] {logging_mixin.py:188} INFO - [2025-08-15T09:12:43.647-0300] {dag.py:3954} INFO - Setting next_dagrun for avisos_coordenador to 2025-08-15 11:30:00+00:00, run_after=2025-08-15 12:00:00+00:00
[2025-08-15T09:12:43.659-0300] {processor.py:183} INFO - Processing /opt/airflow/dags/avisos_coordenador.py took 0.505 seconds
[2025-08-15T09:13:14.329-0300] {processor.py:161} INFO - Started process (PID=322) to work on /opt/airflow/dags/avisos_coordenador.py
[2025-08-15T09:13:14.330-0300] {processor.py:830} INFO - Processing file /opt/airflow/dags/avisos_coordenador.py for tasks to queue
[2025-08-15T09:13:14.330-0300] {logging_mixin.py:188} INFO - [2025-08-15T09:13:14.330-0300] {dagbag.py:545} INFO - Filling up the DagBag from /opt/airflow/dags/avisos_coordenador.py
[2025-08-15T09:13:14.784-0300] {processor.py:840} INFO - DAG(s) 'avisos_coordenador' retrieved from /opt/airflow/dags/avisos_coordenador.py
[2025-08-15T09:13:14.795-0300] {logging_mixin.py:188} INFO - [2025-08-15T09:13:14.794-0300] {dag.py:3096} INFO - Sync 1 DAGs
[2025-08-15T09:13:14.806-0300] {logging_mixin.py:188} INFO - [2025-08-15T09:13:14.806-0300] {dag.py:3954} INFO - Setting next_dagrun for avisos_coordenador to 2025-08-15 11:30:00+00:00, run_after=2025-08-15 12:00:00+00:00
[2025-08-15T09:13:14.815-0300] {processor.py:183} INFO - Processing /opt/airflow/dags/avisos_coordenador.py took 0.490 seconds
[2025-08-15T09:13:45.534-0300] {processor.py:161} INFO - Started process (PID=332) to work on /opt/airflow/dags/avisos_coordenador.py
[2025-08-15T09:13:45.537-0300] {processor.py:830} INFO - Processing file /opt/airflow/dags/avisos_coordenador.py for tasks to queue
[2025-08-15T09:13:45.538-0300] {logging_mixin.py:188} INFO - [2025-08-15T09:13:45.538-0300] {dagbag.py:545} INFO - Filling up the DagBag from /opt/airflow/dags/avisos_coordenador.py
[2025-08-15T09:13:45.974-0300] {processor.py:840} INFO - DAG(s) 'avisos_coordenador' retrieved from /opt/airflow/dags/avisos_coordenador.py
[2025-08-15T09:13:45.984-0300] {logging_mixin.py:188} INFO - [2025-08-15T09:13:45.983-0300] {dag.py:3096} INFO - Sync 1 DAGs
[2025-08-15T09:13:45.995-0300] {logging_mixin.py:188} INFO - [2025-08-15T09:13:45.995-0300] {dag.py:3954} INFO - Setting next_dagrun for avisos_coordenador to 2025-08-15 11:30:00+00:00, run_after=2025-08-15 12:00:00+00:00
[2025-08-15T09:13:46.008-0300] {processor.py:183} INFO - Processing /opt/airflow/dags/avisos_coordenador.py took 0.479 seconds
[2025-08-15T09:14:16.739-0300] {processor.py:161} INFO - Started process (PID=342) to work on /opt/airflow/dags/avisos_coordenador.py
[2025-08-15T09:14:16.742-0300] {processor.py:830} INFO - Processing file /opt/airflow/dags/avisos_coordenador.py for tasks to queue
[2025-08-15T09:14:16.742-0300] {logging_mixin.py:188} INFO - [2025-08-15T09:14:16.742-0300] {dagbag.py:545} INFO - Filling up the DagBag from /opt/airflow/dags/avisos_coordenador.py
[2025-08-15T09:14:17.045-0300] {processor.py:840} INFO - DAG(s) 'avisos_coordenador' retrieved from /opt/airflow/dags/avisos_coordenador.py
[2025-08-15T09:14:17.183-0300] {logging_mixin.py:188} INFO - [2025-08-15T09:14:17.183-0300] {dag.py:3096} INFO - Sync 1 DAGs
[2025-08-15T09:14:17.194-0300] {logging_mixin.py:188} INFO - [2025-08-15T09:14:17.193-0300] {dag.py:3954} INFO - Setting next_dagrun for avisos_coordenador to 2025-08-15 11:30:00+00:00, run_after=2025-08-15 12:00:00+00:00
[2025-08-15T09:14:17.204-0300] {processor.py:183} INFO - Processing /opt/airflow/dags/avisos_coordenador.py took 0.470 seconds
[2025-08-15T09:14:47.935-0300] {processor.py:161} INFO - Started process (PID=352) to work on /opt/airflow/dags/avisos_coordenador.py
[2025-08-15T09:14:47.936-0300] {processor.py:830} INFO - Processing file /opt/airflow/dags/avisos_coordenador.py for tasks to queue
[2025-08-15T09:14:47.937-0300] {logging_mixin.py:188} INFO - [2025-08-15T09:14:47.937-0300] {dagbag.py:545} INFO - Filling up the DagBag from /opt/airflow/dags/avisos_coordenador.py
[2025-08-15T09:14:48.379-0300] {processor.py:840} INFO - DAG(s) 'avisos_coordenador' retrieved from /opt/airflow/dags/avisos_coordenador.py
[2025-08-15T09:14:48.389-0300] {logging_mixin.py:188} INFO - [2025-08-15T09:14:48.389-0300] {dag.py:3096} INFO - Sync 1 DAGs
[2025-08-15T09:14:48.400-0300] {logging_mixin.py:188} INFO - [2025-08-15T09:14:48.400-0300] {dag.py:3954} INFO - Setting next_dagrun for avisos_coordenador to 2025-08-15 11:30:00+00:00, run_after=2025-08-15 12:00:00+00:00
[2025-08-15T09:14:48.413-0300] {processor.py:183} INFO - Processing /opt/airflow/dags/avisos_coordenador.py took 0.484 seconds
[2025-08-15T09:15:19.152-0300] {processor.py:161} INFO - Started process (PID=362) to work on /opt/airflow/dags/avisos_coordenador.py
[2025-08-15T09:15:19.156-0300] {processor.py:830} INFO - Processing file /opt/airflow/dags/avisos_coordenador.py for tasks to queue
[2025-08-15T09:15:19.158-0300] {logging_mixin.py:188} INFO - [2025-08-15T09:15:19.157-0300] {dagbag.py:545} INFO - Filling up the DagBag from /opt/airflow/dags/avisos_coordenador.py
[2025-08-15T09:15:19.630-0300] {processor.py:840} INFO - DAG(s) 'avisos_coordenador' retrieved from /opt/airflow/dags/avisos_coordenador.py
[2025-08-15T09:15:19.641-0300] {logging_mixin.py:188} INFO - [2025-08-15T09:15:19.641-0300] {dag.py:3096} INFO - Sync 1 DAGs
[2025-08-15T09:15:19.653-0300] {logging_mixin.py:188} INFO - [2025-08-15T09:15:19.653-0300] {dag.py:3954} INFO - Setting next_dagrun for avisos_coordenador to 2025-08-15 11:30:00+00:00, run_after=2025-08-15 12:00:00+00:00
[2025-08-15T09:15:19.666-0300] {processor.py:183} INFO - Processing /opt/airflow/dags/avisos_coordenador.py took 0.522 seconds
[2025-08-15T09:15:50.354-0300] {processor.py:161} INFO - Started process (PID=372) to work on /opt/airflow/dags/avisos_coordenador.py
[2025-08-15T09:15:50.354-0300] {processor.py:830} INFO - Processing file /opt/airflow/dags/avisos_coordenador.py for tasks to queue
[2025-08-15T09:15:50.355-0300] {logging_mixin.py:188} INFO - [2025-08-15T09:15:50.355-0300] {dagbag.py:545} INFO - Filling up the DagBag from /opt/airflow/dags/avisos_coordenador.py
[2025-08-15T09:15:50.782-0300] {processor.py:840} INFO - DAG(s) 'avisos_coordenador' retrieved from /opt/airflow/dags/avisos_coordenador.py
[2025-08-15T09:15:50.792-0300] {logging_mixin.py:188} INFO - [2025-08-15T09:15:50.791-0300] {dag.py:3096} INFO - Sync 1 DAGs
[2025-08-15T09:15:50.802-0300] {logging_mixin.py:188} INFO - [2025-08-15T09:15:50.802-0300] {dag.py:3954} INFO - Setting next_dagrun for avisos_coordenador to 2025-08-15 11:30:00+00:00, run_after=2025-08-15 12:00:00+00:00
[2025-08-15T09:15:50.810-0300] {processor.py:183} INFO - Processing /opt/airflow/dags/avisos_coordenador.py took 0.461 seconds
[2025-08-15T09:16:21.575-0300] {processor.py:161} INFO - Started process (PID=382) to work on /opt/airflow/dags/avisos_coordenador.py
[2025-08-15T09:16:21.579-0300] {processor.py:830} INFO - Processing file /opt/airflow/dags/avisos_coordenador.py for tasks to queue
[2025-08-15T09:16:21.579-0300] {logging_mixin.py:188} INFO - [2025-08-15T09:16:21.579-0300] {dagbag.py:545} INFO - Filling up the DagBag from /opt/airflow/dags/avisos_coordenador.py
[2025-08-15T09:16:22.010-0300] {processor.py:840} INFO - DAG(s) 'avisos_coordenador' retrieved from /opt/airflow/dags/avisos_coordenador.py
[2025-08-15T09:16:22.019-0300] {logging_mixin.py:188} INFO - [2025-08-15T09:16:22.019-0300] {dag.py:3096} INFO - Sync 1 DAGs
[2025-08-15T09:16:22.031-0300] {logging_mixin.py:188} INFO - [2025-08-15T09:16:22.031-0300] {dag.py:3954} INFO - Setting next_dagrun for avisos_coordenador to 2025-08-15 11:30:00+00:00, run_after=2025-08-15 12:00:00+00:00
[2025-08-15T09:16:22.044-0300] {processor.py:183} INFO - Processing /opt/airflow/dags/avisos_coordenador.py took 0.473 seconds
[2025-08-15T09:16:52.775-0300] {processor.py:161} INFO - Started process (PID=392) to work on /opt/airflow/dags/avisos_coordenador.py
[2025-08-15T09:16:52.776-0300] {processor.py:830} INFO - Processing file /opt/airflow/dags/avisos_coordenador.py for tasks to queue
[2025-08-15T09:16:52.776-0300] {logging_mixin.py:188} INFO - [2025-08-15T09:16:52.776-0300] {dagbag.py:545} INFO - Filling up the DagBag from /opt/airflow/dags/avisos_coordenador.py
[2025-08-15T09:16:53.200-0300] {processor.py:840} INFO - DAG(s) 'avisos_coordenador' retrieved from /opt/airflow/dags/avisos_coordenador.py
[2025-08-15T09:16:53.211-0300] {logging_mixin.py:188} INFO - [2025-08-15T09:16:53.211-0300] {dag.py:3096} INFO - Sync 1 DAGs
[2025-08-15T09:16:53.221-0300] {logging_mixin.py:188} INFO - [2025-08-15T09:16:53.221-0300] {dag.py:3954} INFO - Setting next_dagrun for avisos_coordenador to 2025-08-15 11:30:00+00:00, run_after=2025-08-15 12:00:00+00:00
[2025-08-15T09:16:53.234-0300] {processor.py:183} INFO - Processing /opt/airflow/dags/avisos_coordenador.py took 0.464 seconds
[2025-08-15T09:17:23.956-0300] {processor.py:161} INFO - Started process (PID=402) to work on /opt/airflow/dags/avisos_coordenador.py
[2025-08-15T09:17:23.959-0300] {processor.py:830} INFO - Processing file /opt/airflow/dags/avisos_coordenador.py for tasks to queue
[2025-08-15T09:17:23.960-0300] {logging_mixin.py:188} INFO - [2025-08-15T09:17:23.960-0300] {dagbag.py:545} INFO - Filling up the DagBag from /opt/airflow/dags/avisos_coordenador.py
[2025-08-15T09:17:24.422-0300] {processor.py:840} INFO - DAG(s) 'avisos_coordenador' retrieved from /opt/airflow/dags/avisos_coordenador.py
[2025-08-15T09:17:24.432-0300] {logging_mixin.py:188} INFO - [2025-08-15T09:17:24.432-0300] {dag.py:3096} INFO - Sync 1 DAGs
[2025-08-15T09:17:24.443-0300] {logging_mixin.py:188} INFO - [2025-08-15T09:17:24.443-0300] {dag.py:3954} INFO - Setting next_dagrun for avisos_coordenador to 2025-08-15 11:30:00+00:00, run_after=2025-08-15 12:00:00+00:00
[2025-08-15T09:17:24.455-0300] {processor.py:183} INFO - Processing /opt/airflow/dags/avisos_coordenador.py took 0.505 seconds
[2025-08-15T09:17:55.157-0300] {processor.py:161} INFO - Started process (PID=412) to work on /opt/airflow/dags/avisos_coordenador.py
[2025-08-15T09:17:55.157-0300] {processor.py:830} INFO - Processing file /opt/airflow/dags/avisos_coordenador.py for tasks to queue
[2025-08-15T09:17:55.158-0300] {logging_mixin.py:188} INFO - [2025-08-15T09:17:55.158-0300] {dagbag.py:545} INFO - Filling up the DagBag from /opt/airflow/dags/avisos_coordenador.py
[2025-08-15T09:17:55.646-0300] {processor.py:840} INFO - DAG(s) 'avisos_coordenador' retrieved from /opt/airflow/dags/avisos_coordenador.py
[2025-08-15T09:17:55.656-0300] {logging_mixin.py:188} INFO - [2025-08-15T09:17:55.656-0300] {dag.py:3096} INFO - Sync 1 DAGs
[2025-08-15T09:17:55.668-0300] {logging_mixin.py:188} INFO - [2025-08-15T09:17:55.668-0300] {dag.py:3954} INFO - Setting next_dagrun for avisos_coordenador to 2025-08-15 11:30:00+00:00, run_after=2025-08-15 12:00:00+00:00
[2025-08-15T09:17:55.676-0300] {processor.py:183} INFO - Processing /opt/airflow/dags/avisos_coordenador.py took 0.526 seconds
[2025-08-15T09:18:26.352-0300] {processor.py:161} INFO - Started process (PID=422) to work on /opt/airflow/dags/avisos_coordenador.py
[2025-08-15T09:18:26.353-0300] {processor.py:830} INFO - Processing file /opt/airflow/dags/avisos_coordenador.py for tasks to queue
[2025-08-15T09:18:26.353-0300] {logging_mixin.py:188} INFO - [2025-08-15T09:18:26.353-0300] {dagbag.py:545} INFO - Filling up the DagBag from /opt/airflow/dags/avisos_coordenador.py
[2025-08-15T09:18:26.780-0300] {processor.py:840} INFO - DAG(s) 'avisos_coordenador' retrieved from /opt/airflow/dags/avisos_coordenador.py
[2025-08-15T09:18:26.790-0300] {logging_mixin.py:188} INFO - [2025-08-15T09:18:26.790-0300] {dag.py:3096} INFO - Sync 1 DAGs
[2025-08-15T09:18:26.801-0300] {logging_mixin.py:188} INFO - [2025-08-15T09:18:26.801-0300] {dag.py:3954} INFO - Setting next_dagrun for avisos_coordenador to 2025-08-15 11:30:00+00:00, run_after=2025-08-15 12:00:00+00:00
[2025-08-15T09:18:26.813-0300] {processor.py:183} INFO - Processing /opt/airflow/dags/avisos_coordenador.py took 0.466 seconds
[2025-08-15T09:18:57.565-0300] {processor.py:161} INFO - Started process (PID=432) to work on /opt/airflow/dags/avisos_coordenador.py
[2025-08-15T09:18:57.566-0300] {processor.py:830} INFO - Processing file /opt/airflow/dags/avisos_coordenador.py for tasks to queue
[2025-08-15T09:18:57.566-0300] {logging_mixin.py:188} INFO - [2025-08-15T09:18:57.566-0300] {dagbag.py:545} INFO - Filling up the DagBag from /opt/airflow/dags/avisos_coordenador.py
[2025-08-15T09:18:57.999-0300] {processor.py:840} INFO - DAG(s) 'avisos_coordenador' retrieved from /opt/airflow/dags/avisos_coordenador.py
[2025-08-15T09:18:58.009-0300] {logging_mixin.py:188} INFO - [2025-08-15T09:18:58.009-0300] {dag.py:3096} INFO - Sync 1 DAGs
[2025-08-15T09:18:58.020-0300] {logging_mixin.py:188} INFO - [2025-08-15T09:18:58.020-0300] {dag.py:3954} INFO - Setting next_dagrun for avisos_coordenador to 2025-08-15 11:30:00+00:00, run_after=2025-08-15 12:00:00+00:00
[2025-08-15T09:18:58.029-0300] {processor.py:183} INFO - Processing /opt/airflow/dags/avisos_coordenador.py took 0.471 seconds
[2025-08-15T09:19:28.754-0300] {processor.py:161} INFO - Started process (PID=442) to work on /opt/airflow/dags/avisos_coordenador.py
[2025-08-15T09:19:28.754-0300] {processor.py:830} INFO - Processing file /opt/airflow/dags/avisos_coordenador.py for tasks to queue
[2025-08-15T09:19:28.755-0300] {logging_mixin.py:188} INFO - [2025-08-15T09:19:28.755-0300] {dagbag.py:545} INFO - Filling up the DagBag from /opt/airflow/dags/avisos_coordenador.py
[2025-08-15T09:19:29.185-0300] {processor.py:840} INFO - DAG(s) 'avisos_coordenador' retrieved from /opt/airflow/dags/avisos_coordenador.py
[2025-08-15T09:19:29.195-0300] {logging_mixin.py:188} INFO - [2025-08-15T09:19:29.195-0300] {dag.py:3096} INFO - Sync 1 DAGs
[2025-08-15T09:19:29.205-0300] {logging_mixin.py:188} INFO - [2025-08-15T09:19:29.205-0300] {dag.py:3954} INFO - Setting next_dagrun for avisos_coordenador to 2025-08-15 11:30:00+00:00, run_after=2025-08-15 12:00:00+00:00
[2025-08-15T09:19:29.218-0300] {processor.py:183} INFO - Processing /opt/airflow/dags/avisos_coordenador.py took 0.469 seconds
[2025-08-15T09:19:59.948-0300] {processor.py:161} INFO - Started process (PID=452) to work on /opt/airflow/dags/avisos_coordenador.py
[2025-08-15T09:19:59.952-0300] {processor.py:830} INFO - Processing file /opt/airflow/dags/avisos_coordenador.py for tasks to queue
[2025-08-15T09:19:59.952-0300] {logging_mixin.py:188} INFO - [2025-08-15T09:19:59.952-0300] {dagbag.py:545} INFO - Filling up the DagBag from /opt/airflow/dags/avisos_coordenador.py
[2025-08-15T09:20:00.385-0300] {processor.py:840} INFO - DAG(s) 'avisos_coordenador' retrieved from /opt/airflow/dags/avisos_coordenador.py
[2025-08-15T09:20:00.395-0300] {logging_mixin.py:188} INFO - [2025-08-15T09:20:00.395-0300] {dag.py:3096} INFO - Sync 1 DAGs
[2025-08-15T09:20:00.405-0300] {logging_mixin.py:188} INFO - [2025-08-15T09:20:00.405-0300] {dag.py:3954} INFO - Setting next_dagrun for avisos_coordenador to 2025-08-15 11:30:00+00:00, run_after=2025-08-15 12:00:00+00:00
[2025-08-15T09:20:00.418-0300] {processor.py:183} INFO - Processing /opt/airflow/dags/avisos_coordenador.py took 0.475 seconds
[2025-08-15T09:20:31.137-0300] {processor.py:161} INFO - Started process (PID=462) to work on /opt/airflow/dags/avisos_coordenador.py
[2025-08-15T09:20:31.138-0300] {processor.py:830} INFO - Processing file /opt/airflow/dags/avisos_coordenador.py for tasks to queue
[2025-08-15T09:20:31.138-0300] {logging_mixin.py:188} INFO - [2025-08-15T09:20:31.138-0300] {dagbag.py:545} INFO - Filling up the DagBag from /opt/airflow/dags/avisos_coordenador.py
[2025-08-15T09:20:31.566-0300] {processor.py:840} INFO - DAG(s) 'avisos_coordenador' retrieved from /opt/airflow/dags/avisos_coordenador.py
[2025-08-15T09:20:31.577-0300] {logging_mixin.py:188} INFO - [2025-08-15T09:20:31.577-0300] {dag.py:3096} INFO - Sync 1 DAGs
[2025-08-15T09:20:31.587-0300] {logging_mixin.py:188} INFO - [2025-08-15T09:20:31.587-0300] {dag.py:3954} INFO - Setting next_dagrun for avisos_coordenador to 2025-08-15 11:30:00+00:00, run_after=2025-08-15 12:00:00+00:00
[2025-08-15T09:20:31.600-0300] {processor.py:183} INFO - Processing /opt/airflow/dags/avisos_coordenador.py took 0.468 seconds
[2025-08-15T09:21:02.313-0300] {processor.py:161} INFO - Started process (PID=472) to work on /opt/airflow/dags/avisos_coordenador.py
[2025-08-15T09:21:02.316-0300] {processor.py:830} INFO - Processing file /opt/airflow/dags/avisos_coordenador.py for tasks to queue
[2025-08-15T09:21:02.317-0300] {logging_mixin.py:188} INFO - [2025-08-15T09:21:02.317-0300] {dagbag.py:545} INFO - Filling up the DagBag from /opt/airflow/dags/avisos_coordenador.py
[2025-08-15T09:21:02.752-0300] {processor.py:840} INFO - DAG(s) 'avisos_coordenador' retrieved from /opt/airflow/dags/avisos_coordenador.py
[2025-08-15T09:21:02.762-0300] {logging_mixin.py:188} INFO - [2025-08-15T09:21:02.762-0300] {dag.py:3096} INFO - Sync 1 DAGs
[2025-08-15T09:21:02.773-0300] {logging_mixin.py:188} INFO - [2025-08-15T09:21:02.773-0300] {dag.py:3954} INFO - Setting next_dagrun for avisos_coordenador to 2025-08-15 11:30:00+00:00, run_after=2025-08-15 12:00:00+00:00
[2025-08-15T09:21:02.781-0300] {processor.py:183} INFO - Processing /opt/airflow/dags/avisos_coordenador.py took 0.473 seconds
[2025-08-15T09:21:33.517-0300] {processor.py:161} INFO - Started process (PID=485) to work on /opt/airflow/dags/avisos_coordenador.py
[2025-08-15T09:21:33.518-0300] {processor.py:830} INFO - Processing file /opt/airflow/dags/avisos_coordenador.py for tasks to queue
[2025-08-15T09:21:33.518-0300] {logging_mixin.py:188} INFO - [2025-08-15T09:21:33.518-0300] {dagbag.py:545} INFO - Filling up the DagBag from /opt/airflow/dags/avisos_coordenador.py
[2025-08-15T09:21:33.956-0300] {processor.py:840} INFO - DAG(s) 'avisos_coordenador' retrieved from /opt/airflow/dags/avisos_coordenador.py
[2025-08-15T09:21:33.966-0300] {logging_mixin.py:188} INFO - [2025-08-15T09:21:33.966-0300] {dag.py:3096} INFO - Sync 1 DAGs
[2025-08-15T09:21:33.978-0300] {logging_mixin.py:188} INFO - [2025-08-15T09:21:33.978-0300] {dag.py:3954} INFO - Setting next_dagrun for avisos_coordenador to 2025-08-15 11:30:00+00:00, run_after=2025-08-15 12:00:00+00:00
[2025-08-15T09:21:33.987-0300] {processor.py:183} INFO - Processing /opt/airflow/dags/avisos_coordenador.py took 0.473 seconds
[2025-08-15T09:22:04.745-0300] {processor.py:161} INFO - Started process (PID=497) to work on /opt/airflow/dags/avisos_coordenador.py
[2025-08-15T09:22:04.748-0300] {processor.py:830} INFO - Processing file /opt/airflow/dags/avisos_coordenador.py for tasks to queue
[2025-08-15T09:22:04.749-0300] {logging_mixin.py:188} INFO - [2025-08-15T09:22:04.749-0300] {dagbag.py:545} INFO - Filling up the DagBag from /opt/airflow/dags/avisos_coordenador.py
[2025-08-15T09:22:05.182-0300] {processor.py:840} INFO - DAG(s) 'avisos_coordenador' retrieved from /opt/airflow/dags/avisos_coordenador.py
[2025-08-15T09:22:05.192-0300] {logging_mixin.py:188} INFO - [2025-08-15T09:22:05.192-0300] {dag.py:3096} INFO - Sync 1 DAGs
[2025-08-15T09:22:05.203-0300] {logging_mixin.py:188} INFO - [2025-08-15T09:22:05.203-0300] {dag.py:3954} INFO - Setting next_dagrun for avisos_coordenador to 2025-08-15 11:30:00+00:00, run_after=2025-08-15 12:00:00+00:00
[2025-08-15T09:22:05.215-0300] {processor.py:183} INFO - Processing /opt/airflow/dags/avisos_coordenador.py took 0.479 seconds
[2025-08-15T09:22:35.952-0300] {processor.py:161} INFO - Started process (PID=507) to work on /opt/airflow/dags/avisos_coordenador.py
[2025-08-15T09:22:35.953-0300] {processor.py:830} INFO - Processing file /opt/airflow/dags/avisos_coordenador.py for tasks to queue
[2025-08-15T09:22:35.954-0300] {logging_mixin.py:188} INFO - [2025-08-15T09:22:35.954-0300] {dagbag.py:545} INFO - Filling up the DagBag from /opt/airflow/dags/avisos_coordenador.py
[2025-08-15T09:22:36.390-0300] {processor.py:840} INFO - DAG(s) 'avisos_coordenador' retrieved from /opt/airflow/dags/avisos_coordenador.py
[2025-08-15T09:22:36.400-0300] {logging_mixin.py:188} INFO - [2025-08-15T09:22:36.400-0300] {dag.py:3096} INFO - Sync 1 DAGs
[2025-08-15T09:22:36.411-0300] {logging_mixin.py:188} INFO - [2025-08-15T09:22:36.411-0300] {dag.py:3954} INFO - Setting next_dagrun for avisos_coordenador to 2025-08-15 11:30:00+00:00, run_after=2025-08-15 12:00:00+00:00
[2025-08-15T09:22:36.424-0300] {processor.py:183} INFO - Processing /opt/airflow/dags/avisos_coordenador.py took 0.479 seconds
[2025-08-15T09:23:07.158-0300] {processor.py:161} INFO - Started process (PID=517) to work on /opt/airflow/dags/avisos_coordenador.py
[2025-08-15T09:23:07.161-0300] {processor.py:830} INFO - Processing file /opt/airflow/dags/avisos_coordenador.py for tasks to queue
[2025-08-15T09:23:07.162-0300] {logging_mixin.py:188} INFO - [2025-08-15T09:23:07.161-0300] {dagbag.py:545} INFO - Filling up the DagBag from /opt/airflow/dags/avisos_coordenador.py
[2025-08-15T09:23:07.592-0300] {processor.py:840} INFO - DAG(s) 'avisos_coordenador' retrieved from /opt/airflow/dags/avisos_coordenador.py
[2025-08-15T09:23:07.602-0300] {logging_mixin.py:188} INFO - [2025-08-15T09:23:07.602-0300] {dag.py:3096} INFO - Sync 1 DAGs
[2025-08-15T09:23:07.613-0300] {logging_mixin.py:188} INFO - [2025-08-15T09:23:07.613-0300] {dag.py:3954} INFO - Setting next_dagrun for avisos_coordenador to 2025-08-15 11:30:00+00:00, run_after=2025-08-15 12:00:00+00:00
[2025-08-15T09:23:07.626-0300] {processor.py:183} INFO - Processing /opt/airflow/dags/avisos_coordenador.py took 0.473 seconds
[2025-08-15T09:23:38.358-0300] {processor.py:161} INFO - Started process (PID=527) to work on /opt/airflow/dags/avisos_coordenador.py
[2025-08-15T09:23:38.359-0300] {processor.py:830} INFO - Processing file /opt/airflow/dags/avisos_coordenador.py for tasks to queue
[2025-08-15T09:23:38.360-0300] {logging_mixin.py:188} INFO - [2025-08-15T09:23:38.360-0300] {dagbag.py:545} INFO - Filling up the DagBag from /opt/airflow/dags/avisos_coordenador.py
[2025-08-15T09:23:38.797-0300] {processor.py:840} INFO - DAG(s) 'avisos_coordenador' retrieved from /opt/airflow/dags/avisos_coordenador.py
[2025-08-15T09:23:38.806-0300] {logging_mixin.py:188} INFO - [2025-08-15T09:23:38.806-0300] {dag.py:3096} INFO - Sync 1 DAGs
[2025-08-15T09:23:38.817-0300] {logging_mixin.py:188} INFO - [2025-08-15T09:23:38.817-0300] {dag.py:3954} INFO - Setting next_dagrun for avisos_coordenador to 2025-08-15 11:30:00+00:00, run_after=2025-08-15 12:00:00+00:00
[2025-08-15T09:23:38.831-0300] {processor.py:183} INFO - Processing /opt/airflow/dags/avisos_coordenador.py took 0.479 seconds
[2025-08-15T09:24:09.552-0300] {processor.py:161} INFO - Started process (PID=537) to work on /opt/airflow/dags/avisos_coordenador.py
[2025-08-15T09:24:09.555-0300] {processor.py:830} INFO - Processing file /opt/airflow/dags/avisos_coordenador.py for tasks to queue
[2025-08-15T09:24:09.556-0300] {logging_mixin.py:188} INFO - [2025-08-15T09:24:09.555-0300] {dagbag.py:545} INFO - Filling up the DagBag from /opt/airflow/dags/avisos_coordenador.py
[2025-08-15T09:24:10.006-0300] {processor.py:840} INFO - DAG(s) 'avisos_coordenador' retrieved from /opt/airflow/dags/avisos_coordenador.py
[2025-08-15T09:24:10.017-0300] {logging_mixin.py:188} INFO - [2025-08-15T09:24:10.017-0300] {dag.py:3096} INFO - Sync 1 DAGs
[2025-08-15T09:24:10.029-0300] {logging_mixin.py:188} INFO - [2025-08-15T09:24:10.029-0300] {dag.py:3954} INFO - Setting next_dagrun for avisos_coordenador to 2025-08-15 11:30:00+00:00, run_after=2025-08-15 12:00:00+00:00
[2025-08-15T09:24:10.043-0300] {processor.py:183} INFO - Processing /opt/airflow/dags/avisos_coordenador.py took 0.496 seconds
[2025-08-15T09:24:40.750-0300] {processor.py:161} INFO - Started process (PID=547) to work on /opt/airflow/dags/avisos_coordenador.py
[2025-08-15T09:24:40.751-0300] {processor.py:830} INFO - Processing file /opt/airflow/dags/avisos_coordenador.py for tasks to queue
[2025-08-15T09:24:40.751-0300] {logging_mixin.py:188} INFO - [2025-08-15T09:24:40.751-0300] {dagbag.py:545} INFO - Filling up the DagBag from /opt/airflow/dags/avisos_coordenador.py
[2025-08-15T09:24:41.213-0300] {processor.py:840} INFO - DAG(s) 'avisos_coordenador' retrieved from /opt/airflow/dags/avisos_coordenador.py
[2025-08-15T09:24:41.223-0300] {logging_mixin.py:188} INFO - [2025-08-15T09:24:41.223-0300] {dag.py:3096} INFO - Sync 1 DAGs
[2025-08-15T09:24:41.236-0300] {logging_mixin.py:188} INFO - [2025-08-15T09:24:41.236-0300] {dag.py:3954} INFO - Setting next_dagrun for avisos_coordenador to 2025-08-15 11:30:00+00:00, run_after=2025-08-15 12:00:00+00:00
[2025-08-15T09:24:41.247-0300] {processor.py:183} INFO - Processing /opt/airflow/dags/avisos_coordenador.py took 0.501 seconds
[2025-08-15T09:25:11.961-0300] {processor.py:161} INFO - Started process (PID=557) to work on /opt/airflow/dags/avisos_coordenador.py
[2025-08-15T09:25:11.965-0300] {processor.py:830} INFO - Processing file /opt/airflow/dags/avisos_coordenador.py for tasks to queue
[2025-08-15T09:25:11.965-0300] {logging_mixin.py:188} INFO - [2025-08-15T09:25:11.965-0300] {dagbag.py:545} INFO - Filling up the DagBag from /opt/airflow/dags/avisos_coordenador.py
[2025-08-15T09:25:12.438-0300] {processor.py:840} INFO - DAG(s) 'avisos_coordenador' retrieved from /opt/airflow/dags/avisos_coordenador.py
[2025-08-15T09:25:12.448-0300] {logging_mixin.py:188} INFO - [2025-08-15T09:25:12.448-0300] {dag.py:3096} INFO - Sync 1 DAGs
[2025-08-15T09:25:12.461-0300] {logging_mixin.py:188} INFO - [2025-08-15T09:25:12.461-0300] {dag.py:3954} INFO - Setting next_dagrun for avisos_coordenador to 2025-08-15 11:30:00+00:00, run_after=2025-08-15 12:00:00+00:00
[2025-08-15T09:25:12.475-0300] {processor.py:183} INFO - Processing /opt/airflow/dags/avisos_coordenador.py took 0.517 seconds
[2025-08-15T09:25:43.144-0300] {processor.py:161} INFO - Started process (PID=567) to work on /opt/airflow/dags/avisos_coordenador.py
[2025-08-15T09:25:43.148-0300] {processor.py:830} INFO - Processing file /opt/airflow/dags/avisos_coordenador.py for tasks to queue
[2025-08-15T09:25:43.149-0300] {logging_mixin.py:188} INFO - [2025-08-15T09:25:43.148-0300] {dagbag.py:545} INFO - Filling up the DagBag from /opt/airflow/dags/avisos_coordenador.py
[2025-08-15T09:25:43.583-0300] {processor.py:840} INFO - DAG(s) 'avisos_coordenador' retrieved from /opt/airflow/dags/avisos_coordenador.py
[2025-08-15T09:25:43.594-0300] {logging_mixin.py:188} INFO - [2025-08-15T09:25:43.594-0300] {dag.py:3096} INFO - Sync 1 DAGs
[2025-08-15T09:25:43.605-0300] {logging_mixin.py:188} INFO - [2025-08-15T09:25:43.605-0300] {dag.py:3954} INFO - Setting next_dagrun for avisos_coordenador to 2025-08-15 11:30:00+00:00, run_after=2025-08-15 12:00:00+00:00
[2025-08-15T09:25:43.617-0300] {processor.py:183} INFO - Processing /opt/airflow/dags/avisos_coordenador.py took 0.477 seconds
[2025-08-15T09:26:14.339-0300] {processor.py:161} INFO - Started process (PID=577) to work on /opt/airflow/dags/avisos_coordenador.py
[2025-08-15T09:26:14.343-0300] {processor.py:830} INFO - Processing file /opt/airflow/dags/avisos_coordenador.py for tasks to queue
[2025-08-15T09:26:14.343-0300] {logging_mixin.py:188} INFO - [2025-08-15T09:26:14.343-0300] {dagbag.py:545} INFO - Filling up the DagBag from /opt/airflow/dags/avisos_coordenador.py
[2025-08-15T09:26:14.805-0300] {processor.py:840} INFO - DAG(s) 'avisos_coordenador' retrieved from /opt/airflow/dags/avisos_coordenador.py
[2025-08-15T09:26:14.815-0300] {logging_mixin.py:188} INFO - [2025-08-15T09:26:14.815-0300] {dag.py:3096} INFO - Sync 1 DAGs
[2025-08-15T09:26:14.826-0300] {logging_mixin.py:188} INFO - [2025-08-15T09:26:14.826-0300] {dag.py:3954} INFO - Setting next_dagrun for avisos_coordenador to 2025-08-15 11:30:00+00:00, run_after=2025-08-15 12:00:00+00:00
[2025-08-15T09:26:14.836-0300] {processor.py:183} INFO - Processing /opt/airflow/dags/avisos_coordenador.py took 0.502 seconds
[2025-08-15T09:26:45.552-0300] {processor.py:161} INFO - Started process (PID=587) to work on /opt/airflow/dags/avisos_coordenador.py
[2025-08-15T09:26:45.555-0300] {processor.py:830} INFO - Processing file /opt/airflow/dags/avisos_coordenador.py for tasks to queue
[2025-08-15T09:26:45.555-0300] {logging_mixin.py:188} INFO - [2025-08-15T09:26:45.555-0300] {dagbag.py:545} INFO - Filling up the DagBag from /opt/airflow/dags/avisos_coordenador.py
[2025-08-15T09:26:45.996-0300] {processor.py:840} INFO - DAG(s) 'avisos_coordenador' retrieved from /opt/airflow/dags/avisos_coordenador.py
[2025-08-15T09:26:46.007-0300] {logging_mixin.py:188} INFO - [2025-08-15T09:26:46.007-0300] {dag.py:3096} INFO - Sync 1 DAGs
[2025-08-15T09:26:46.018-0300] {logging_mixin.py:188} INFO - [2025-08-15T09:26:46.018-0300] {dag.py:3954} INFO - Setting next_dagrun for avisos_coordenador to 2025-08-15 11:30:00+00:00, run_after=2025-08-15 12:00:00+00:00
[2025-08-15T09:26:46.031-0300] {processor.py:183} INFO - Processing /opt/airflow/dags/avisos_coordenador.py took 0.485 seconds
[2025-08-15T09:27:16.747-0300] {processor.py:161} INFO - Started process (PID=597) to work on /opt/airflow/dags/avisos_coordenador.py
[2025-08-15T09:27:16.748-0300] {processor.py:830} INFO - Processing file /opt/airflow/dags/avisos_coordenador.py for tasks to queue
[2025-08-15T09:27:16.749-0300] {logging_mixin.py:188} INFO - [2025-08-15T09:27:16.749-0300] {dagbag.py:545} INFO - Filling up the DagBag from /opt/airflow/dags/avisos_coordenador.py
[2025-08-15T09:27:17.200-0300] {processor.py:840} INFO - DAG(s) 'avisos_coordenador' retrieved from /opt/airflow/dags/avisos_coordenador.py
[2025-08-15T09:27:17.210-0300] {logging_mixin.py:188} INFO - [2025-08-15T09:27:17.210-0300] {dag.py:3096} INFO - Sync 1 DAGs
[2025-08-15T09:27:17.221-0300] {logging_mixin.py:188} INFO - [2025-08-15T09:27:17.221-0300] {dag.py:3954} INFO - Setting next_dagrun for avisos_coordenador to 2025-08-15 11:30:00+00:00, run_after=2025-08-15 12:00:00+00:00
[2025-08-15T09:27:17.233-0300] {processor.py:183} INFO - Processing /opt/airflow/dags/avisos_coordenador.py took 0.492 seconds
