[2025-08-08T15:45:35.968-0300] {local_task_job_runner.py:120} INFO - ::group::Pre task execution logs
[2025-08-08T15:45:35.978-0300] {taskinstance.py:2076} INFO - Dependencies all met for dep_context=non-requeueable deps ti=<TaskInstance: exportar_bq_para_gcs_csv.criar_tabela_temp_pg manual__2025-08-08T18:37:24.981183+00:00 [queued]>
[2025-08-08T15:45:35.982-0300] {taskinstance.py:2076} INFO - Dependencies all met for dep_context=requeueable deps ti=<TaskInstance: exportar_bq_para_gcs_csv.criar_tabela_temp_pg manual__2025-08-08T18:37:24.981183+00:00 [queued]>
[2025-08-08T15:45:35.982-0300] {taskinstance.py:2306} INFO - Starting attempt 1 of 1
[2025-08-08T15:45:35.989-0300] {taskinstance.py:2330} INFO - Executing <Task(BashOperator): criar_tabela_temp_pg> on 2025-08-08 18:37:24.981183+00:00
[2025-08-08T15:45:35.994-0300] {standard_task_runner.py:63} INFO - Started process 200 to run task
[2025-08-08T15:45:35.996-0300] {standard_task_runner.py:90} INFO - Running: ['***', 'tasks', 'run', 'exportar_bq_para_gcs_csv', 'criar_tabela_temp_pg', 'manual__2025-08-08T18:37:24.981183+00:00', '--job-id', '134', '--raw', '--subdir', 'DAGS_FOLDER/notas_ordem.py', '--cfg-path', '/tmp/tmp7zjd07rf']
[2025-08-08T15:45:35.997-0300] {standard_task_runner.py:91} INFO - Job 134: Subtask criar_tabela_temp_pg
[2025-08-08T15:45:36.021-0300] {task_command.py:426} INFO - Running <TaskInstance: exportar_bq_para_gcs_csv.criar_tabela_temp_pg manual__2025-08-08T18:37:24.981183+00:00 [running]> on host 6f99aecc4c0e
[2025-08-08T15:45:36.067-0300] {taskinstance.py:2648} INFO - Exporting env vars: AIRFLOW_CTX_DAG_OWNER='***' AIRFLOW_CTX_DAG_ID='exportar_bq_para_gcs_csv' AIRFLOW_CTX_TASK_ID='criar_tabela_temp_pg' AIRFLOW_CTX_EXECUTION_DATE='2025-08-08T18:37:24.981183+00:00' AIRFLOW_CTX_TRY_NUMBER='1' AIRFLOW_CTX_DAG_RUN_ID='manual__2025-08-08T18:37:24.981183+00:00'
[2025-08-08T15:45:36.068-0300] {taskinstance.py:430} INFO - ::endgroup::
[2025-08-08T15:45:36.074-0300] {subprocess.py:63} INFO - Tmp dir root location: /tmp
[2025-08-08T15:45:36.074-0300] {subprocess.py:75} INFO - Running command: ['/usr/bin/bash', '-c', '\n            psql "$PG_CONN" -c "\n                DROP TABLE IF EXISTS notas_ordem_temp;\n                CREATE TABLE notas_ordem_temp (LIKE notas_ordem INCLUDING ALL);\n            "\n        ']
[2025-08-08T15:45:36.083-0300] {subprocess.py:86} INFO - Output:
[2025-08-08T15:45:36.295-0300] {subprocess.py:93} INFO - NOTICE:  table "notas_ordem_temp" does not exist, skipping
[2025-08-08T15:45:36.330-0300] {subprocess.py:93} INFO - DROP TABLE
[2025-08-08T15:45:36.331-0300] {subprocess.py:93} INFO - CREATE TABLE
[2025-08-08T15:45:36.333-0300] {subprocess.py:97} INFO - Command exited with return code 0
[2025-08-08T15:45:36.334-0300] {taskinstance.py:441} INFO - ::group::Post task execution logs
[2025-08-08T15:45:36.359-0300] {taskinstance.py:1206} INFO - Marking task as SUCCESS. dag_id=exportar_bq_para_gcs_csv, task_id=criar_tabela_temp_pg, run_id=manual__2025-08-08T18:37:24.981183+00:00, execution_date=20250808T183724, start_date=20250808T184535, end_date=20250808T184536
[2025-08-08T15:45:36.409-0300] {local_task_job_runner.py:240} INFO - Task exited with return code 0
[2025-08-08T15:45:36.437-0300] {taskinstance.py:3498} INFO - 1 downstream tasks scheduled from follow-on schedule check
[2025-08-08T15:45:36.440-0300] {local_task_job_runner.py:222} INFO - ::endgroup::
