[2025-08-12T08:23:27.434-0300] {processor.py:161} INFO - Started process (PID=4482) to work on /opt/airflow/dags/avisos_coordenador.py
[2025-08-12T08:23:27.435-0300] {processor.py:830} INFO - Processing file /opt/airflow/dags/avisos_coordenador.py for tasks to queue
[2025-08-12T08:23:27.438-0300] {logging_mixin.py:188} INFO - [2025-08-12T08:23:27.437-0300] {dagbag.py:545} INFO - Filling up the DagBag from /opt/airflow/dags/avisos_coordenador.py
[2025-08-12T08:23:28.107-0300] {processor.py:840} INFO - DAG(s) 'avisos_coordenador' retrieved from /opt/airflow/dags/avisos_coordenador.py
[2025-08-12T08:23:28.124-0300] {logging_mixin.py:188} INFO - [2025-08-12T08:23:28.123-0300] {dag.py:3096} INFO - Sync 1 DAGs
[2025-08-12T08:23:28.296-0300] {logging_mixin.py:188} INFO - [2025-08-12T08:23:28.296-0300] {dag.py:3954} INFO - Setting next_dagrun for avisos_coordenador to 2025-08-12 11:00:00+00:00, run_after=2025-08-12 11:30:00+00:00
[2025-08-12T08:23:28.312-0300] {processor.py:183} INFO - Processing /opt/airflow/dags/avisos_coordenador.py took 0.886 seconds
[2025-08-12T10:48:49.458-0300] {processor.py:161} INFO - Started process (PID=4496) to work on /opt/airflow/dags/avisos_coordenador.py
[2025-08-12T10:48:49.460-0300] {processor.py:830} INFO - Processing file /opt/airflow/dags/avisos_coordenador.py for tasks to queue
[2025-08-12T10:48:49.463-0300] {logging_mixin.py:188} INFO - [2025-08-12T10:48:49.462-0300] {dagbag.py:545} INFO - Filling up the DagBag from /opt/airflow/dags/avisos_coordenador.py
[2025-08-12T10:48:50.000-0300] {processor.py:840} INFO - DAG(s) 'avisos_coordenador' retrieved from /opt/airflow/dags/avisos_coordenador.py
[2025-08-12T10:48:50.176-0300] {logging_mixin.py:188} INFO - [2025-08-12T10:48:50.176-0300] {dag.py:3096} INFO - Sync 1 DAGs
[2025-08-12T10:48:50.192-0300] {logging_mixin.py:188} INFO - [2025-08-12T10:48:50.191-0300] {dag.py:3954} INFO - Setting next_dagrun for avisos_coordenador to 2025-08-12 13:00:00+00:00, run_after=2025-08-12 13:30:00+00:00
[2025-08-12T10:48:50.204-0300] {processor.py:183} INFO - Processing /opt/airflow/dags/avisos_coordenador.py took 0.758 seconds
[2025-08-12T10:49:20.738-0300] {processor.py:161} INFO - Started process (PID=4513) to work on /opt/airflow/dags/avisos_coordenador.py
[2025-08-12T10:49:20.741-0300] {processor.py:830} INFO - Processing file /opt/airflow/dags/avisos_coordenador.py for tasks to queue
[2025-08-12T10:49:20.744-0300] {logging_mixin.py:188} INFO - [2025-08-12T10:49:20.743-0300] {dagbag.py:545} INFO - Filling up the DagBag from /opt/airflow/dags/avisos_coordenador.py
[2025-08-12T10:49:21.045-0300] {processor.py:840} INFO - DAG(s) 'avisos_coordenador' retrieved from /opt/airflow/dags/avisos_coordenador.py
[2025-08-12T10:49:21.056-0300] {logging_mixin.py:188} INFO - [2025-08-12T10:49:21.056-0300] {dag.py:3096} INFO - Sync 1 DAGs
[2025-08-12T10:49:21.068-0300] {logging_mixin.py:188} INFO - [2025-08-12T10:49:21.068-0300] {dag.py:3954} INFO - Setting next_dagrun for avisos_coordenador to 2025-08-12 13:30:00+00:00, run_after=2025-08-12 14:00:00+00:00
[2025-08-12T10:49:21.202-0300] {processor.py:183} INFO - Processing /opt/airflow/dags/avisos_coordenador.py took 0.469 seconds
[2025-08-12T10:49:51.959-0300] {processor.py:161} INFO - Started process (PID=4523) to work on /opt/airflow/dags/avisos_coordenador.py
[2025-08-12T10:49:51.962-0300] {processor.py:830} INFO - Processing file /opt/airflow/dags/avisos_coordenador.py for tasks to queue
[2025-08-12T10:49:51.963-0300] {logging_mixin.py:188} INFO - [2025-08-12T10:49:51.963-0300] {dagbag.py:545} INFO - Filling up the DagBag from /opt/airflow/dags/avisos_coordenador.py
[2025-08-12T10:49:52.265-0300] {processor.py:840} INFO - DAG(s) 'avisos_coordenador' retrieved from /opt/airflow/dags/avisos_coordenador.py
[2025-08-12T10:49:52.277-0300] {logging_mixin.py:188} INFO - [2025-08-12T10:49:52.276-0300] {dag.py:3096} INFO - Sync 1 DAGs
[2025-08-12T10:49:52.407-0300] {logging_mixin.py:188} INFO - [2025-08-12T10:49:52.407-0300] {dag.py:3954} INFO - Setting next_dagrun for avisos_coordenador to 2025-08-12 13:30:00+00:00, run_after=2025-08-12 14:00:00+00:00
[2025-08-12T10:49:52.420-0300] {processor.py:183} INFO - Processing /opt/airflow/dags/avisos_coordenador.py took 0.465 seconds
[2025-08-12T10:50:23.168-0300] {processor.py:161} INFO - Started process (PID=4533) to work on /opt/airflow/dags/avisos_coordenador.py
[2025-08-12T10:50:23.169-0300] {processor.py:830} INFO - Processing file /opt/airflow/dags/avisos_coordenador.py for tasks to queue
[2025-08-12T10:50:23.170-0300] {logging_mixin.py:188} INFO - [2025-08-12T10:50:23.170-0300] {dagbag.py:545} INFO - Filling up the DagBag from /opt/airflow/dags/avisos_coordenador.py
[2025-08-12T10:50:23.466-0300] {processor.py:840} INFO - DAG(s) 'avisos_coordenador' retrieved from /opt/airflow/dags/avisos_coordenador.py
[2025-08-12T10:50:23.477-0300] {logging_mixin.py:188} INFO - [2025-08-12T10:50:23.477-0300] {dag.py:3096} INFO - Sync 1 DAGs
[2025-08-12T10:50:23.489-0300] {logging_mixin.py:188} INFO - [2025-08-12T10:50:23.489-0300] {dag.py:3954} INFO - Setting next_dagrun for avisos_coordenador to 2025-08-12 13:30:00+00:00, run_after=2025-08-12 14:00:00+00:00
[2025-08-12T10:50:23.502-0300] {processor.py:183} INFO - Processing /opt/airflow/dags/avisos_coordenador.py took 0.339 seconds
[2025-08-12T10:50:54.399-0300] {processor.py:161} INFO - Started process (PID=4543) to work on /opt/airflow/dags/avisos_coordenador.py
[2025-08-12T10:50:54.402-0300] {processor.py:830} INFO - Processing file /opt/airflow/dags/avisos_coordenador.py for tasks to queue
[2025-08-12T10:50:54.404-0300] {logging_mixin.py:188} INFO - [2025-08-12T10:50:54.404-0300] {dagbag.py:545} INFO - Filling up the DagBag from /opt/airflow/dags/avisos_coordenador.py
[2025-08-12T10:50:54.703-0300] {processor.py:840} INFO - DAG(s) 'avisos_coordenador' retrieved from /opt/airflow/dags/avisos_coordenador.py
[2025-08-12T10:50:54.715-0300] {logging_mixin.py:188} INFO - [2025-08-12T10:50:54.715-0300] {dag.py:3096} INFO - Sync 1 DAGs
[2025-08-12T10:50:54.851-0300] {logging_mixin.py:188} INFO - [2025-08-12T10:50:54.851-0300] {dag.py:3954} INFO - Setting next_dagrun for avisos_coordenador to 2025-08-12 13:30:00+00:00, run_after=2025-08-12 14:00:00+00:00
[2025-08-12T10:50:54.864-0300] {processor.py:183} INFO - Processing /opt/airflow/dags/avisos_coordenador.py took 0.471 seconds
[2025-08-12T10:51:25.585-0300] {processor.py:161} INFO - Started process (PID=4553) to work on /opt/airflow/dags/avisos_coordenador.py
[2025-08-12T10:51:25.585-0300] {processor.py:830} INFO - Processing file /opt/airflow/dags/avisos_coordenador.py for tasks to queue
[2025-08-12T10:51:25.586-0300] {logging_mixin.py:188} INFO - [2025-08-12T10:51:25.586-0300] {dagbag.py:545} INFO - Filling up the DagBag from /opt/airflow/dags/avisos_coordenador.py
[2025-08-12T10:51:25.972-0300] {processor.py:840} INFO - DAG(s) 'avisos_coordenador' retrieved from /opt/airflow/dags/avisos_coordenador.py
[2025-08-12T10:51:26.144-0300] {logging_mixin.py:188} INFO - [2025-08-12T10:51:26.144-0300] {dag.py:3096} INFO - Sync 1 DAGs
[2025-08-12T10:51:26.157-0300] {logging_mixin.py:188} INFO - [2025-08-12T10:51:26.157-0300] {dag.py:3954} INFO - Setting next_dagrun for avisos_coordenador to 2025-08-12 13:30:00+00:00, run_after=2025-08-12 14:00:00+00:00
[2025-08-12T10:51:26.169-0300] {processor.py:183} INFO - Processing /opt/airflow/dags/avisos_coordenador.py took 0.588 seconds
[2025-08-12T10:51:56.792-0300] {processor.py:161} INFO - Started process (PID=4563) to work on /opt/airflow/dags/avisos_coordenador.py
[2025-08-12T10:51:56.796-0300] {processor.py:830} INFO - Processing file /opt/airflow/dags/avisos_coordenador.py for tasks to queue
[2025-08-12T10:51:56.798-0300] {logging_mixin.py:188} INFO - [2025-08-12T10:51:56.798-0300] {dagbag.py:545} INFO - Filling up the DagBag from /opt/airflow/dags/avisos_coordenador.py
[2025-08-12T10:51:57.110-0300] {processor.py:840} INFO - DAG(s) 'avisos_coordenador' retrieved from /opt/airflow/dags/avisos_coordenador.py
[2025-08-12T10:51:57.122-0300] {logging_mixin.py:188} INFO - [2025-08-12T10:51:57.121-0300] {dag.py:3096} INFO - Sync 1 DAGs
[2025-08-12T10:51:57.134-0300] {logging_mixin.py:188} INFO - [2025-08-12T10:51:57.134-0300] {dag.py:3954} INFO - Setting next_dagrun for avisos_coordenador to 2025-08-12 13:30:00+00:00, run_after=2025-08-12 14:00:00+00:00
[2025-08-12T10:51:57.266-0300] {processor.py:183} INFO - Processing /opt/airflow/dags/avisos_coordenador.py took 0.483 seconds
[2025-08-12T10:52:27.991-0300] {processor.py:161} INFO - Started process (PID=4573) to work on /opt/airflow/dags/avisos_coordenador.py
[2025-08-12T10:52:27.991-0300] {processor.py:830} INFO - Processing file /opt/airflow/dags/avisos_coordenador.py for tasks to queue
[2025-08-12T10:52:27.992-0300] {logging_mixin.py:188} INFO - [2025-08-12T10:52:27.992-0300] {dagbag.py:545} INFO - Filling up the DagBag from /opt/airflow/dags/avisos_coordenador.py
[2025-08-12T10:52:28.292-0300] {processor.py:840} INFO - DAG(s) 'avisos_coordenador' retrieved from /opt/airflow/dags/avisos_coordenador.py
[2025-08-12T10:52:28.425-0300] {logging_mixin.py:188} INFO - [2025-08-12T10:52:28.425-0300] {dag.py:3096} INFO - Sync 1 DAGs
[2025-08-12T10:52:28.436-0300] {logging_mixin.py:188} INFO - [2025-08-12T10:52:28.436-0300] {dag.py:3954} INFO - Setting next_dagrun for avisos_coordenador to 2025-08-12 13:30:00+00:00, run_after=2025-08-12 14:00:00+00:00
[2025-08-12T10:52:28.446-0300] {processor.py:183} INFO - Processing /opt/airflow/dags/avisos_coordenador.py took 0.460 seconds
[2025-08-12T10:52:59.221-0300] {processor.py:161} INFO - Started process (PID=4583) to work on /opt/airflow/dags/avisos_coordenador.py
[2025-08-12T10:52:59.223-0300] {processor.py:830} INFO - Processing file /opt/airflow/dags/avisos_coordenador.py for tasks to queue
[2025-08-12T10:52:59.224-0300] {logging_mixin.py:188} INFO - [2025-08-12T10:52:59.224-0300] {dagbag.py:545} INFO - Filling up the DagBag from /opt/airflow/dags/avisos_coordenador.py
[2025-08-12T10:52:59.680-0300] {processor.py:840} INFO - DAG(s) 'avisos_coordenador' retrieved from /opt/airflow/dags/avisos_coordenador.py
[2025-08-12T10:52:59.690-0300] {logging_mixin.py:188} INFO - [2025-08-12T10:52:59.690-0300] {dag.py:3096} INFO - Sync 1 DAGs
[2025-08-12T10:52:59.701-0300] {logging_mixin.py:188} INFO - [2025-08-12T10:52:59.701-0300] {dag.py:3954} INFO - Setting next_dagrun for avisos_coordenador to 2025-08-12 13:30:00+00:00, run_after=2025-08-12 14:00:00+00:00
[2025-08-12T10:52:59.713-0300] {processor.py:183} INFO - Processing /opt/airflow/dags/avisos_coordenador.py took 0.497 seconds
[2025-08-12T10:53:30.430-0300] {processor.py:161} INFO - Started process (PID=4593) to work on /opt/airflow/dags/avisos_coordenador.py
[2025-08-12T10:53:30.431-0300] {processor.py:830} INFO - Processing file /opt/airflow/dags/avisos_coordenador.py for tasks to queue
[2025-08-12T10:53:30.433-0300] {logging_mixin.py:188} INFO - [2025-08-12T10:53:30.432-0300] {dagbag.py:545} INFO - Filling up the DagBag from /opt/airflow/dags/avisos_coordenador.py
[2025-08-12T10:53:30.738-0300] {processor.py:840} INFO - DAG(s) 'avisos_coordenador' retrieved from /opt/airflow/dags/avisos_coordenador.py
[2025-08-12T10:53:30.750-0300] {logging_mixin.py:188} INFO - [2025-08-12T10:53:30.749-0300] {dag.py:3096} INFO - Sync 1 DAGs
[2025-08-12T10:53:30.891-0300] {logging_mixin.py:188} INFO - [2025-08-12T10:53:30.891-0300] {dag.py:3954} INFO - Setting next_dagrun for avisos_coordenador to 2025-08-12 13:30:00+00:00, run_after=2025-08-12 14:00:00+00:00
[2025-08-12T10:53:30.904-0300] {processor.py:183} INFO - Processing /opt/airflow/dags/avisos_coordenador.py took 0.482 seconds
[2025-08-12T10:54:01.650-0300] {processor.py:161} INFO - Started process (PID=4603) to work on /opt/airflow/dags/avisos_coordenador.py
[2025-08-12T10:54:01.653-0300] {processor.py:830} INFO - Processing file /opt/airflow/dags/avisos_coordenador.py for tasks to queue
[2025-08-12T10:54:01.655-0300] {logging_mixin.py:188} INFO - [2025-08-12T10:54:01.655-0300] {dagbag.py:545} INFO - Filling up the DagBag from /opt/airflow/dags/avisos_coordenador.py
[2025-08-12T10:54:02.092-0300] {processor.py:840} INFO - DAG(s) 'avisos_coordenador' retrieved from /opt/airflow/dags/avisos_coordenador.py
[2025-08-12T10:54:02.103-0300] {logging_mixin.py:188} INFO - [2025-08-12T10:54:02.102-0300] {dag.py:3096} INFO - Sync 1 DAGs
[2025-08-12T10:54:02.114-0300] {logging_mixin.py:188} INFO - [2025-08-12T10:54:02.114-0300] {dag.py:3954} INFO - Setting next_dagrun for avisos_coordenador to 2025-08-12 13:30:00+00:00, run_after=2025-08-12 14:00:00+00:00
[2025-08-12T10:54:02.126-0300] {processor.py:183} INFO - Processing /opt/airflow/dags/avisos_coordenador.py took 0.481 seconds
[2025-08-12T10:54:32.845-0300] {processor.py:161} INFO - Started process (PID=4613) to work on /opt/airflow/dags/avisos_coordenador.py
[2025-08-12T10:54:32.846-0300] {processor.py:830} INFO - Processing file /opt/airflow/dags/avisos_coordenador.py for tasks to queue
[2025-08-12T10:54:32.848-0300] {logging_mixin.py:188} INFO - [2025-08-12T10:54:32.848-0300] {dagbag.py:545} INFO - Filling up the DagBag from /opt/airflow/dags/avisos_coordenador.py
[2025-08-12T10:54:33.284-0300] {processor.py:840} INFO - DAG(s) 'avisos_coordenador' retrieved from /opt/airflow/dags/avisos_coordenador.py
[2025-08-12T10:54:33.294-0300] {logging_mixin.py:188} INFO - [2025-08-12T10:54:33.294-0300] {dag.py:3096} INFO - Sync 1 DAGs
[2025-08-12T10:54:33.306-0300] {logging_mixin.py:188} INFO - [2025-08-12T10:54:33.306-0300] {dag.py:3954} INFO - Setting next_dagrun for avisos_coordenador to 2025-08-12 13:30:00+00:00, run_after=2025-08-12 14:00:00+00:00
[2025-08-12T10:54:33.319-0300] {processor.py:183} INFO - Processing /opt/airflow/dags/avisos_coordenador.py took 0.484 seconds
[2025-08-12T10:55:04.019-0300] {processor.py:161} INFO - Started process (PID=4623) to work on /opt/airflow/dags/avisos_coordenador.py
[2025-08-12T10:55:04.022-0300] {processor.py:830} INFO - Processing file /opt/airflow/dags/avisos_coordenador.py for tasks to queue
[2025-08-12T10:55:04.023-0300] {logging_mixin.py:188} INFO - [2025-08-12T10:55:04.023-0300] {dagbag.py:545} INFO - Filling up the DagBag from /opt/airflow/dags/avisos_coordenador.py
[2025-08-12T10:55:04.377-0300] {processor.py:840} INFO - DAG(s) 'avisos_coordenador' retrieved from /opt/airflow/dags/avisos_coordenador.py
[2025-08-12T10:55:04.508-0300] {logging_mixin.py:188} INFO - [2025-08-12T10:55:04.508-0300] {dag.py:3096} INFO - Sync 1 DAGs
[2025-08-12T10:55:04.519-0300] {logging_mixin.py:188} INFO - [2025-08-12T10:55:04.519-0300] {dag.py:3954} INFO - Setting next_dagrun for avisos_coordenador to 2025-08-12 13:30:00+00:00, run_after=2025-08-12 14:00:00+00:00
[2025-08-12T10:55:04.531-0300] {processor.py:183} INFO - Processing /opt/airflow/dags/avisos_coordenador.py took 0.516 seconds
[2025-08-12T10:55:35.198-0300] {processor.py:161} INFO - Started process (PID=4633) to work on /opt/airflow/dags/avisos_coordenador.py
[2025-08-12T10:55:35.198-0300] {processor.py:830} INFO - Processing file /opt/airflow/dags/avisos_coordenador.py for tasks to queue
[2025-08-12T10:55:35.199-0300] {logging_mixin.py:188} INFO - [2025-08-12T10:55:35.199-0300] {dagbag.py:545} INFO - Filling up the DagBag from /opt/airflow/dags/avisos_coordenador.py
[2025-08-12T10:55:35.723-0300] {processor.py:840} INFO - DAG(s) 'avisos_coordenador' retrieved from /opt/airflow/dags/avisos_coordenador.py
[2025-08-12T10:55:35.734-0300] {logging_mixin.py:188} INFO - [2025-08-12T10:55:35.733-0300] {dag.py:3096} INFO - Sync 1 DAGs
[2025-08-12T10:55:35.744-0300] {logging_mixin.py:188} INFO - [2025-08-12T10:55:35.744-0300] {dag.py:3954} INFO - Setting next_dagrun for avisos_coordenador to 2025-08-12 13:30:00+00:00, run_after=2025-08-12 14:00:00+00:00
[2025-08-12T10:55:35.754-0300] {processor.py:183} INFO - Processing /opt/airflow/dags/avisos_coordenador.py took 0.559 seconds
[2025-08-12T10:56:06.389-0300] {processor.py:161} INFO - Started process (PID=4643) to work on /opt/airflow/dags/avisos_coordenador.py
[2025-08-12T10:56:06.392-0300] {processor.py:830} INFO - Processing file /opt/airflow/dags/avisos_coordenador.py for tasks to queue
[2025-08-12T10:56:06.393-0300] {logging_mixin.py:188} INFO - [2025-08-12T10:56:06.393-0300] {dagbag.py:545} INFO - Filling up the DagBag from /opt/airflow/dags/avisos_coordenador.py
[2025-08-12T10:56:06.853-0300] {processor.py:840} INFO - DAG(s) 'avisos_coordenador' retrieved from /opt/airflow/dags/avisos_coordenador.py
[2025-08-12T10:56:06.863-0300] {logging_mixin.py:188} INFO - [2025-08-12T10:56:06.863-0300] {dag.py:3096} INFO - Sync 1 DAGs
[2025-08-12T10:56:06.875-0300] {logging_mixin.py:188} INFO - [2025-08-12T10:56:06.875-0300] {dag.py:3954} INFO - Setting next_dagrun for avisos_coordenador to 2025-08-12 13:30:00+00:00, run_after=2025-08-12 14:00:00+00:00
[2025-08-12T10:56:06.888-0300] {processor.py:183} INFO - Processing /opt/airflow/dags/avisos_coordenador.py took 0.503 seconds
[2025-08-12T10:56:37.601-0300] {processor.py:161} INFO - Started process (PID=4653) to work on /opt/airflow/dags/avisos_coordenador.py
[2025-08-12T10:56:37.604-0300] {processor.py:830} INFO - Processing file /opt/airflow/dags/avisos_coordenador.py for tasks to queue
[2025-08-12T10:56:37.606-0300] {logging_mixin.py:188} INFO - [2025-08-12T10:56:37.606-0300] {dagbag.py:545} INFO - Filling up the DagBag from /opt/airflow/dags/avisos_coordenador.py
[2025-08-12T10:56:38.043-0300] {processor.py:840} INFO - DAG(s) 'avisos_coordenador' retrieved from /opt/airflow/dags/avisos_coordenador.py
[2025-08-12T10:56:38.054-0300] {logging_mixin.py:188} INFO - [2025-08-12T10:56:38.053-0300] {dag.py:3096} INFO - Sync 1 DAGs
[2025-08-12T10:56:38.065-0300] {logging_mixin.py:188} INFO - [2025-08-12T10:56:38.065-0300] {dag.py:3954} INFO - Setting next_dagrun for avisos_coordenador to 2025-08-12 13:30:00+00:00, run_after=2025-08-12 14:00:00+00:00
[2025-08-12T10:56:38.076-0300] {processor.py:183} INFO - Processing /opt/airflow/dags/avisos_coordenador.py took 0.483 seconds
[2025-08-12T10:57:08.828-0300] {processor.py:161} INFO - Started process (PID=4663) to work on /opt/airflow/dags/avisos_coordenador.py
[2025-08-12T10:57:08.829-0300] {processor.py:830} INFO - Processing file /opt/airflow/dags/avisos_coordenador.py for tasks to queue
[2025-08-12T10:57:08.830-0300] {logging_mixin.py:188} INFO - [2025-08-12T10:57:08.829-0300] {dagbag.py:545} INFO - Filling up the DagBag from /opt/airflow/dags/avisos_coordenador.py
[2025-08-12T10:57:09.254-0300] {processor.py:840} INFO - DAG(s) 'avisos_coordenador' retrieved from /opt/airflow/dags/avisos_coordenador.py
[2025-08-12T10:57:09.264-0300] {logging_mixin.py:188} INFO - [2025-08-12T10:57:09.264-0300] {dag.py:3096} INFO - Sync 1 DAGs
[2025-08-12T10:57:09.275-0300] {logging_mixin.py:188} INFO - [2025-08-12T10:57:09.275-0300] {dag.py:3954} INFO - Setting next_dagrun for avisos_coordenador to 2025-08-12 13:30:00+00:00, run_after=2025-08-12 14:00:00+00:00
[2025-08-12T10:57:09.283-0300] {processor.py:183} INFO - Processing /opt/airflow/dags/avisos_coordenador.py took 0.460 seconds
[2025-08-12T10:57:40.021-0300] {processor.py:161} INFO - Started process (PID=4673) to work on /opt/airflow/dags/avisos_coordenador.py
[2025-08-12T10:57:40.024-0300] {processor.py:830} INFO - Processing file /opt/airflow/dags/avisos_coordenador.py for tasks to queue
[2025-08-12T10:57:40.025-0300] {logging_mixin.py:188} INFO - [2025-08-12T10:57:40.025-0300] {dagbag.py:545} INFO - Filling up the DagBag from /opt/airflow/dags/avisos_coordenador.py
[2025-08-12T10:57:40.482-0300] {processor.py:840} INFO - DAG(s) 'avisos_coordenador' retrieved from /opt/airflow/dags/avisos_coordenador.py
[2025-08-12T10:57:40.492-0300] {logging_mixin.py:188} INFO - [2025-08-12T10:57:40.492-0300] {dag.py:3096} INFO - Sync 1 DAGs
[2025-08-12T10:57:40.504-0300] {logging_mixin.py:188} INFO - [2025-08-12T10:57:40.503-0300] {dag.py:3954} INFO - Setting next_dagrun for avisos_coordenador to 2025-08-12 13:30:00+00:00, run_after=2025-08-12 14:00:00+00:00
[2025-08-12T10:57:40.516-0300] {processor.py:183} INFO - Processing /opt/airflow/dags/avisos_coordenador.py took 0.499 seconds
[2025-08-12T10:58:11.215-0300] {processor.py:161} INFO - Started process (PID=4683) to work on /opt/airflow/dags/avisos_coordenador.py
[2025-08-12T10:58:11.216-0300] {processor.py:830} INFO - Processing file /opt/airflow/dags/avisos_coordenador.py for tasks to queue
[2025-08-12T10:58:11.217-0300] {logging_mixin.py:188} INFO - [2025-08-12T10:58:11.217-0300] {dagbag.py:545} INFO - Filling up the DagBag from /opt/airflow/dags/avisos_coordenador.py
[2025-08-12T10:58:11.678-0300] {processor.py:840} INFO - DAG(s) 'avisos_coordenador' retrieved from /opt/airflow/dags/avisos_coordenador.py
[2025-08-12T10:58:11.692-0300] {logging_mixin.py:188} INFO - [2025-08-12T10:58:11.692-0300] {dag.py:3096} INFO - Sync 1 DAGs
[2025-08-12T10:58:11.705-0300] {logging_mixin.py:188} INFO - [2025-08-12T10:58:11.705-0300] {dag.py:3954} INFO - Setting next_dagrun for avisos_coordenador to 2025-08-12 13:30:00+00:00, run_after=2025-08-12 14:00:00+00:00
[2025-08-12T10:58:11.715-0300] {processor.py:183} INFO - Processing /opt/airflow/dags/avisos_coordenador.py took 0.503 seconds
[2025-08-12T10:58:42.392-0300] {processor.py:161} INFO - Started process (PID=4693) to work on /opt/airflow/dags/avisos_coordenador.py
[2025-08-12T10:58:42.394-0300] {processor.py:830} INFO - Processing file /opt/airflow/dags/avisos_coordenador.py for tasks to queue
[2025-08-12T10:58:42.395-0300] {logging_mixin.py:188} INFO - [2025-08-12T10:58:42.395-0300] {dagbag.py:545} INFO - Filling up the DagBag from /opt/airflow/dags/avisos_coordenador.py
[2025-08-12T10:58:42.834-0300] {processor.py:840} INFO - DAG(s) 'avisos_coordenador' retrieved from /opt/airflow/dags/avisos_coordenador.py
[2025-08-12T10:58:42.846-0300] {logging_mixin.py:188} INFO - [2025-08-12T10:58:42.846-0300] {dag.py:3096} INFO - Sync 1 DAGs
[2025-08-12T10:58:42.857-0300] {logging_mixin.py:188} INFO - [2025-08-12T10:58:42.857-0300] {dag.py:3954} INFO - Setting next_dagrun for avisos_coordenador to 2025-08-12 13:30:00+00:00, run_after=2025-08-12 14:00:00+00:00
[2025-08-12T10:58:42.870-0300] {processor.py:183} INFO - Processing /opt/airflow/dags/avisos_coordenador.py took 0.483 seconds
[2025-08-12T10:59:13.583-0300] {processor.py:161} INFO - Started process (PID=4703) to work on /opt/airflow/dags/avisos_coordenador.py
[2025-08-12T10:59:13.584-0300] {processor.py:830} INFO - Processing file /opt/airflow/dags/avisos_coordenador.py for tasks to queue
[2025-08-12T10:59:13.584-0300] {logging_mixin.py:188} INFO - [2025-08-12T10:59:13.584-0300] {dagbag.py:545} INFO - Filling up the DagBag from /opt/airflow/dags/avisos_coordenador.py
[2025-08-12T10:59:14.008-0300] {processor.py:840} INFO - DAG(s) 'avisos_coordenador' retrieved from /opt/airflow/dags/avisos_coordenador.py
[2025-08-12T10:59:14.018-0300] {logging_mixin.py:188} INFO - [2025-08-12T10:59:14.018-0300] {dag.py:3096} INFO - Sync 1 DAGs
[2025-08-12T10:59:14.029-0300] {logging_mixin.py:188} INFO - [2025-08-12T10:59:14.029-0300] {dag.py:3954} INFO - Setting next_dagrun for avisos_coordenador to 2025-08-12 13:30:00+00:00, run_after=2025-08-12 14:00:00+00:00
[2025-08-12T10:59:14.043-0300] {processor.py:183} INFO - Processing /opt/airflow/dags/avisos_coordenador.py took 0.464 seconds
[2025-08-12T10:59:44.747-0300] {processor.py:161} INFO - Started process (PID=4713) to work on /opt/airflow/dags/avisos_coordenador.py
[2025-08-12T10:59:44.748-0300] {processor.py:830} INFO - Processing file /opt/airflow/dags/avisos_coordenador.py for tasks to queue
[2025-08-12T10:59:44.749-0300] {logging_mixin.py:188} INFO - [2025-08-12T10:59:44.749-0300] {dagbag.py:545} INFO - Filling up the DagBag from /opt/airflow/dags/avisos_coordenador.py
[2025-08-12T10:59:45.194-0300] {processor.py:840} INFO - DAG(s) 'avisos_coordenador' retrieved from /opt/airflow/dags/avisos_coordenador.py
[2025-08-12T10:59:45.205-0300] {logging_mixin.py:188} INFO - [2025-08-12T10:59:45.205-0300] {dag.py:3096} INFO - Sync 1 DAGs
[2025-08-12T10:59:45.217-0300] {logging_mixin.py:188} INFO - [2025-08-12T10:59:45.217-0300] {dag.py:3954} INFO - Setting next_dagrun for avisos_coordenador to 2025-08-12 13:30:00+00:00, run_after=2025-08-12 14:00:00+00:00
[2025-08-12T10:59:45.231-0300] {processor.py:183} INFO - Processing /opt/airflow/dags/avisos_coordenador.py took 0.488 seconds
[2025-08-12T11:00:15.966-0300] {processor.py:161} INFO - Started process (PID=4727) to work on /opt/airflow/dags/avisos_coordenador.py
[2025-08-12T11:00:15.969-0300] {processor.py:830} INFO - Processing file /opt/airflow/dags/avisos_coordenador.py for tasks to queue
[2025-08-12T11:00:15.970-0300] {logging_mixin.py:188} INFO - [2025-08-12T11:00:15.970-0300] {dagbag.py:545} INFO - Filling up the DagBag from /opt/airflow/dags/avisos_coordenador.py
[2025-08-12T11:00:16.491-0300] {processor.py:840} INFO - DAG(s) 'avisos_coordenador' retrieved from /opt/airflow/dags/avisos_coordenador.py
[2025-08-12T11:00:16.503-0300] {logging_mixin.py:188} INFO - [2025-08-12T11:00:16.503-0300] {dag.py:3096} INFO - Sync 1 DAGs
[2025-08-12T11:00:16.516-0300] {logging_mixin.py:188} INFO - [2025-08-12T11:00:16.516-0300] {dag.py:3954} INFO - Setting next_dagrun for avisos_coordenador to 2025-08-12 14:00:00+00:00, run_after=2025-08-12 14:30:00+00:00
[2025-08-12T11:00:16.526-0300] {processor.py:183} INFO - Processing /opt/airflow/dags/avisos_coordenador.py took 0.564 seconds
[2025-08-12T11:00:47.143-0300] {processor.py:161} INFO - Started process (PID=4737) to work on /opt/airflow/dags/avisos_coordenador.py
[2025-08-12T11:00:47.143-0300] {processor.py:830} INFO - Processing file /opt/airflow/dags/avisos_coordenador.py for tasks to queue
[2025-08-12T11:00:47.144-0300] {logging_mixin.py:188} INFO - [2025-08-12T11:00:47.144-0300] {dagbag.py:545} INFO - Filling up the DagBag from /opt/airflow/dags/avisos_coordenador.py
[2025-08-12T11:00:47.583-0300] {processor.py:840} INFO - DAG(s) 'avisos_coordenador' retrieved from /opt/airflow/dags/avisos_coordenador.py
[2025-08-12T11:00:47.595-0300] {logging_mixin.py:188} INFO - [2025-08-12T11:00:47.594-0300] {dag.py:3096} INFO - Sync 1 DAGs
[2025-08-12T11:00:47.611-0300] {logging_mixin.py:188} INFO - [2025-08-12T11:00:47.611-0300] {dag.py:3954} INFO - Setting next_dagrun for avisos_coordenador to 2025-08-12 14:00:00+00:00, run_after=2025-08-12 14:30:00+00:00
[2025-08-12T11:00:47.624-0300] {processor.py:183} INFO - Processing /opt/airflow/dags/avisos_coordenador.py took 0.486 seconds
[2025-08-12T11:01:18.351-0300] {processor.py:161} INFO - Started process (PID=4747) to work on /opt/airflow/dags/avisos_coordenador.py
[2025-08-12T11:01:18.351-0300] {processor.py:830} INFO - Processing file /opt/airflow/dags/avisos_coordenador.py for tasks to queue
[2025-08-12T11:01:18.352-0300] {logging_mixin.py:188} INFO - [2025-08-12T11:01:18.352-0300] {dagbag.py:545} INFO - Filling up the DagBag from /opt/airflow/dags/avisos_coordenador.py
[2025-08-12T11:01:18.770-0300] {processor.py:840} INFO - DAG(s) 'avisos_coordenador' retrieved from /opt/airflow/dags/avisos_coordenador.py
[2025-08-12T11:01:18.781-0300] {logging_mixin.py:188} INFO - [2025-08-12T11:01:18.781-0300] {dag.py:3096} INFO - Sync 1 DAGs
[2025-08-12T11:01:18.791-0300] {logging_mixin.py:188} INFO - [2025-08-12T11:01:18.791-0300] {dag.py:3954} INFO - Setting next_dagrun for avisos_coordenador to 2025-08-12 14:00:00+00:00, run_after=2025-08-12 14:30:00+00:00
[2025-08-12T11:01:18.802-0300] {processor.py:183} INFO - Processing /opt/airflow/dags/avisos_coordenador.py took 0.456 seconds
[2025-08-12T11:01:49.552-0300] {processor.py:161} INFO - Started process (PID=4757) to work on /opt/airflow/dags/avisos_coordenador.py
[2025-08-12T11:01:49.553-0300] {processor.py:830} INFO - Processing file /opt/airflow/dags/avisos_coordenador.py for tasks to queue
[2025-08-12T11:01:49.556-0300] {logging_mixin.py:188} INFO - [2025-08-12T11:01:49.555-0300] {dagbag.py:545} INFO - Filling up the DagBag from /opt/airflow/dags/avisos_coordenador.py
[2025-08-12T11:01:49.994-0300] {processor.py:840} INFO - DAG(s) 'avisos_coordenador' retrieved from /opt/airflow/dags/avisos_coordenador.py
[2025-08-12T11:01:50.004-0300] {logging_mixin.py:188} INFO - [2025-08-12T11:01:50.004-0300] {dag.py:3096} INFO - Sync 1 DAGs
[2025-08-12T11:01:50.015-0300] {logging_mixin.py:188} INFO - [2025-08-12T11:01:50.015-0300] {dag.py:3954} INFO - Setting next_dagrun for avisos_coordenador to 2025-08-12 14:00:00+00:00, run_after=2025-08-12 14:30:00+00:00
[2025-08-12T11:01:50.028-0300] {processor.py:183} INFO - Processing /opt/airflow/dags/avisos_coordenador.py took 0.484 seconds
[2025-08-12T11:02:20.749-0300] {processor.py:161} INFO - Started process (PID=4767) to work on /opt/airflow/dags/avisos_coordenador.py
[2025-08-12T11:02:20.752-0300] {processor.py:830} INFO - Processing file /opt/airflow/dags/avisos_coordenador.py for tasks to queue
[2025-08-12T11:02:20.754-0300] {logging_mixin.py:188} INFO - [2025-08-12T11:02:20.754-0300] {dagbag.py:545} INFO - Filling up the DagBag from /opt/airflow/dags/avisos_coordenador.py
[2025-08-12T11:02:21.182-0300] {processor.py:840} INFO - DAG(s) 'avisos_coordenador' retrieved from /opt/airflow/dags/avisos_coordenador.py
[2025-08-12T11:02:21.192-0300] {logging_mixin.py:188} INFO - [2025-08-12T11:02:21.191-0300] {dag.py:3096} INFO - Sync 1 DAGs
[2025-08-12T11:02:21.203-0300] {logging_mixin.py:188} INFO - [2025-08-12T11:02:21.202-0300] {dag.py:3954} INFO - Setting next_dagrun for avisos_coordenador to 2025-08-12 14:00:00+00:00, run_after=2025-08-12 14:30:00+00:00
[2025-08-12T11:02:21.215-0300] {processor.py:183} INFO - Processing /opt/airflow/dags/avisos_coordenador.py took 0.472 seconds
[2025-08-12T11:02:51.950-0300] {processor.py:161} INFO - Started process (PID=4777) to work on /opt/airflow/dags/avisos_coordenador.py
[2025-08-12T11:02:51.953-0300] {processor.py:830} INFO - Processing file /opt/airflow/dags/avisos_coordenador.py for tasks to queue
[2025-08-12T11:02:51.954-0300] {logging_mixin.py:188} INFO - [2025-08-12T11:02:51.953-0300] {dagbag.py:545} INFO - Filling up the DagBag from /opt/airflow/dags/avisos_coordenador.py
[2025-08-12T11:02:52.385-0300] {processor.py:840} INFO - DAG(s) 'avisos_coordenador' retrieved from /opt/airflow/dags/avisos_coordenador.py
[2025-08-12T11:02:52.395-0300] {logging_mixin.py:188} INFO - [2025-08-12T11:02:52.395-0300] {dag.py:3096} INFO - Sync 1 DAGs
[2025-08-12T11:02:52.406-0300] {logging_mixin.py:188} INFO - [2025-08-12T11:02:52.406-0300] {dag.py:3954} INFO - Setting next_dagrun for avisos_coordenador to 2025-08-12 14:00:00+00:00, run_after=2025-08-12 14:30:00+00:00
[2025-08-12T11:02:52.418-0300] {processor.py:183} INFO - Processing /opt/airflow/dags/avisos_coordenador.py took 0.474 seconds
[2025-08-12T11:03:23.174-0300] {processor.py:161} INFO - Started process (PID=4787) to work on /opt/airflow/dags/avisos_coordenador.py
[2025-08-12T11:03:23.177-0300] {processor.py:830} INFO - Processing file /opt/airflow/dags/avisos_coordenador.py for tasks to queue
[2025-08-12T11:03:23.179-0300] {logging_mixin.py:188} INFO - [2025-08-12T11:03:23.178-0300] {dagbag.py:545} INFO - Filling up the DagBag from /opt/airflow/dags/avisos_coordenador.py
[2025-08-12T11:03:23.608-0300] {processor.py:840} INFO - DAG(s) 'avisos_coordenador' retrieved from /opt/airflow/dags/avisos_coordenador.py
[2025-08-12T11:03:23.617-0300] {logging_mixin.py:188} INFO - [2025-08-12T11:03:23.617-0300] {dag.py:3096} INFO - Sync 1 DAGs
[2025-08-12T11:03:23.629-0300] {logging_mixin.py:188} INFO - [2025-08-12T11:03:23.628-0300] {dag.py:3954} INFO - Setting next_dagrun for avisos_coordenador to 2025-08-12 14:00:00+00:00, run_after=2025-08-12 14:30:00+00:00
[2025-08-12T11:03:23.640-0300] {processor.py:183} INFO - Processing /opt/airflow/dags/avisos_coordenador.py took 0.472 seconds
[2025-08-12T11:03:54.387-0300] {processor.py:161} INFO - Started process (PID=4797) to work on /opt/airflow/dags/avisos_coordenador.py
[2025-08-12T11:03:54.387-0300] {processor.py:830} INFO - Processing file /opt/airflow/dags/avisos_coordenador.py for tasks to queue
[2025-08-12T11:03:54.388-0300] {logging_mixin.py:188} INFO - [2025-08-12T11:03:54.388-0300] {dagbag.py:545} INFO - Filling up the DagBag from /opt/airflow/dags/avisos_coordenador.py
[2025-08-12T11:03:54.811-0300] {processor.py:840} INFO - DAG(s) 'avisos_coordenador' retrieved from /opt/airflow/dags/avisos_coordenador.py
[2025-08-12T11:03:54.822-0300] {logging_mixin.py:188} INFO - [2025-08-12T11:03:54.822-0300] {dag.py:3096} INFO - Sync 1 DAGs
[2025-08-12T11:03:54.833-0300] {logging_mixin.py:188} INFO - [2025-08-12T11:03:54.833-0300] {dag.py:3954} INFO - Setting next_dagrun for avisos_coordenador to 2025-08-12 14:00:00+00:00, run_after=2025-08-12 14:30:00+00:00
[2025-08-12T11:03:54.846-0300] {processor.py:183} INFO - Processing /opt/airflow/dags/avisos_coordenador.py took 0.464 seconds
[2025-08-12T11:04:25.565-0300] {processor.py:161} INFO - Started process (PID=4807) to work on /opt/airflow/dags/avisos_coordenador.py
[2025-08-12T11:04:25.568-0300] {processor.py:830} INFO - Processing file /opt/airflow/dags/avisos_coordenador.py for tasks to queue
[2025-08-12T11:04:25.569-0300] {logging_mixin.py:188} INFO - [2025-08-12T11:04:25.569-0300] {dagbag.py:545} INFO - Filling up the DagBag from /opt/airflow/dags/avisos_coordenador.py
[2025-08-12T11:04:26.001-0300] {processor.py:840} INFO - DAG(s) 'avisos_coordenador' retrieved from /opt/airflow/dags/avisos_coordenador.py
[2025-08-12T11:04:26.012-0300] {logging_mixin.py:188} INFO - [2025-08-12T11:04:26.012-0300] {dag.py:3096} INFO - Sync 1 DAGs
[2025-08-12T11:04:26.023-0300] {logging_mixin.py:188} INFO - [2025-08-12T11:04:26.023-0300] {dag.py:3954} INFO - Setting next_dagrun for avisos_coordenador to 2025-08-12 14:00:00+00:00, run_after=2025-08-12 14:30:00+00:00
[2025-08-12T11:04:26.038-0300] {processor.py:183} INFO - Processing /opt/airflow/dags/avisos_coordenador.py took 0.477 seconds
[2025-08-12T11:04:56.783-0300] {processor.py:161} INFO - Started process (PID=4822) to work on /opt/airflow/dags/avisos_coordenador.py
[2025-08-12T11:04:56.784-0300] {processor.py:830} INFO - Processing file /opt/airflow/dags/avisos_coordenador.py for tasks to queue
[2025-08-12T11:04:56.785-0300] {logging_mixin.py:188} INFO - [2025-08-12T11:04:56.785-0300] {dagbag.py:545} INFO - Filling up the DagBag from /opt/airflow/dags/avisos_coordenador.py
[2025-08-12T11:04:57.207-0300] {processor.py:840} INFO - DAG(s) 'avisos_coordenador' retrieved from /opt/airflow/dags/avisos_coordenador.py
[2025-08-12T11:04:57.217-0300] {logging_mixin.py:188} INFO - [2025-08-12T11:04:57.217-0300] {dag.py:3096} INFO - Sync 1 DAGs
[2025-08-12T11:04:57.228-0300] {logging_mixin.py:188} INFO - [2025-08-12T11:04:57.228-0300] {dag.py:3954} INFO - Setting next_dagrun for avisos_coordenador to 2025-08-12 14:00:00+00:00, run_after=2025-08-12 14:30:00+00:00
[2025-08-12T11:04:57.240-0300] {processor.py:183} INFO - Processing /opt/airflow/dags/avisos_coordenador.py took 0.462 seconds
[2025-08-12T11:05:27.987-0300] {processor.py:161} INFO - Started process (PID=4832) to work on /opt/airflow/dags/avisos_coordenador.py
[2025-08-12T11:05:27.990-0300] {processor.py:830} INFO - Processing file /opt/airflow/dags/avisos_coordenador.py for tasks to queue
[2025-08-12T11:05:27.992-0300] {logging_mixin.py:188} INFO - [2025-08-12T11:05:27.992-0300] {dagbag.py:545} INFO - Filling up the DagBag from /opt/airflow/dags/avisos_coordenador.py
[2025-08-12T11:05:28.417-0300] {processor.py:840} INFO - DAG(s) 'avisos_coordenador' retrieved from /opt/airflow/dags/avisos_coordenador.py
[2025-08-12T11:05:28.427-0300] {logging_mixin.py:188} INFO - [2025-08-12T11:05:28.427-0300] {dag.py:3096} INFO - Sync 1 DAGs
[2025-08-12T11:05:28.437-0300] {logging_mixin.py:188} INFO - [2025-08-12T11:05:28.437-0300] {dag.py:3954} INFO - Setting next_dagrun for avisos_coordenador to 2025-08-12 14:00:00+00:00, run_after=2025-08-12 14:30:00+00:00
[2025-08-12T11:05:28.449-0300] {processor.py:183} INFO - Processing /opt/airflow/dags/avisos_coordenador.py took 0.467 seconds
[2025-08-12T11:05:59.202-0300] {processor.py:161} INFO - Started process (PID=4842) to work on /opt/airflow/dags/avisos_coordenador.py
[2025-08-12T11:05:59.202-0300] {processor.py:830} INFO - Processing file /opt/airflow/dags/avisos_coordenador.py for tasks to queue
[2025-08-12T11:05:59.203-0300] {logging_mixin.py:188} INFO - [2025-08-12T11:05:59.203-0300] {dagbag.py:545} INFO - Filling up the DagBag from /opt/airflow/dags/avisos_coordenador.py
[2025-08-12T11:05:59.625-0300] {processor.py:840} INFO - DAG(s) 'avisos_coordenador' retrieved from /opt/airflow/dags/avisos_coordenador.py
[2025-08-12T11:05:59.635-0300] {logging_mixin.py:188} INFO - [2025-08-12T11:05:59.635-0300] {dag.py:3096} INFO - Sync 1 DAGs
[2025-08-12T11:05:59.646-0300] {logging_mixin.py:188} INFO - [2025-08-12T11:05:59.646-0300] {dag.py:3954} INFO - Setting next_dagrun for avisos_coordenador to 2025-08-12 14:00:00+00:00, run_after=2025-08-12 14:30:00+00:00
[2025-08-12T11:05:59.659-0300] {processor.py:183} INFO - Processing /opt/airflow/dags/avisos_coordenador.py took 0.462 seconds
[2025-08-12T11:06:30.393-0300] {processor.py:161} INFO - Started process (PID=4852) to work on /opt/airflow/dags/avisos_coordenador.py
[2025-08-12T11:06:30.396-0300] {processor.py:830} INFO - Processing file /opt/airflow/dags/avisos_coordenador.py for tasks to queue
[2025-08-12T11:06:30.397-0300] {logging_mixin.py:188} INFO - [2025-08-12T11:06:30.397-0300] {dagbag.py:545} INFO - Filling up the DagBag from /opt/airflow/dags/avisos_coordenador.py
[2025-08-12T11:06:30.823-0300] {processor.py:840} INFO - DAG(s) 'avisos_coordenador' retrieved from /opt/airflow/dags/avisos_coordenador.py
[2025-08-12T11:06:30.833-0300] {logging_mixin.py:188} INFO - [2025-08-12T11:06:30.833-0300] {dag.py:3096} INFO - Sync 1 DAGs
[2025-08-12T11:06:30.843-0300] {logging_mixin.py:188} INFO - [2025-08-12T11:06:30.843-0300] {dag.py:3954} INFO - Setting next_dagrun for avisos_coordenador to 2025-08-12 14:00:00+00:00, run_after=2025-08-12 14:30:00+00:00
[2025-08-12T11:06:30.855-0300] {processor.py:183} INFO - Processing /opt/airflow/dags/avisos_coordenador.py took 0.467 seconds
[2025-08-12T11:07:01.612-0300] {processor.py:161} INFO - Started process (PID=4862) to work on /opt/airflow/dags/avisos_coordenador.py
[2025-08-12T11:07:01.612-0300] {processor.py:830} INFO - Processing file /opt/airflow/dags/avisos_coordenador.py for tasks to queue
[2025-08-12T11:07:01.613-0300] {logging_mixin.py:188} INFO - [2025-08-12T11:07:01.613-0300] {dagbag.py:545} INFO - Filling up the DagBag from /opt/airflow/dags/avisos_coordenador.py
[2025-08-12T11:07:02.041-0300] {processor.py:840} INFO - DAG(s) 'avisos_coordenador' retrieved from /opt/airflow/dags/avisos_coordenador.py
[2025-08-12T11:07:02.051-0300] {logging_mixin.py:188} INFO - [2025-08-12T11:07:02.051-0300] {dag.py:3096} INFO - Sync 1 DAGs
[2025-08-12T11:07:02.063-0300] {logging_mixin.py:188} INFO - [2025-08-12T11:07:02.063-0300] {dag.py:3954} INFO - Setting next_dagrun for avisos_coordenador to 2025-08-12 14:00:00+00:00, run_after=2025-08-12 14:30:00+00:00
[2025-08-12T11:07:02.076-0300] {processor.py:183} INFO - Processing /opt/airflow/dags/avisos_coordenador.py took 0.470 seconds
[2025-08-12T11:07:32.827-0300] {processor.py:161} INFO - Started process (PID=4872) to work on /opt/airflow/dags/avisos_coordenador.py
[2025-08-12T11:07:32.831-0300] {processor.py:830} INFO - Processing file /opt/airflow/dags/avisos_coordenador.py for tasks to queue
[2025-08-12T11:07:32.832-0300] {logging_mixin.py:188} INFO - [2025-08-12T11:07:32.832-0300] {dagbag.py:545} INFO - Filling up the DagBag from /opt/airflow/dags/avisos_coordenador.py
[2025-08-12T11:07:33.260-0300] {processor.py:840} INFO - DAG(s) 'avisos_coordenador' retrieved from /opt/airflow/dags/avisos_coordenador.py
[2025-08-12T11:07:33.270-0300] {logging_mixin.py:188} INFO - [2025-08-12T11:07:33.270-0300] {dag.py:3096} INFO - Sync 1 DAGs
[2025-08-12T11:07:33.281-0300] {logging_mixin.py:188} INFO - [2025-08-12T11:07:33.281-0300] {dag.py:3954} INFO - Setting next_dagrun for avisos_coordenador to 2025-08-12 14:00:00+00:00, run_after=2025-08-12 14:30:00+00:00
[2025-08-12T11:07:33.294-0300] {processor.py:183} INFO - Processing /opt/airflow/dags/avisos_coordenador.py took 0.471 seconds
[2025-08-12T11:08:04.056-0300] {processor.py:161} INFO - Started process (PID=4882) to work on /opt/airflow/dags/avisos_coordenador.py
[2025-08-12T11:08:04.059-0300] {processor.py:830} INFO - Processing file /opt/airflow/dags/avisos_coordenador.py for tasks to queue
[2025-08-12T11:08:04.060-0300] {logging_mixin.py:188} INFO - [2025-08-12T11:08:04.060-0300] {dagbag.py:545} INFO - Filling up the DagBag from /opt/airflow/dags/avisos_coordenador.py
[2025-08-12T11:08:04.485-0300] {processor.py:840} INFO - DAG(s) 'avisos_coordenador' retrieved from /opt/airflow/dags/avisos_coordenador.py
[2025-08-12T11:08:04.496-0300] {logging_mixin.py:188} INFO - [2025-08-12T11:08:04.495-0300] {dag.py:3096} INFO - Sync 1 DAGs
[2025-08-12T11:08:04.507-0300] {logging_mixin.py:188} INFO - [2025-08-12T11:08:04.507-0300] {dag.py:3954} INFO - Setting next_dagrun for avisos_coordenador to 2025-08-12 14:00:00+00:00, run_after=2025-08-12 14:30:00+00:00
[2025-08-12T11:08:04.517-0300] {processor.py:183} INFO - Processing /opt/airflow/dags/avisos_coordenador.py took 0.466 seconds
[2025-08-12T11:08:35.269-0300] {processor.py:161} INFO - Started process (PID=4892) to work on /opt/airflow/dags/avisos_coordenador.py
[2025-08-12T11:08:35.272-0300] {processor.py:830} INFO - Processing file /opt/airflow/dags/avisos_coordenador.py for tasks to queue
[2025-08-12T11:08:35.274-0300] {logging_mixin.py:188} INFO - [2025-08-12T11:08:35.274-0300] {dagbag.py:545} INFO - Filling up the DagBag from /opt/airflow/dags/avisos_coordenador.py
[2025-08-12T11:08:35.705-0300] {processor.py:840} INFO - DAG(s) 'avisos_coordenador' retrieved from /opt/airflow/dags/avisos_coordenador.py
[2025-08-12T11:08:35.715-0300] {logging_mixin.py:188} INFO - [2025-08-12T11:08:35.714-0300] {dag.py:3096} INFO - Sync 1 DAGs
[2025-08-12T11:08:35.726-0300] {logging_mixin.py:188} INFO - [2025-08-12T11:08:35.725-0300] {dag.py:3954} INFO - Setting next_dagrun for avisos_coordenador to 2025-08-12 14:00:00+00:00, run_after=2025-08-12 14:30:00+00:00
[2025-08-12T11:08:35.735-0300] {processor.py:183} INFO - Processing /opt/airflow/dags/avisos_coordenador.py took 0.471 seconds
[2025-08-12T11:09:06.511-0300] {processor.py:161} INFO - Started process (PID=4902) to work on /opt/airflow/dags/avisos_coordenador.py
[2025-08-12T11:09:06.514-0300] {processor.py:830} INFO - Processing file /opt/airflow/dags/avisos_coordenador.py for tasks to queue
[2025-08-12T11:09:06.516-0300] {logging_mixin.py:188} INFO - [2025-08-12T11:09:06.516-0300] {dagbag.py:545} INFO - Filling up the DagBag from /opt/airflow/dags/avisos_coordenador.py
[2025-08-12T11:09:06.939-0300] {processor.py:840} INFO - DAG(s) 'avisos_coordenador' retrieved from /opt/airflow/dags/avisos_coordenador.py
[2025-08-12T11:09:06.949-0300] {logging_mixin.py:188} INFO - [2025-08-12T11:09:06.949-0300] {dag.py:3096} INFO - Sync 1 DAGs
[2025-08-12T11:09:06.959-0300] {logging_mixin.py:188} INFO - [2025-08-12T11:09:06.959-0300] {dag.py:3954} INFO - Setting next_dagrun for avisos_coordenador to 2025-08-12 14:00:00+00:00, run_after=2025-08-12 14:30:00+00:00
[2025-08-12T11:09:06.972-0300] {processor.py:183} INFO - Processing /opt/airflow/dags/avisos_coordenador.py took 0.468 seconds
[2025-08-12T11:09:37.731-0300] {processor.py:161} INFO - Started process (PID=4912) to work on /opt/airflow/dags/avisos_coordenador.py
[2025-08-12T11:09:37.731-0300] {processor.py:830} INFO - Processing file /opt/airflow/dags/avisos_coordenador.py for tasks to queue
[2025-08-12T11:09:37.733-0300] {logging_mixin.py:188} INFO - [2025-08-12T11:09:37.732-0300] {dagbag.py:545} INFO - Filling up the DagBag from /opt/airflow/dags/avisos_coordenador.py
[2025-08-12T11:09:38.155-0300] {processor.py:840} INFO - DAG(s) 'avisos_coordenador' retrieved from /opt/airflow/dags/avisos_coordenador.py
[2025-08-12T11:09:38.165-0300] {logging_mixin.py:188} INFO - [2025-08-12T11:09:38.165-0300] {dag.py:3096} INFO - Sync 1 DAGs
[2025-08-12T11:09:38.176-0300] {logging_mixin.py:188} INFO - [2025-08-12T11:09:38.176-0300] {dag.py:3954} INFO - Setting next_dagrun for avisos_coordenador to 2025-08-12 14:00:00+00:00, run_after=2025-08-12 14:30:00+00:00
[2025-08-12T11:09:38.188-0300] {processor.py:183} INFO - Processing /opt/airflow/dags/avisos_coordenador.py took 0.465 seconds
[2025-08-12T11:10:08.938-0300] {processor.py:161} INFO - Started process (PID=4922) to work on /opt/airflow/dags/avisos_coordenador.py
[2025-08-12T11:10:08.938-0300] {processor.py:830} INFO - Processing file /opt/airflow/dags/avisos_coordenador.py for tasks to queue
[2025-08-12T11:10:08.939-0300] {logging_mixin.py:188} INFO - [2025-08-12T11:10:08.939-0300] {dagbag.py:545} INFO - Filling up the DagBag from /opt/airflow/dags/avisos_coordenador.py
[2025-08-12T11:10:09.357-0300] {processor.py:840} INFO - DAG(s) 'avisos_coordenador' retrieved from /opt/airflow/dags/avisos_coordenador.py
[2025-08-12T11:10:09.368-0300] {logging_mixin.py:188} INFO - [2025-08-12T11:10:09.368-0300] {dag.py:3096} INFO - Sync 1 DAGs
[2025-08-12T11:10:09.379-0300] {logging_mixin.py:188} INFO - [2025-08-12T11:10:09.379-0300] {dag.py:3954} INFO - Setting next_dagrun for avisos_coordenador to 2025-08-12 14:00:00+00:00, run_after=2025-08-12 14:30:00+00:00
[2025-08-12T11:10:09.391-0300] {processor.py:183} INFO - Processing /opt/airflow/dags/avisos_coordenador.py took 0.457 seconds
[2025-08-12T11:10:40.160-0300] {processor.py:161} INFO - Started process (PID=4932) to work on /opt/airflow/dags/avisos_coordenador.py
[2025-08-12T11:10:40.161-0300] {processor.py:830} INFO - Processing file /opt/airflow/dags/avisos_coordenador.py for tasks to queue
[2025-08-12T11:10:40.163-0300] {logging_mixin.py:188} INFO - [2025-08-12T11:10:40.163-0300] {dagbag.py:545} INFO - Filling up the DagBag from /opt/airflow/dags/avisos_coordenador.py
[2025-08-12T11:10:40.589-0300] {processor.py:840} INFO - DAG(s) 'avisos_coordenador' retrieved from /opt/airflow/dags/avisos_coordenador.py
[2025-08-12T11:10:40.600-0300] {logging_mixin.py:188} INFO - [2025-08-12T11:10:40.600-0300] {dag.py:3096} INFO - Sync 1 DAGs
[2025-08-12T11:10:40.610-0300] {logging_mixin.py:188} INFO - [2025-08-12T11:10:40.610-0300] {dag.py:3954} INFO - Setting next_dagrun for avisos_coordenador to 2025-08-12 14:00:00+00:00, run_after=2025-08-12 14:30:00+00:00
[2025-08-12T11:10:40.623-0300] {processor.py:183} INFO - Processing /opt/airflow/dags/avisos_coordenador.py took 0.469 seconds
[2025-08-12T11:11:11.382-0300] {processor.py:161} INFO - Started process (PID=4942) to work on /opt/airflow/dags/avisos_coordenador.py
[2025-08-12T11:11:11.386-0300] {processor.py:830} INFO - Processing file /opt/airflow/dags/avisos_coordenador.py for tasks to queue
[2025-08-12T11:11:11.387-0300] {logging_mixin.py:188} INFO - [2025-08-12T11:11:11.387-0300] {dagbag.py:545} INFO - Filling up the DagBag from /opt/airflow/dags/avisos_coordenador.py
[2025-08-12T11:11:11.846-0300] {processor.py:840} INFO - DAG(s) 'avisos_coordenador' retrieved from /opt/airflow/dags/avisos_coordenador.py
[2025-08-12T11:11:11.858-0300] {logging_mixin.py:188} INFO - [2025-08-12T11:11:11.858-0300] {dag.py:3096} INFO - Sync 1 DAGs
[2025-08-12T11:11:11.870-0300] {logging_mixin.py:188} INFO - [2025-08-12T11:11:11.870-0300] {dag.py:3954} INFO - Setting next_dagrun for avisos_coordenador to 2025-08-12 14:00:00+00:00, run_after=2025-08-12 14:30:00+00:00
[2025-08-12T11:11:11.882-0300] {processor.py:183} INFO - Processing /opt/airflow/dags/avisos_coordenador.py took 0.505 seconds
