[2025-08-12T08:23:27.449-0300] {processor.py:161} INFO - Started process (PID=4485) to work on /opt/airflow/dags/notas_ordem.py
[2025-08-12T08:23:27.450-0300] {processor.py:830} INFO - Processing file /opt/airflow/dags/notas_ordem.py for tasks to queue
[2025-08-12T08:23:27.452-0300] {logging_mixin.py:188} INFO - [2025-08-12T08:23:27.452-0300] {dagbag.py:545} INFO - Filling up the DagBag from /opt/airflow/dags/notas_ordem.py
[2025-08-12T08:23:27.476-0300] {processor.py:840} INFO - DAG(s) 'exportar_bq_para_gcs_csv' retrieved from /opt/airflow/dags/notas_ordem.py
[2025-08-12T08:23:27.517-0300] {logging_mixin.py:188} INFO - [2025-08-12T08:23:27.516-0300] {dag.py:3096} INFO - Sync 1 DAGs
[2025-08-12T08:23:27.549-0300] {logging_mixin.py:188} INFO - [2025-08-12T08:23:27.549-0300] {dag.py:3954} INFO - Setting next_dagrun for exportar_bq_para_gcs_csv to 2025-08-11 10:00:00+00:00, run_after=2025-08-12 10:00:00+00:00
[2025-08-12T08:23:27.589-0300] {processor.py:183} INFO - Processing /opt/airflow/dags/notas_ordem.py took 0.149 seconds
[2025-08-12T10:48:49.469-0300] {processor.py:161} INFO - Started process (PID=4499) to work on /opt/airflow/dags/notas_ordem.py
[2025-08-12T10:48:49.471-0300] {processor.py:830} INFO - Processing file /opt/airflow/dags/notas_ordem.py for tasks to queue
[2025-08-12T10:48:49.474-0300] {logging_mixin.py:188} INFO - [2025-08-12T10:48:49.473-0300] {dagbag.py:545} INFO - Filling up the DagBag from /opt/airflow/dags/notas_ordem.py
[2025-08-12T10:48:49.498-0300] {processor.py:840} INFO - DAG(s) 'exportar_bq_para_gcs_csv' retrieved from /opt/airflow/dags/notas_ordem.py
[2025-08-12T10:48:49.531-0300] {logging_mixin.py:188} INFO - [2025-08-12T10:48:49.530-0300] {dag.py:3096} INFO - Sync 1 DAGs
[2025-08-12T10:48:49.560-0300] {logging_mixin.py:188} INFO - [2025-08-12T10:48:49.559-0300] {dag.py:3954} INFO - Setting next_dagrun for exportar_bq_para_gcs_csv to 2025-08-11 10:00:00+00:00, run_after=2025-08-12 10:00:00+00:00
[2025-08-12T10:48:49.577-0300] {processor.py:183} INFO - Processing /opt/airflow/dags/notas_ordem.py took 0.119 seconds
[2025-08-12T10:49:19.732-0300] {processor.py:161} INFO - Started process (PID=4508) to work on /opt/airflow/dags/notas_ordem.py
[2025-08-12T10:49:19.733-0300] {processor.py:830} INFO - Processing file /opt/airflow/dags/notas_ordem.py for tasks to queue
[2025-08-12T10:49:19.735-0300] {logging_mixin.py:188} INFO - [2025-08-12T10:49:19.735-0300] {dagbag.py:545} INFO - Filling up the DagBag from /opt/airflow/dags/notas_ordem.py
[2025-08-12T10:49:19.744-0300] {processor.py:840} INFO - DAG(s) 'exportar_bq_para_gcs_csv' retrieved from /opt/airflow/dags/notas_ordem.py
[2025-08-12T10:49:19.757-0300] {logging_mixin.py:188} INFO - [2025-08-12T10:49:19.757-0300] {dag.py:3096} INFO - Sync 1 DAGs
[2025-08-12T10:49:19.769-0300] {logging_mixin.py:188} INFO - [2025-08-12T10:49:19.769-0300] {dag.py:3954} INFO - Setting next_dagrun for exportar_bq_para_gcs_csv to 2025-08-11 10:00:00+00:00, run_after=2025-08-12 10:00:00+00:00
[2025-08-12T10:49:19.779-0300] {processor.py:183} INFO - Processing /opt/airflow/dags/notas_ordem.py took 0.056 seconds
[2025-08-12T10:49:49.943-0300] {processor.py:161} INFO - Started process (PID=4518) to work on /opt/airflow/dags/notas_ordem.py
[2025-08-12T10:49:49.943-0300] {processor.py:830} INFO - Processing file /opt/airflow/dags/notas_ordem.py for tasks to queue
[2025-08-12T10:49:49.945-0300] {logging_mixin.py:188} INFO - [2025-08-12T10:49:49.945-0300] {dagbag.py:545} INFO - Filling up the DagBag from /opt/airflow/dags/notas_ordem.py
[2025-08-12T10:49:49.954-0300] {processor.py:840} INFO - DAG(s) 'exportar_bq_para_gcs_csv' retrieved from /opt/airflow/dags/notas_ordem.py
[2025-08-12T10:49:49.967-0300] {logging_mixin.py:188} INFO - [2025-08-12T10:49:49.967-0300] {dag.py:3096} INFO - Sync 1 DAGs
[2025-08-12T10:49:49.979-0300] {logging_mixin.py:188} INFO - [2025-08-12T10:49:49.978-0300] {dag.py:3954} INFO - Setting next_dagrun for exportar_bq_para_gcs_csv to 2025-08-11 10:00:00+00:00, run_after=2025-08-12 10:00:00+00:00
[2025-08-12T10:49:49.987-0300] {processor.py:183} INFO - Processing /opt/airflow/dags/notas_ordem.py took 0.052 seconds
[2025-08-12T10:50:20.151-0300] {processor.py:161} INFO - Started process (PID=4528) to work on /opt/airflow/dags/notas_ordem.py
[2025-08-12T10:50:20.151-0300] {processor.py:830} INFO - Processing file /opt/airflow/dags/notas_ordem.py for tasks to queue
[2025-08-12T10:50:20.153-0300] {logging_mixin.py:188} INFO - [2025-08-12T10:50:20.153-0300] {dagbag.py:545} INFO - Filling up the DagBag from /opt/airflow/dags/notas_ordem.py
[2025-08-12T10:50:20.162-0300] {processor.py:840} INFO - DAG(s) 'exportar_bq_para_gcs_csv' retrieved from /opt/airflow/dags/notas_ordem.py
[2025-08-12T10:50:20.177-0300] {logging_mixin.py:188} INFO - [2025-08-12T10:50:20.177-0300] {dag.py:3096} INFO - Sync 1 DAGs
[2025-08-12T10:50:20.193-0300] {logging_mixin.py:188} INFO - [2025-08-12T10:50:20.193-0300] {dag.py:3954} INFO - Setting next_dagrun for exportar_bq_para_gcs_csv to 2025-08-11 10:00:00+00:00, run_after=2025-08-12 10:00:00+00:00
[2025-08-12T10:50:20.206-0300] {processor.py:183} INFO - Processing /opt/airflow/dags/notas_ordem.py took 0.063 seconds
[2025-08-12T10:50:50.368-0300] {processor.py:161} INFO - Started process (PID=4538) to work on /opt/airflow/dags/notas_ordem.py
[2025-08-12T10:50:50.371-0300] {processor.py:830} INFO - Processing file /opt/airflow/dags/notas_ordem.py for tasks to queue
[2025-08-12T10:50:50.373-0300] {logging_mixin.py:188} INFO - [2025-08-12T10:50:50.373-0300] {dagbag.py:545} INFO - Filling up the DagBag from /opt/airflow/dags/notas_ordem.py
[2025-08-12T10:50:50.384-0300] {processor.py:840} INFO - DAG(s) 'exportar_bq_para_gcs_csv' retrieved from /opt/airflow/dags/notas_ordem.py
[2025-08-12T10:50:50.400-0300] {logging_mixin.py:188} INFO - [2025-08-12T10:50:50.400-0300] {dag.py:3096} INFO - Sync 1 DAGs
[2025-08-12T10:50:50.413-0300] {logging_mixin.py:188} INFO - [2025-08-12T10:50:50.413-0300] {dag.py:3954} INFO - Setting next_dagrun for exportar_bq_para_gcs_csv to 2025-08-11 10:00:00+00:00, run_after=2025-08-12 10:00:00+00:00
[2025-08-12T10:50:50.423-0300] {processor.py:183} INFO - Processing /opt/airflow/dags/notas_ordem.py took 0.061 seconds
[2025-08-12T10:51:20.566-0300] {processor.py:161} INFO - Started process (PID=4548) to work on /opt/airflow/dags/notas_ordem.py
[2025-08-12T10:51:20.567-0300] {processor.py:830} INFO - Processing file /opt/airflow/dags/notas_ordem.py for tasks to queue
[2025-08-12T10:51:20.568-0300] {logging_mixin.py:188} INFO - [2025-08-12T10:51:20.568-0300] {dagbag.py:545} INFO - Filling up the DagBag from /opt/airflow/dags/notas_ordem.py
[2025-08-12T10:51:20.576-0300] {processor.py:840} INFO - DAG(s) 'exportar_bq_para_gcs_csv' retrieved from /opt/airflow/dags/notas_ordem.py
[2025-08-12T10:51:20.591-0300] {logging_mixin.py:188} INFO - [2025-08-12T10:51:20.590-0300] {dag.py:3096} INFO - Sync 1 DAGs
[2025-08-12T10:51:20.603-0300] {logging_mixin.py:188} INFO - [2025-08-12T10:51:20.603-0300] {dag.py:3954} INFO - Setting next_dagrun for exportar_bq_para_gcs_csv to 2025-08-11 10:00:00+00:00, run_after=2025-08-12 10:00:00+00:00
[2025-08-12T10:51:20.612-0300] {processor.py:183} INFO - Processing /opt/airflow/dags/notas_ordem.py took 0.054 seconds
[2025-08-12T10:51:50.744-0300] {processor.py:161} INFO - Started process (PID=4558) to work on /opt/airflow/dags/notas_ordem.py
[2025-08-12T10:51:50.747-0300] {processor.py:830} INFO - Processing file /opt/airflow/dags/notas_ordem.py for tasks to queue
[2025-08-12T10:51:50.749-0300] {logging_mixin.py:188} INFO - [2025-08-12T10:51:50.749-0300] {dagbag.py:545} INFO - Filling up the DagBag from /opt/airflow/dags/notas_ordem.py
[2025-08-12T10:51:50.759-0300] {processor.py:840} INFO - DAG(s) 'exportar_bq_para_gcs_csv' retrieved from /opt/airflow/dags/notas_ordem.py
[2025-08-12T10:51:50.775-0300] {logging_mixin.py:188} INFO - [2025-08-12T10:51:50.775-0300] {dag.py:3096} INFO - Sync 1 DAGs
[2025-08-12T10:51:50.787-0300] {logging_mixin.py:188} INFO - [2025-08-12T10:51:50.787-0300] {dag.py:3954} INFO - Setting next_dagrun for exportar_bq_para_gcs_csv to 2025-08-11 10:00:00+00:00, run_after=2025-08-12 10:00:00+00:00
[2025-08-12T10:51:50.797-0300] {processor.py:183} INFO - Processing /opt/airflow/dags/notas_ordem.py took 0.058 seconds
[2025-08-12T10:52:20.960-0300] {processor.py:161} INFO - Started process (PID=4568) to work on /opt/airflow/dags/notas_ordem.py
[2025-08-12T10:52:20.961-0300] {processor.py:830} INFO - Processing file /opt/airflow/dags/notas_ordem.py for tasks to queue
[2025-08-12T10:52:20.963-0300] {logging_mixin.py:188} INFO - [2025-08-12T10:52:20.963-0300] {dagbag.py:545} INFO - Filling up the DagBag from /opt/airflow/dags/notas_ordem.py
[2025-08-12T10:52:20.971-0300] {processor.py:840} INFO - DAG(s) 'exportar_bq_para_gcs_csv' retrieved from /opt/airflow/dags/notas_ordem.py
[2025-08-12T10:52:20.984-0300] {logging_mixin.py:188} INFO - [2025-08-12T10:52:20.984-0300] {dag.py:3096} INFO - Sync 1 DAGs
[2025-08-12T10:52:20.996-0300] {logging_mixin.py:188} INFO - [2025-08-12T10:52:20.996-0300] {dag.py:3954} INFO - Setting next_dagrun for exportar_bq_para_gcs_csv to 2025-08-11 10:00:00+00:00, run_after=2025-08-12 10:00:00+00:00
[2025-08-12T10:52:21.006-0300] {processor.py:183} INFO - Processing /opt/airflow/dags/notas_ordem.py took 0.056 seconds
[2025-08-12T10:52:51.174-0300] {processor.py:161} INFO - Started process (PID=4578) to work on /opt/airflow/dags/notas_ordem.py
[2025-08-12T10:52:51.177-0300] {processor.py:830} INFO - Processing file /opt/airflow/dags/notas_ordem.py for tasks to queue
[2025-08-12T10:52:51.180-0300] {logging_mixin.py:188} INFO - [2025-08-12T10:52:51.180-0300] {dagbag.py:545} INFO - Filling up the DagBag from /opt/airflow/dags/notas_ordem.py
[2025-08-12T10:52:51.190-0300] {processor.py:840} INFO - DAG(s) 'exportar_bq_para_gcs_csv' retrieved from /opt/airflow/dags/notas_ordem.py
[2025-08-12T10:52:51.203-0300] {logging_mixin.py:188} INFO - [2025-08-12T10:52:51.203-0300] {dag.py:3096} INFO - Sync 1 DAGs
[2025-08-12T10:52:51.215-0300] {logging_mixin.py:188} INFO - [2025-08-12T10:52:51.215-0300] {dag.py:3954} INFO - Setting next_dagrun for exportar_bq_para_gcs_csv to 2025-08-11 10:00:00+00:00, run_after=2025-08-12 10:00:00+00:00
[2025-08-12T10:52:51.225-0300] {processor.py:183} INFO - Processing /opt/airflow/dags/notas_ordem.py took 0.060 seconds
[2025-08-12T10:53:21.386-0300] {processor.py:161} INFO - Started process (PID=4588) to work on /opt/airflow/dags/notas_ordem.py
[2025-08-12T10:53:21.386-0300] {processor.py:830} INFO - Processing file /opt/airflow/dags/notas_ordem.py for tasks to queue
[2025-08-12T10:53:21.388-0300] {logging_mixin.py:188} INFO - [2025-08-12T10:53:21.388-0300] {dagbag.py:545} INFO - Filling up the DagBag from /opt/airflow/dags/notas_ordem.py
[2025-08-12T10:53:21.397-0300] {processor.py:840} INFO - DAG(s) 'exportar_bq_para_gcs_csv' retrieved from /opt/airflow/dags/notas_ordem.py
[2025-08-12T10:53:21.410-0300] {logging_mixin.py:188} INFO - [2025-08-12T10:53:21.410-0300] {dag.py:3096} INFO - Sync 1 DAGs
[2025-08-12T10:53:21.423-0300] {logging_mixin.py:188} INFO - [2025-08-12T10:53:21.423-0300] {dag.py:3954} INFO - Setting next_dagrun for exportar_bq_para_gcs_csv to 2025-08-11 10:00:00+00:00, run_after=2025-08-12 10:00:00+00:00
[2025-08-12T10:53:21.432-0300] {processor.py:183} INFO - Processing /opt/airflow/dags/notas_ordem.py took 0.055 seconds
[2025-08-12T10:53:51.593-0300] {processor.py:161} INFO - Started process (PID=4598) to work on /opt/airflow/dags/notas_ordem.py
[2025-08-12T10:53:51.597-0300] {processor.py:830} INFO - Processing file /opt/airflow/dags/notas_ordem.py for tasks to queue
[2025-08-12T10:53:51.599-0300] {logging_mixin.py:188} INFO - [2025-08-12T10:53:51.598-0300] {dagbag.py:545} INFO - Filling up the DagBag from /opt/airflow/dags/notas_ordem.py
[2025-08-12T10:53:51.607-0300] {processor.py:840} INFO - DAG(s) 'exportar_bq_para_gcs_csv' retrieved from /opt/airflow/dags/notas_ordem.py
[2025-08-12T10:53:51.623-0300] {logging_mixin.py:188} INFO - [2025-08-12T10:53:51.622-0300] {dag.py:3096} INFO - Sync 1 DAGs
[2025-08-12T10:53:51.636-0300] {logging_mixin.py:188} INFO - [2025-08-12T10:53:51.636-0300] {dag.py:3954} INFO - Setting next_dagrun for exportar_bq_para_gcs_csv to 2025-08-11 10:00:00+00:00, run_after=2025-08-12 10:00:00+00:00
[2025-08-12T10:53:51.646-0300] {processor.py:183} INFO - Processing /opt/airflow/dags/notas_ordem.py took 0.059 seconds
[2025-08-12T10:54:21.784-0300] {processor.py:161} INFO - Started process (PID=4608) to work on /opt/airflow/dags/notas_ordem.py
[2025-08-12T10:54:21.785-0300] {processor.py:830} INFO - Processing file /opt/airflow/dags/notas_ordem.py for tasks to queue
[2025-08-12T10:54:21.787-0300] {logging_mixin.py:188} INFO - [2025-08-12T10:54:21.786-0300] {dagbag.py:545} INFO - Filling up the DagBag from /opt/airflow/dags/notas_ordem.py
[2025-08-12T10:54:21.795-0300] {processor.py:840} INFO - DAG(s) 'exportar_bq_para_gcs_csv' retrieved from /opt/airflow/dags/notas_ordem.py
[2025-08-12T10:54:21.808-0300] {logging_mixin.py:188} INFO - [2025-08-12T10:54:21.808-0300] {dag.py:3096} INFO - Sync 1 DAGs
[2025-08-12T10:54:21.820-0300] {logging_mixin.py:188} INFO - [2025-08-12T10:54:21.820-0300] {dag.py:3954} INFO - Setting next_dagrun for exportar_bq_para_gcs_csv to 2025-08-11 10:00:00+00:00, run_after=2025-08-12 10:00:00+00:00
[2025-08-12T10:54:21.829-0300] {processor.py:183} INFO - Processing /opt/airflow/dags/notas_ordem.py took 0.054 seconds
[2025-08-12T10:54:51.960-0300] {processor.py:161} INFO - Started process (PID=4618) to work on /opt/airflow/dags/notas_ordem.py
[2025-08-12T10:54:51.960-0300] {processor.py:830} INFO - Processing file /opt/airflow/dags/notas_ordem.py for tasks to queue
[2025-08-12T10:54:51.961-0300] {logging_mixin.py:188} INFO - [2025-08-12T10:54:51.961-0300] {dagbag.py:545} INFO - Filling up the DagBag from /opt/airflow/dags/notas_ordem.py
[2025-08-12T10:54:51.969-0300] {processor.py:840} INFO - DAG(s) 'exportar_bq_para_gcs_csv' retrieved from /opt/airflow/dags/notas_ordem.py
[2025-08-12T10:54:51.984-0300] {logging_mixin.py:188} INFO - [2025-08-12T10:54:51.984-0300] {dag.py:3096} INFO - Sync 1 DAGs
[2025-08-12T10:54:51.997-0300] {logging_mixin.py:188} INFO - [2025-08-12T10:54:51.997-0300] {dag.py:3954} INFO - Setting next_dagrun for exportar_bq_para_gcs_csv to 2025-08-11 10:00:00+00:00, run_after=2025-08-12 10:00:00+00:00
[2025-08-12T10:54:52.008-0300] {processor.py:183} INFO - Processing /opt/airflow/dags/notas_ordem.py took 0.051 seconds
[2025-08-12T10:55:22.141-0300] {processor.py:161} INFO - Started process (PID=4628) to work on /opt/airflow/dags/notas_ordem.py
[2025-08-12T10:55:22.142-0300] {processor.py:830} INFO - Processing file /opt/airflow/dags/notas_ordem.py for tasks to queue
[2025-08-12T10:55:22.143-0300] {logging_mixin.py:188} INFO - [2025-08-12T10:55:22.143-0300] {dagbag.py:545} INFO - Filling up the DagBag from /opt/airflow/dags/notas_ordem.py
[2025-08-12T10:55:22.152-0300] {processor.py:840} INFO - DAG(s) 'exportar_bq_para_gcs_csv' retrieved from /opt/airflow/dags/notas_ordem.py
[2025-08-12T10:55:22.165-0300] {logging_mixin.py:188} INFO - [2025-08-12T10:55:22.165-0300] {dag.py:3096} INFO - Sync 1 DAGs
[2025-08-12T10:55:22.177-0300] {logging_mixin.py:188} INFO - [2025-08-12T10:55:22.177-0300] {dag.py:3954} INFO - Setting next_dagrun for exportar_bq_para_gcs_csv to 2025-08-11 10:00:00+00:00, run_after=2025-08-12 10:00:00+00:00
[2025-08-12T10:55:22.186-0300] {processor.py:183} INFO - Processing /opt/airflow/dags/notas_ordem.py took 0.051 seconds
[2025-08-12T10:55:52.316-0300] {processor.py:161} INFO - Started process (PID=4638) to work on /opt/airflow/dags/notas_ordem.py
[2025-08-12T10:55:52.320-0300] {processor.py:830} INFO - Processing file /opt/airflow/dags/notas_ordem.py for tasks to queue
[2025-08-12T10:55:52.321-0300] {logging_mixin.py:188} INFO - [2025-08-12T10:55:52.321-0300] {dagbag.py:545} INFO - Filling up the DagBag from /opt/airflow/dags/notas_ordem.py
[2025-08-12T10:55:52.330-0300] {processor.py:840} INFO - DAG(s) 'exportar_bq_para_gcs_csv' retrieved from /opt/airflow/dags/notas_ordem.py
[2025-08-12T10:55:52.344-0300] {logging_mixin.py:188} INFO - [2025-08-12T10:55:52.344-0300] {dag.py:3096} INFO - Sync 1 DAGs
[2025-08-12T10:55:52.358-0300] {logging_mixin.py:188} INFO - [2025-08-12T10:55:52.358-0300] {dag.py:3954} INFO - Setting next_dagrun for exportar_bq_para_gcs_csv to 2025-08-11 10:00:00+00:00, run_after=2025-08-12 10:00:00+00:00
[2025-08-12T10:55:52.368-0300] {processor.py:183} INFO - Processing /opt/airflow/dags/notas_ordem.py took 0.058 seconds
[2025-08-12T10:56:22.519-0300] {processor.py:161} INFO - Started process (PID=4648) to work on /opt/airflow/dags/notas_ordem.py
[2025-08-12T10:56:22.520-0300] {processor.py:830} INFO - Processing file /opt/airflow/dags/notas_ordem.py for tasks to queue
[2025-08-12T10:56:22.522-0300] {logging_mixin.py:188} INFO - [2025-08-12T10:56:22.522-0300] {dagbag.py:545} INFO - Filling up the DagBag from /opt/airflow/dags/notas_ordem.py
[2025-08-12T10:56:22.533-0300] {processor.py:840} INFO - DAG(s) 'exportar_bq_para_gcs_csv' retrieved from /opt/airflow/dags/notas_ordem.py
[2025-08-12T10:56:22.553-0300] {logging_mixin.py:188} INFO - [2025-08-12T10:56:22.553-0300] {dag.py:3096} INFO - Sync 1 DAGs
[2025-08-12T10:56:22.570-0300] {logging_mixin.py:188} INFO - [2025-08-12T10:56:22.570-0300] {dag.py:3954} INFO - Setting next_dagrun for exportar_bq_para_gcs_csv to 2025-08-11 10:00:00+00:00, run_after=2025-08-12 10:00:00+00:00
[2025-08-12T10:56:22.584-0300] {processor.py:183} INFO - Processing /opt/airflow/dags/notas_ordem.py took 0.075 seconds
[2025-08-12T10:56:52.738-0300] {processor.py:161} INFO - Started process (PID=4658) to work on /opt/airflow/dags/notas_ordem.py
[2025-08-12T10:56:52.741-0300] {processor.py:830} INFO - Processing file /opt/airflow/dags/notas_ordem.py for tasks to queue
[2025-08-12T10:56:52.743-0300] {logging_mixin.py:188} INFO - [2025-08-12T10:56:52.743-0300] {dagbag.py:545} INFO - Filling up the DagBag from /opt/airflow/dags/notas_ordem.py
[2025-08-12T10:56:52.755-0300] {processor.py:840} INFO - DAG(s) 'exportar_bq_para_gcs_csv' retrieved from /opt/airflow/dags/notas_ordem.py
[2025-08-12T10:56:52.768-0300] {logging_mixin.py:188} INFO - [2025-08-12T10:56:52.768-0300] {dag.py:3096} INFO - Sync 1 DAGs
[2025-08-12T10:56:52.780-0300] {logging_mixin.py:188} INFO - [2025-08-12T10:56:52.780-0300] {dag.py:3954} INFO - Setting next_dagrun for exportar_bq_para_gcs_csv to 2025-08-11 10:00:00+00:00, run_after=2025-08-12 10:00:00+00:00
[2025-08-12T10:56:52.791-0300] {processor.py:183} INFO - Processing /opt/airflow/dags/notas_ordem.py took 0.060 seconds
[2025-08-12T10:57:22.942-0300] {processor.py:161} INFO - Started process (PID=4668) to work on /opt/airflow/dags/notas_ordem.py
[2025-08-12T10:57:22.945-0300] {processor.py:830} INFO - Processing file /opt/airflow/dags/notas_ordem.py for tasks to queue
[2025-08-12T10:57:22.947-0300] {logging_mixin.py:188} INFO - [2025-08-12T10:57:22.947-0300] {dagbag.py:545} INFO - Filling up the DagBag from /opt/airflow/dags/notas_ordem.py
[2025-08-12T10:57:22.957-0300] {processor.py:840} INFO - DAG(s) 'exportar_bq_para_gcs_csv' retrieved from /opt/airflow/dags/notas_ordem.py
[2025-08-12T10:57:22.970-0300] {logging_mixin.py:188} INFO - [2025-08-12T10:57:22.970-0300] {dag.py:3096} INFO - Sync 1 DAGs
[2025-08-12T10:57:22.982-0300] {logging_mixin.py:188} INFO - [2025-08-12T10:57:22.982-0300] {dag.py:3954} INFO - Setting next_dagrun for exportar_bq_para_gcs_csv to 2025-08-11 10:00:00+00:00, run_after=2025-08-12 10:00:00+00:00
[2025-08-12T10:57:22.993-0300] {processor.py:183} INFO - Processing /opt/airflow/dags/notas_ordem.py took 0.060 seconds
[2025-08-12T10:57:53.125-0300] {processor.py:161} INFO - Started process (PID=4678) to work on /opt/airflow/dags/notas_ordem.py
[2025-08-12T10:57:53.126-0300] {processor.py:830} INFO - Processing file /opt/airflow/dags/notas_ordem.py for tasks to queue
[2025-08-12T10:57:53.127-0300] {logging_mixin.py:188} INFO - [2025-08-12T10:57:53.126-0300] {dagbag.py:545} INFO - Filling up the DagBag from /opt/airflow/dags/notas_ordem.py
[2025-08-12T10:57:53.134-0300] {processor.py:840} INFO - DAG(s) 'exportar_bq_para_gcs_csv' retrieved from /opt/airflow/dags/notas_ordem.py
[2025-08-12T10:57:53.148-0300] {logging_mixin.py:188} INFO - [2025-08-12T10:57:53.148-0300] {dag.py:3096} INFO - Sync 1 DAGs
[2025-08-12T10:57:53.161-0300] {logging_mixin.py:188} INFO - [2025-08-12T10:57:53.161-0300] {dag.py:3954} INFO - Setting next_dagrun for exportar_bq_para_gcs_csv to 2025-08-11 10:00:00+00:00, run_after=2025-08-12 10:00:00+00:00
[2025-08-12T10:57:53.170-0300] {processor.py:183} INFO - Processing /opt/airflow/dags/notas_ordem.py took 0.048 seconds
[2025-08-12T10:58:23.301-0300] {processor.py:161} INFO - Started process (PID=4688) to work on /opt/airflow/dags/notas_ordem.py
[2025-08-12T10:58:23.304-0300] {processor.py:830} INFO - Processing file /opt/airflow/dags/notas_ordem.py for tasks to queue
[2025-08-12T10:58:23.305-0300] {logging_mixin.py:188} INFO - [2025-08-12T10:58:23.305-0300] {dagbag.py:545} INFO - Filling up the DagBag from /opt/airflow/dags/notas_ordem.py
[2025-08-12T10:58:23.313-0300] {processor.py:840} INFO - DAG(s) 'exportar_bq_para_gcs_csv' retrieved from /opt/airflow/dags/notas_ordem.py
[2025-08-12T10:58:23.328-0300] {logging_mixin.py:188} INFO - [2025-08-12T10:58:23.328-0300] {dag.py:3096} INFO - Sync 1 DAGs
[2025-08-12T10:58:23.342-0300] {logging_mixin.py:188} INFO - [2025-08-12T10:58:23.342-0300] {dag.py:3954} INFO - Setting next_dagrun for exportar_bq_para_gcs_csv to 2025-08-11 10:00:00+00:00, run_after=2025-08-12 10:00:00+00:00
[2025-08-12T10:58:23.352-0300] {processor.py:183} INFO - Processing /opt/airflow/dags/notas_ordem.py took 0.055 seconds
[2025-08-12T10:58:53.483-0300] {processor.py:161} INFO - Started process (PID=4698) to work on /opt/airflow/dags/notas_ordem.py
[2025-08-12T10:58:53.483-0300] {processor.py:830} INFO - Processing file /opt/airflow/dags/notas_ordem.py for tasks to queue
[2025-08-12T10:58:53.485-0300] {logging_mixin.py:188} INFO - [2025-08-12T10:58:53.485-0300] {dagbag.py:545} INFO - Filling up the DagBag from /opt/airflow/dags/notas_ordem.py
[2025-08-12T10:58:53.493-0300] {processor.py:840} INFO - DAG(s) 'exportar_bq_para_gcs_csv' retrieved from /opt/airflow/dags/notas_ordem.py
[2025-08-12T10:58:53.508-0300] {logging_mixin.py:188} INFO - [2025-08-12T10:58:53.508-0300] {dag.py:3096} INFO - Sync 1 DAGs
[2025-08-12T10:58:53.522-0300] {logging_mixin.py:188} INFO - [2025-08-12T10:58:53.522-0300] {dag.py:3954} INFO - Setting next_dagrun for exportar_bq_para_gcs_csv to 2025-08-11 10:00:00+00:00, run_after=2025-08-12 10:00:00+00:00
[2025-08-12T10:58:53.532-0300] {processor.py:183} INFO - Processing /opt/airflow/dags/notas_ordem.py took 0.054 seconds
[2025-08-12T10:59:23.671-0300] {processor.py:161} INFO - Started process (PID=4708) to work on /opt/airflow/dags/notas_ordem.py
[2025-08-12T10:59:23.674-0300] {processor.py:830} INFO - Processing file /opt/airflow/dags/notas_ordem.py for tasks to queue
[2025-08-12T10:59:23.677-0300] {logging_mixin.py:188} INFO - [2025-08-12T10:59:23.676-0300] {dagbag.py:545} INFO - Filling up the DagBag from /opt/airflow/dags/notas_ordem.py
[2025-08-12T10:59:23.686-0300] {processor.py:840} INFO - DAG(s) 'exportar_bq_para_gcs_csv' retrieved from /opt/airflow/dags/notas_ordem.py
[2025-08-12T10:59:23.701-0300] {logging_mixin.py:188} INFO - [2025-08-12T10:59:23.701-0300] {dag.py:3096} INFO - Sync 1 DAGs
[2025-08-12T10:59:23.715-0300] {logging_mixin.py:188} INFO - [2025-08-12T10:59:23.715-0300] {dag.py:3954} INFO - Setting next_dagrun for exportar_bq_para_gcs_csv to 2025-08-11 10:00:00+00:00, run_after=2025-08-12 10:00:00+00:00
[2025-08-12T10:59:23.728-0300] {processor.py:183} INFO - Processing /opt/airflow/dags/notas_ordem.py took 0.066 seconds
[2025-08-12T10:59:53.861-0300] {processor.py:161} INFO - Started process (PID=4718) to work on /opt/airflow/dags/notas_ordem.py
[2025-08-12T10:59:53.862-0300] {processor.py:830} INFO - Processing file /opt/airflow/dags/notas_ordem.py for tasks to queue
[2025-08-12T10:59:53.864-0300] {logging_mixin.py:188} INFO - [2025-08-12T10:59:53.863-0300] {dagbag.py:545} INFO - Filling up the DagBag from /opt/airflow/dags/notas_ordem.py
[2025-08-12T10:59:53.871-0300] {processor.py:840} INFO - DAG(s) 'exportar_bq_para_gcs_csv' retrieved from /opt/airflow/dags/notas_ordem.py
[2025-08-12T10:59:53.886-0300] {logging_mixin.py:188} INFO - [2025-08-12T10:59:53.886-0300] {dag.py:3096} INFO - Sync 1 DAGs
[2025-08-12T10:59:53.898-0300] {logging_mixin.py:188} INFO - [2025-08-12T10:59:53.898-0300] {dag.py:3954} INFO - Setting next_dagrun for exportar_bq_para_gcs_csv to 2025-08-11 10:00:00+00:00, run_after=2025-08-12 10:00:00+00:00
[2025-08-12T10:59:53.907-0300] {processor.py:183} INFO - Processing /opt/airflow/dags/notas_ordem.py took 0.052 seconds
[2025-08-12T11:00:24.043-0300] {processor.py:161} INFO - Started process (PID=4732) to work on /opt/airflow/dags/notas_ordem.py
[2025-08-12T11:00:24.047-0300] {processor.py:830} INFO - Processing file /opt/airflow/dags/notas_ordem.py for tasks to queue
[2025-08-12T11:00:24.049-0300] {logging_mixin.py:188} INFO - [2025-08-12T11:00:24.049-0300] {dagbag.py:545} INFO - Filling up the DagBag from /opt/airflow/dags/notas_ordem.py
[2025-08-12T11:00:24.059-0300] {processor.py:840} INFO - DAG(s) 'exportar_bq_para_gcs_csv' retrieved from /opt/airflow/dags/notas_ordem.py
[2025-08-12T11:00:24.072-0300] {logging_mixin.py:188} INFO - [2025-08-12T11:00:24.071-0300] {dag.py:3096} INFO - Sync 1 DAGs
[2025-08-12T11:00:24.083-0300] {logging_mixin.py:188} INFO - [2025-08-12T11:00:24.083-0300] {dag.py:3954} INFO - Setting next_dagrun for exportar_bq_para_gcs_csv to 2025-08-11 10:00:00+00:00, run_after=2025-08-12 10:00:00+00:00
[2025-08-12T11:00:24.092-0300] {processor.py:183} INFO - Processing /opt/airflow/dags/notas_ordem.py took 0.058 seconds
[2025-08-12T11:00:54.233-0300] {processor.py:161} INFO - Started process (PID=4742) to work on /opt/airflow/dags/notas_ordem.py
[2025-08-12T11:00:54.233-0300] {processor.py:830} INFO - Processing file /opt/airflow/dags/notas_ordem.py for tasks to queue
[2025-08-12T11:00:54.234-0300] {logging_mixin.py:188} INFO - [2025-08-12T11:00:54.234-0300] {dagbag.py:545} INFO - Filling up the DagBag from /opt/airflow/dags/notas_ordem.py
[2025-08-12T11:00:54.243-0300] {processor.py:840} INFO - DAG(s) 'exportar_bq_para_gcs_csv' retrieved from /opt/airflow/dags/notas_ordem.py
[2025-08-12T11:00:54.258-0300] {logging_mixin.py:188} INFO - [2025-08-12T11:00:54.258-0300] {dag.py:3096} INFO - Sync 1 DAGs
[2025-08-12T11:00:54.273-0300] {logging_mixin.py:188} INFO - [2025-08-12T11:00:54.273-0300] {dag.py:3954} INFO - Setting next_dagrun for exportar_bq_para_gcs_csv to 2025-08-11 10:00:00+00:00, run_after=2025-08-12 10:00:00+00:00
[2025-08-12T11:00:54.283-0300] {processor.py:183} INFO - Processing /opt/airflow/dags/notas_ordem.py took 0.055 seconds
[2025-08-12T11:01:24.432-0300] {processor.py:161} INFO - Started process (PID=4752) to work on /opt/airflow/dags/notas_ordem.py
[2025-08-12T11:01:24.436-0300] {processor.py:830} INFO - Processing file /opt/airflow/dags/notas_ordem.py for tasks to queue
[2025-08-12T11:01:24.437-0300] {logging_mixin.py:188} INFO - [2025-08-12T11:01:24.437-0300] {dagbag.py:545} INFO - Filling up the DagBag from /opt/airflow/dags/notas_ordem.py
[2025-08-12T11:01:24.445-0300] {processor.py:840} INFO - DAG(s) 'exportar_bq_para_gcs_csv' retrieved from /opt/airflow/dags/notas_ordem.py
[2025-08-12T11:01:24.459-0300] {logging_mixin.py:188} INFO - [2025-08-12T11:01:24.459-0300] {dag.py:3096} INFO - Sync 1 DAGs
[2025-08-12T11:01:24.472-0300] {logging_mixin.py:188} INFO - [2025-08-12T11:01:24.472-0300] {dag.py:3954} INFO - Setting next_dagrun for exportar_bq_para_gcs_csv to 2025-08-11 10:00:00+00:00, run_after=2025-08-12 10:00:00+00:00
[2025-08-12T11:01:24.481-0300] {processor.py:183} INFO - Processing /opt/airflow/dags/notas_ordem.py took 0.054 seconds
[2025-08-12T11:01:54.624-0300] {processor.py:161} INFO - Started process (PID=4762) to work on /opt/airflow/dags/notas_ordem.py
[2025-08-12T11:01:54.625-0300] {processor.py:830} INFO - Processing file /opt/airflow/dags/notas_ordem.py for tasks to queue
[2025-08-12T11:01:54.626-0300] {logging_mixin.py:188} INFO - [2025-08-12T11:01:54.626-0300] {dagbag.py:545} INFO - Filling up the DagBag from /opt/airflow/dags/notas_ordem.py
[2025-08-12T11:01:54.634-0300] {processor.py:840} INFO - DAG(s) 'exportar_bq_para_gcs_csv' retrieved from /opt/airflow/dags/notas_ordem.py
[2025-08-12T11:01:54.648-0300] {logging_mixin.py:188} INFO - [2025-08-12T11:01:54.647-0300] {dag.py:3096} INFO - Sync 1 DAGs
[2025-08-12T11:01:54.659-0300] {logging_mixin.py:188} INFO - [2025-08-12T11:01:54.659-0300] {dag.py:3954} INFO - Setting next_dagrun for exportar_bq_para_gcs_csv to 2025-08-11 10:00:00+00:00, run_after=2025-08-12 10:00:00+00:00
[2025-08-12T11:01:54.668-0300] {processor.py:183} INFO - Processing /opt/airflow/dags/notas_ordem.py took 0.053 seconds
[2025-08-12T11:02:24.821-0300] {processor.py:161} INFO - Started process (PID=4772) to work on /opt/airflow/dags/notas_ordem.py
[2025-08-12T11:02:24.825-0300] {processor.py:830} INFO - Processing file /opt/airflow/dags/notas_ordem.py for tasks to queue
[2025-08-12T11:02:24.827-0300] {logging_mixin.py:188} INFO - [2025-08-12T11:02:24.826-0300] {dagbag.py:545} INFO - Filling up the DagBag from /opt/airflow/dags/notas_ordem.py
[2025-08-12T11:02:24.836-0300] {processor.py:840} INFO - DAG(s) 'exportar_bq_para_gcs_csv' retrieved from /opt/airflow/dags/notas_ordem.py
[2025-08-12T11:02:24.849-0300] {logging_mixin.py:188} INFO - [2025-08-12T11:02:24.849-0300] {dag.py:3096} INFO - Sync 1 DAGs
[2025-08-12T11:02:24.861-0300] {logging_mixin.py:188} INFO - [2025-08-12T11:02:24.861-0300] {dag.py:3954} INFO - Setting next_dagrun for exportar_bq_para_gcs_csv to 2025-08-11 10:00:00+00:00, run_after=2025-08-12 10:00:00+00:00
[2025-08-12T11:02:24.870-0300] {processor.py:183} INFO - Processing /opt/airflow/dags/notas_ordem.py took 0.058 seconds
[2025-08-12T11:02:55.019-0300] {processor.py:161} INFO - Started process (PID=4782) to work on /opt/airflow/dags/notas_ordem.py
[2025-08-12T11:02:55.019-0300] {processor.py:830} INFO - Processing file /opt/airflow/dags/notas_ordem.py for tasks to queue
[2025-08-12T11:02:55.020-0300] {logging_mixin.py:188} INFO - [2025-08-12T11:02:55.020-0300] {dagbag.py:545} INFO - Filling up the DagBag from /opt/airflow/dags/notas_ordem.py
[2025-08-12T11:02:55.027-0300] {processor.py:840} INFO - DAG(s) 'exportar_bq_para_gcs_csv' retrieved from /opt/airflow/dags/notas_ordem.py
[2025-08-12T11:02:55.041-0300] {logging_mixin.py:188} INFO - [2025-08-12T11:02:55.041-0300] {dag.py:3096} INFO - Sync 1 DAGs
[2025-08-12T11:02:55.053-0300] {logging_mixin.py:188} INFO - [2025-08-12T11:02:55.053-0300] {dag.py:3954} INFO - Setting next_dagrun for exportar_bq_para_gcs_csv to 2025-08-11 10:00:00+00:00, run_after=2025-08-12 10:00:00+00:00
[2025-08-12T11:02:55.063-0300] {processor.py:183} INFO - Processing /opt/airflow/dags/notas_ordem.py took 0.050 seconds
[2025-08-12T11:03:25.219-0300] {processor.py:161} INFO - Started process (PID=4792) to work on /opt/airflow/dags/notas_ordem.py
[2025-08-12T11:03:25.222-0300] {processor.py:830} INFO - Processing file /opt/airflow/dags/notas_ordem.py for tasks to queue
[2025-08-12T11:03:25.224-0300] {logging_mixin.py:188} INFO - [2025-08-12T11:03:25.224-0300] {dagbag.py:545} INFO - Filling up the DagBag from /opt/airflow/dags/notas_ordem.py
[2025-08-12T11:03:25.234-0300] {processor.py:840} INFO - DAG(s) 'exportar_bq_para_gcs_csv' retrieved from /opt/airflow/dags/notas_ordem.py
[2025-08-12T11:03:25.249-0300] {logging_mixin.py:188} INFO - [2025-08-12T11:03:25.249-0300] {dag.py:3096} INFO - Sync 1 DAGs
[2025-08-12T11:03:25.262-0300] {logging_mixin.py:188} INFO - [2025-08-12T11:03:25.262-0300] {dag.py:3954} INFO - Setting next_dagrun for exportar_bq_para_gcs_csv to 2025-08-11 10:00:00+00:00, run_after=2025-08-12 10:00:00+00:00
[2025-08-12T11:03:25.272-0300] {processor.py:183} INFO - Processing /opt/airflow/dags/notas_ordem.py took 0.058 seconds
[2025-08-12T11:03:55.419-0300] {processor.py:161} INFO - Started process (PID=4802) to work on /opt/airflow/dags/notas_ordem.py
[2025-08-12T11:03:55.420-0300] {processor.py:830} INFO - Processing file /opt/airflow/dags/notas_ordem.py for tasks to queue
[2025-08-12T11:03:55.422-0300] {logging_mixin.py:188} INFO - [2025-08-12T11:03:55.422-0300] {dagbag.py:545} INFO - Filling up the DagBag from /opt/airflow/dags/notas_ordem.py
[2025-08-12T11:03:55.432-0300] {processor.py:840} INFO - DAG(s) 'exportar_bq_para_gcs_csv' retrieved from /opt/airflow/dags/notas_ordem.py
[2025-08-12T11:03:55.445-0300] {logging_mixin.py:188} INFO - [2025-08-12T11:03:55.445-0300] {dag.py:3096} INFO - Sync 1 DAGs
[2025-08-12T11:03:55.458-0300] {logging_mixin.py:188} INFO - [2025-08-12T11:03:55.458-0300] {dag.py:3954} INFO - Setting next_dagrun for exportar_bq_para_gcs_csv to 2025-08-11 10:00:00+00:00, run_after=2025-08-12 10:00:00+00:00
[2025-08-12T11:03:55.467-0300] {processor.py:183} INFO - Processing /opt/airflow/dags/notas_ordem.py took 0.056 seconds
[2025-08-12T11:04:25.570-0300] {processor.py:161} INFO - Started process (PID=4810) to work on /opt/airflow/dags/notas_ordem.py
[2025-08-12T11:04:25.570-0300] {processor.py:830} INFO - Processing file /opt/airflow/dags/notas_ordem.py for tasks to queue
[2025-08-12T11:04:25.571-0300] {logging_mixin.py:188} INFO - [2025-08-12T11:04:25.571-0300] {dagbag.py:545} INFO - Filling up the DagBag from /opt/airflow/dags/notas_ordem.py
[2025-08-12T11:04:25.578-0300] {processor.py:840} INFO - DAG(s) 'exportar_bq_para_gcs_csv' retrieved from /opt/airflow/dags/notas_ordem.py
[2025-08-12T11:04:25.592-0300] {logging_mixin.py:188} INFO - [2025-08-12T11:04:25.592-0300] {dag.py:3096} INFO - Sync 1 DAGs
[2025-08-12T11:04:25.605-0300] {logging_mixin.py:188} INFO - [2025-08-12T11:04:25.605-0300] {dag.py:3954} INFO - Setting next_dagrun for exportar_bq_para_gcs_csv to 2025-08-11 10:00:00+00:00, run_after=2025-08-12 10:00:00+00:00
[2025-08-12T11:04:25.615-0300] {processor.py:183} INFO - Processing /opt/airflow/dags/notas_ordem.py took 0.049 seconds
[2025-08-12T11:04:55.764-0300] {processor.py:161} INFO - Started process (PID=4817) to work on /opt/airflow/dags/notas_ordem.py
[2025-08-12T11:04:55.764-0300] {processor.py:830} INFO - Processing file /opt/airflow/dags/notas_ordem.py for tasks to queue
[2025-08-12T11:04:55.765-0300] {logging_mixin.py:188} INFO - [2025-08-12T11:04:55.765-0300] {dagbag.py:545} INFO - Filling up the DagBag from /opt/airflow/dags/notas_ordem.py
[2025-08-12T11:04:55.772-0300] {processor.py:840} INFO - DAG(s) 'exportar_bq_para_gcs_csv' retrieved from /opt/airflow/dags/notas_ordem.py
[2025-08-12T11:04:55.786-0300] {logging_mixin.py:188} INFO - [2025-08-12T11:04:55.785-0300] {dag.py:3096} INFO - Sync 1 DAGs
[2025-08-12T11:04:55.797-0300] {logging_mixin.py:188} INFO - [2025-08-12T11:04:55.797-0300] {dag.py:3954} INFO - Setting next_dagrun for exportar_bq_para_gcs_csv to 2025-08-11 10:00:00+00:00, run_after=2025-08-12 10:00:00+00:00
[2025-08-12T11:04:55.807-0300] {processor.py:183} INFO - Processing /opt/airflow/dags/notas_ordem.py took 0.048 seconds
[2025-08-12T11:05:25.963-0300] {processor.py:161} INFO - Started process (PID=4827) to work on /opt/airflow/dags/notas_ordem.py
[2025-08-12T11:05:25.967-0300] {processor.py:830} INFO - Processing file /opt/airflow/dags/notas_ordem.py for tasks to queue
[2025-08-12T11:05:25.968-0300] {logging_mixin.py:188} INFO - [2025-08-12T11:05:25.968-0300] {dagbag.py:545} INFO - Filling up the DagBag from /opt/airflow/dags/notas_ordem.py
[2025-08-12T11:05:25.976-0300] {processor.py:840} INFO - DAG(s) 'exportar_bq_para_gcs_csv' retrieved from /opt/airflow/dags/notas_ordem.py
[2025-08-12T11:05:25.989-0300] {logging_mixin.py:188} INFO - [2025-08-12T11:05:25.989-0300] {dag.py:3096} INFO - Sync 1 DAGs
[2025-08-12T11:05:26.001-0300] {logging_mixin.py:188} INFO - [2025-08-12T11:05:26.001-0300] {dag.py:3954} INFO - Setting next_dagrun for exportar_bq_para_gcs_csv to 2025-08-11 10:00:00+00:00, run_after=2025-08-12 10:00:00+00:00
[2025-08-12T11:05:26.011-0300] {processor.py:183} INFO - Processing /opt/airflow/dags/notas_ordem.py took 0.054 seconds
[2025-08-12T11:05:56.174-0300] {processor.py:161} INFO - Started process (PID=4837) to work on /opt/airflow/dags/notas_ordem.py
[2025-08-12T11:05:56.175-0300] {processor.py:830} INFO - Processing file /opt/airflow/dags/notas_ordem.py for tasks to queue
[2025-08-12T11:05:56.176-0300] {logging_mixin.py:188} INFO - [2025-08-12T11:05:56.176-0300] {dagbag.py:545} INFO - Filling up the DagBag from /opt/airflow/dags/notas_ordem.py
[2025-08-12T11:05:56.183-0300] {processor.py:840} INFO - DAG(s) 'exportar_bq_para_gcs_csv' retrieved from /opt/airflow/dags/notas_ordem.py
[2025-08-12T11:05:56.196-0300] {logging_mixin.py:188} INFO - [2025-08-12T11:05:56.196-0300] {dag.py:3096} INFO - Sync 1 DAGs
[2025-08-12T11:05:56.208-0300] {logging_mixin.py:188} INFO - [2025-08-12T11:05:56.208-0300] {dag.py:3954} INFO - Setting next_dagrun for exportar_bq_para_gcs_csv to 2025-08-11 10:00:00+00:00, run_after=2025-08-12 10:00:00+00:00
[2025-08-12T11:05:56.217-0300] {processor.py:183} INFO - Processing /opt/airflow/dags/notas_ordem.py took 0.048 seconds
[2025-08-12T11:06:26.364-0300] {processor.py:161} INFO - Started process (PID=4847) to work on /opt/airflow/dags/notas_ordem.py
[2025-08-12T11:06:26.368-0300] {processor.py:830} INFO - Processing file /opt/airflow/dags/notas_ordem.py for tasks to queue
[2025-08-12T11:06:26.369-0300] {logging_mixin.py:188} INFO - [2025-08-12T11:06:26.369-0300] {dagbag.py:545} INFO - Filling up the DagBag from /opt/airflow/dags/notas_ordem.py
[2025-08-12T11:06:26.380-0300] {processor.py:840} INFO - DAG(s) 'exportar_bq_para_gcs_csv' retrieved from /opt/airflow/dags/notas_ordem.py
[2025-08-12T11:06:26.394-0300] {logging_mixin.py:188} INFO - [2025-08-12T11:06:26.394-0300] {dag.py:3096} INFO - Sync 1 DAGs
[2025-08-12T11:06:26.406-0300] {logging_mixin.py:188} INFO - [2025-08-12T11:06:26.405-0300] {dag.py:3954} INFO - Setting next_dagrun for exportar_bq_para_gcs_csv to 2025-08-11 10:00:00+00:00, run_after=2025-08-12 10:00:00+00:00
[2025-08-12T11:06:26.415-0300] {processor.py:183} INFO - Processing /opt/airflow/dags/notas_ordem.py took 0.057 seconds
[2025-08-12T11:06:56.582-0300] {processor.py:161} INFO - Started process (PID=4857) to work on /opt/airflow/dags/notas_ordem.py
[2025-08-12T11:06:56.582-0300] {processor.py:830} INFO - Processing file /opt/airflow/dags/notas_ordem.py for tasks to queue
[2025-08-12T11:06:56.583-0300] {logging_mixin.py:188} INFO - [2025-08-12T11:06:56.583-0300] {dagbag.py:545} INFO - Filling up the DagBag from /opt/airflow/dags/notas_ordem.py
[2025-08-12T11:06:56.590-0300] {processor.py:840} INFO - DAG(s) 'exportar_bq_para_gcs_csv' retrieved from /opt/airflow/dags/notas_ordem.py
[2025-08-12T11:06:56.603-0300] {logging_mixin.py:188} INFO - [2025-08-12T11:06:56.603-0300] {dag.py:3096} INFO - Sync 1 DAGs
[2025-08-12T11:06:56.615-0300] {logging_mixin.py:188} INFO - [2025-08-12T11:06:56.615-0300] {dag.py:3954} INFO - Setting next_dagrun for exportar_bq_para_gcs_csv to 2025-08-11 10:00:00+00:00, run_after=2025-08-12 10:00:00+00:00
[2025-08-12T11:06:56.625-0300] {processor.py:183} INFO - Processing /opt/airflow/dags/notas_ordem.py took 0.049 seconds
[2025-08-12T11:07:26.789-0300] {processor.py:161} INFO - Started process (PID=4867) to work on /opt/airflow/dags/notas_ordem.py
[2025-08-12T11:07:26.792-0300] {processor.py:830} INFO - Processing file /opt/airflow/dags/notas_ordem.py for tasks to queue
[2025-08-12T11:07:26.794-0300] {logging_mixin.py:188} INFO - [2025-08-12T11:07:26.794-0300] {dagbag.py:545} INFO - Filling up the DagBag from /opt/airflow/dags/notas_ordem.py
[2025-08-12T11:07:26.805-0300] {processor.py:840} INFO - DAG(s) 'exportar_bq_para_gcs_csv' retrieved from /opt/airflow/dags/notas_ordem.py
[2025-08-12T11:07:26.821-0300] {logging_mixin.py:188} INFO - [2025-08-12T11:07:26.821-0300] {dag.py:3096} INFO - Sync 1 DAGs
[2025-08-12T11:07:26.834-0300] {logging_mixin.py:188} INFO - [2025-08-12T11:07:26.834-0300] {dag.py:3954} INFO - Setting next_dagrun for exportar_bq_para_gcs_csv to 2025-08-11 10:00:00+00:00, run_after=2025-08-12 10:00:00+00:00
[2025-08-12T11:07:26.844-0300] {processor.py:183} INFO - Processing /opt/airflow/dags/notas_ordem.py took 0.061 seconds
[2025-08-12T11:07:57.012-0300] {processor.py:161} INFO - Started process (PID=4877) to work on /opt/airflow/dags/notas_ordem.py
[2025-08-12T11:07:57.013-0300] {processor.py:830} INFO - Processing file /opt/airflow/dags/notas_ordem.py for tasks to queue
[2025-08-12T11:07:57.015-0300] {logging_mixin.py:188} INFO - [2025-08-12T11:07:57.015-0300] {dagbag.py:545} INFO - Filling up the DagBag from /opt/airflow/dags/notas_ordem.py
[2025-08-12T11:07:57.024-0300] {processor.py:840} INFO - DAG(s) 'exportar_bq_para_gcs_csv' retrieved from /opt/airflow/dags/notas_ordem.py
[2025-08-12T11:07:57.039-0300] {logging_mixin.py:188} INFO - [2025-08-12T11:07:57.039-0300] {dag.py:3096} INFO - Sync 1 DAGs
[2025-08-12T11:07:57.052-0300] {logging_mixin.py:188} INFO - [2025-08-12T11:07:57.052-0300] {dag.py:3954} INFO - Setting next_dagrun for exportar_bq_para_gcs_csv to 2025-08-11 10:00:00+00:00, run_after=2025-08-12 10:00:00+00:00
[2025-08-12T11:07:57.061-0300] {processor.py:183} INFO - Processing /opt/airflow/dags/notas_ordem.py took 0.056 seconds
[2025-08-12T11:08:27.230-0300] {processor.py:161} INFO - Started process (PID=4887) to work on /opt/airflow/dags/notas_ordem.py
[2025-08-12T11:08:27.233-0300] {processor.py:830} INFO - Processing file /opt/airflow/dags/notas_ordem.py for tasks to queue
[2025-08-12T11:08:27.236-0300] {logging_mixin.py:188} INFO - [2025-08-12T11:08:27.236-0300] {dagbag.py:545} INFO - Filling up the DagBag from /opt/airflow/dags/notas_ordem.py
[2025-08-12T11:08:27.245-0300] {processor.py:840} INFO - DAG(s) 'exportar_bq_para_gcs_csv' retrieved from /opt/airflow/dags/notas_ordem.py
[2025-08-12T11:08:27.259-0300] {logging_mixin.py:188} INFO - [2025-08-12T11:08:27.259-0300] {dag.py:3096} INFO - Sync 1 DAGs
[2025-08-12T11:08:27.271-0300] {logging_mixin.py:188} INFO - [2025-08-12T11:08:27.270-0300] {dag.py:3954} INFO - Setting next_dagrun for exportar_bq_para_gcs_csv to 2025-08-11 10:00:00+00:00, run_after=2025-08-12 10:00:00+00:00
[2025-08-12T11:08:27.280-0300] {processor.py:183} INFO - Processing /opt/airflow/dags/notas_ordem.py took 0.060 seconds
[2025-08-12T11:08:57.457-0300] {processor.py:161} INFO - Started process (PID=4897) to work on /opt/airflow/dags/notas_ordem.py
[2025-08-12T11:08:57.458-0300] {processor.py:830} INFO - Processing file /opt/airflow/dags/notas_ordem.py for tasks to queue
[2025-08-12T11:08:57.459-0300] {logging_mixin.py:188} INFO - [2025-08-12T11:08:57.459-0300] {dagbag.py:545} INFO - Filling up the DagBag from /opt/airflow/dags/notas_ordem.py
[2025-08-12T11:08:57.466-0300] {processor.py:840} INFO - DAG(s) 'exportar_bq_para_gcs_csv' retrieved from /opt/airflow/dags/notas_ordem.py
[2025-08-12T11:08:57.479-0300] {logging_mixin.py:188} INFO - [2025-08-12T11:08:57.479-0300] {dag.py:3096} INFO - Sync 1 DAGs
[2025-08-12T11:08:57.491-0300] {logging_mixin.py:188} INFO - [2025-08-12T11:08:57.491-0300] {dag.py:3954} INFO - Setting next_dagrun for exportar_bq_para_gcs_csv to 2025-08-11 10:00:00+00:00, run_after=2025-08-12 10:00:00+00:00
[2025-08-12T11:08:57.501-0300] {processor.py:183} INFO - Processing /opt/airflow/dags/notas_ordem.py took 0.048 seconds
[2025-08-12T11:09:27.666-0300] {processor.py:161} INFO - Started process (PID=4907) to work on /opt/airflow/dags/notas_ordem.py
[2025-08-12T11:09:27.669-0300] {processor.py:830} INFO - Processing file /opt/airflow/dags/notas_ordem.py for tasks to queue
[2025-08-12T11:09:27.671-0300] {logging_mixin.py:188} INFO - [2025-08-12T11:09:27.671-0300] {dagbag.py:545} INFO - Filling up the DagBag from /opt/airflow/dags/notas_ordem.py
[2025-08-12T11:09:27.684-0300] {processor.py:840} INFO - DAG(s) 'exportar_bq_para_gcs_csv' retrieved from /opt/airflow/dags/notas_ordem.py
[2025-08-12T11:09:27.698-0300] {logging_mixin.py:188} INFO - [2025-08-12T11:09:27.698-0300] {dag.py:3096} INFO - Sync 1 DAGs
[2025-08-12T11:09:27.711-0300] {logging_mixin.py:188} INFO - [2025-08-12T11:09:27.710-0300] {dag.py:3954} INFO - Setting next_dagrun for exportar_bq_para_gcs_csv to 2025-08-11 10:00:00+00:00, run_after=2025-08-12 10:00:00+00:00
[2025-08-12T11:09:27.720-0300] {processor.py:183} INFO - Processing /opt/airflow/dags/notas_ordem.py took 0.063 seconds
[2025-08-12T11:09:57.885-0300] {processor.py:161} INFO - Started process (PID=4917) to work on /opt/airflow/dags/notas_ordem.py
[2025-08-12T11:09:57.886-0300] {processor.py:830} INFO - Processing file /opt/airflow/dags/notas_ordem.py for tasks to queue
[2025-08-12T11:09:57.888-0300] {logging_mixin.py:188} INFO - [2025-08-12T11:09:57.888-0300] {dagbag.py:545} INFO - Filling up the DagBag from /opt/airflow/dags/notas_ordem.py
[2025-08-12T11:09:57.897-0300] {processor.py:840} INFO - DAG(s) 'exportar_bq_para_gcs_csv' retrieved from /opt/airflow/dags/notas_ordem.py
[2025-08-12T11:09:57.912-0300] {logging_mixin.py:188} INFO - [2025-08-12T11:09:57.912-0300] {dag.py:3096} INFO - Sync 1 DAGs
[2025-08-12T11:09:57.925-0300] {logging_mixin.py:188} INFO - [2025-08-12T11:09:57.925-0300] {dag.py:3954} INFO - Setting next_dagrun for exportar_bq_para_gcs_csv to 2025-08-11 10:00:00+00:00, run_after=2025-08-12 10:00:00+00:00
[2025-08-12T11:09:57.933-0300] {processor.py:183} INFO - Processing /opt/airflow/dags/notas_ordem.py took 0.056 seconds
[2025-08-12T11:10:28.095-0300] {processor.py:161} INFO - Started process (PID=4927) to work on /opt/airflow/dags/notas_ordem.py
[2025-08-12T11:10:28.099-0300] {processor.py:830} INFO - Processing file /opt/airflow/dags/notas_ordem.py for tasks to queue
[2025-08-12T11:10:28.100-0300] {logging_mixin.py:188} INFO - [2025-08-12T11:10:28.100-0300] {dagbag.py:545} INFO - Filling up the DagBag from /opt/airflow/dags/notas_ordem.py
[2025-08-12T11:10:28.108-0300] {processor.py:840} INFO - DAG(s) 'exportar_bq_para_gcs_csv' retrieved from /opt/airflow/dags/notas_ordem.py
[2025-08-12T11:10:28.121-0300] {logging_mixin.py:188} INFO - [2025-08-12T11:10:28.121-0300] {dag.py:3096} INFO - Sync 1 DAGs
[2025-08-12T11:10:28.133-0300] {logging_mixin.py:188} INFO - [2025-08-12T11:10:28.133-0300] {dag.py:3954} INFO - Setting next_dagrun for exportar_bq_para_gcs_csv to 2025-08-11 10:00:00+00:00, run_after=2025-08-12 10:00:00+00:00
[2025-08-12T11:10:28.143-0300] {processor.py:183} INFO - Processing /opt/airflow/dags/notas_ordem.py took 0.055 seconds
[2025-08-12T11:10:58.309-0300] {processor.py:161} INFO - Started process (PID=4937) to work on /opt/airflow/dags/notas_ordem.py
[2025-08-12T11:10:58.309-0300] {processor.py:830} INFO - Processing file /opt/airflow/dags/notas_ordem.py for tasks to queue
[2025-08-12T11:10:58.310-0300] {logging_mixin.py:188} INFO - [2025-08-12T11:10:58.310-0300] {dagbag.py:545} INFO - Filling up the DagBag from /opt/airflow/dags/notas_ordem.py
[2025-08-12T11:10:58.318-0300] {processor.py:840} INFO - DAG(s) 'exportar_bq_para_gcs_csv' retrieved from /opt/airflow/dags/notas_ordem.py
[2025-08-12T11:10:58.332-0300] {logging_mixin.py:188} INFO - [2025-08-12T11:10:58.331-0300] {dag.py:3096} INFO - Sync 1 DAGs
[2025-08-12T11:10:58.343-0300] {logging_mixin.py:188} INFO - [2025-08-12T11:10:58.343-0300] {dag.py:3954} INFO - Setting next_dagrun for exportar_bq_para_gcs_csv to 2025-08-11 10:00:00+00:00, run_after=2025-08-12 10:00:00+00:00
[2025-08-12T11:10:58.353-0300] {processor.py:183} INFO - Processing /opt/airflow/dags/notas_ordem.py took 0.049 seconds
[2025-08-12T11:11:28.502-0300] {processor.py:161} INFO - Started process (PID=4947) to work on /opt/airflow/dags/notas_ordem.py
[2025-08-12T11:11:28.506-0300] {processor.py:830} INFO - Processing file /opt/airflow/dags/notas_ordem.py for tasks to queue
[2025-08-12T11:11:28.507-0300] {logging_mixin.py:188} INFO - [2025-08-12T11:11:28.507-0300] {dagbag.py:545} INFO - Filling up the DagBag from /opt/airflow/dags/notas_ordem.py
[2025-08-12T11:11:28.519-0300] {processor.py:840} INFO - DAG(s) 'exportar_bq_para_gcs_csv' retrieved from /opt/airflow/dags/notas_ordem.py
[2025-08-12T11:11:28.540-0300] {logging_mixin.py:188} INFO - [2025-08-12T11:11:28.539-0300] {dag.py:3096} INFO - Sync 1 DAGs
[2025-08-12T11:11:28.561-0300] {logging_mixin.py:188} INFO - [2025-08-12T11:11:28.561-0300] {dag.py:3954} INFO - Setting next_dagrun for exportar_bq_para_gcs_csv to 2025-08-11 10:00:00+00:00, run_after=2025-08-12 10:00:00+00:00
[2025-08-12T11:11:28.577-0300] {processor.py:183} INFO - Processing /opt/airflow/dags/notas_ordem.py took 0.082 seconds
