[2025-08-08T15:47:21.995-0300] {local_task_job_runner.py:120} INFO - ::group::Pre task execution logs
[2025-08-08T15:47:22.007-0300] {taskinstance.py:2076} INFO - Dependencies all met for dep_context=non-requeueable deps ti=<TaskInstance: exportar_bq_para_gcs_csv.limpar_csv_local manual__2025-08-08T18:37:24.981183+00:00 [queued]>
[2025-08-08T15:47:22.011-0300] {taskinstance.py:2076} INFO - Dependencies all met for dep_context=requeueable deps ti=<TaskInstance: exportar_bq_para_gcs_csv.limpar_csv_local manual__2025-08-08T18:37:24.981183+00:00 [queued]>
[2025-08-08T15:47:22.011-0300] {taskinstance.py:2306} INFO - Starting attempt 1 of 1
[2025-08-08T15:47:22.019-0300] {taskinstance.py:2330} INFO - Executing <Task(BashOperator): limpar_csv_local> on 2025-08-08 18:37:24.981183+00:00
[2025-08-08T15:47:22.024-0300] {standard_task_runner.py:63} INFO - Started process 256 to run task
[2025-08-08T15:47:22.026-0300] {standard_task_runner.py:90} INFO - Running: ['***', 'tasks', 'run', 'exportar_bq_para_gcs_csv', 'limpar_csv_local', 'manual__2025-08-08T18:37:24.981183+00:00', '--job-id', '137', '--raw', '--subdir', 'DAGS_FOLDER/notas_ordem.py', '--cfg-path', '/tmp/tmpfd9ujepu']
[2025-08-08T15:47:22.028-0300] {standard_task_runner.py:91} INFO - Job 137: Subtask limpar_csv_local
[2025-08-08T15:47:22.054-0300] {task_command.py:426} INFO - Running <TaskInstance: exportar_bq_para_gcs_csv.limpar_csv_local manual__2025-08-08T18:37:24.981183+00:00 [running]> on host 6f99aecc4c0e
[2025-08-08T15:47:22.105-0300] {taskinstance.py:2648} INFO - Exporting env vars: AIRFLOW_CTX_DAG_OWNER='***' AIRFLOW_CTX_DAG_ID='exportar_bq_para_gcs_csv' AIRFLOW_CTX_TASK_ID='limpar_csv_local' AIRFLOW_CTX_EXECUTION_DATE='2025-08-08T18:37:24.981183+00:00' AIRFLOW_CTX_TRY_NUMBER='1' AIRFLOW_CTX_DAG_RUN_ID='manual__2025-08-08T18:37:24.981183+00:00'
[2025-08-08T15:47:22.106-0300] {taskinstance.py:430} INFO - ::endgroup::
[2025-08-08T15:47:22.113-0300] {subprocess.py:63} INFO - Tmp dir root location: /tmp
[2025-08-08T15:47:22.113-0300] {subprocess.py:75} INFO - Running command: ['/usr/bin/bash', '-c', 'rm -f /opt/***/csv/nota_ordem.csv /opt/***/csv/nota_ordem.csv.gz']
[2025-08-08T15:47:22.124-0300] {subprocess.py:86} INFO - Output:
[2025-08-08T15:47:22.135-0300] {subprocess.py:97} INFO - Command exited with return code 0
[2025-08-08T15:47:22.135-0300] {taskinstance.py:441} INFO - ::group::Post task execution logs
[2025-08-08T15:47:22.149-0300] {taskinstance.py:1206} INFO - Marking task as SUCCESS. dag_id=exportar_bq_para_gcs_csv, task_id=limpar_csv_local, run_id=manual__2025-08-08T18:37:24.981183+00:00, execution_date=20250808T183724, start_date=20250808T184722, end_date=20250808T184722
[2025-08-08T15:47:22.198-0300] {local_task_job_runner.py:240} INFO - Task exited with return code 0
[2025-08-08T15:47:22.212-0300] {taskinstance.py:3498} INFO - 0 downstream tasks scheduled from follow-on schedule check
[2025-08-08T15:47:22.213-0300] {local_task_job_runner.py:222} INFO - ::endgroup::
