[2025-07-31T18:06:03.736-0300] {local_task_job_runner.py:120} INFO - ::group::Pre task execution logs
[2025-07-31T18:06:03.745-0300] {taskinstance.py:2076} INFO - Dependencies all met for dep_context=non-requeueable deps ti=<TaskInstance: exportar_bq_para_gcs_csv.exportar_tabela_bq_gcs manual__2025-07-31T21:05:47.007248+00:00 [queued]>
[2025-07-31T18:06:03.749-0300] {taskinstance.py:2076} INFO - Dependencies all met for dep_context=requeueable deps ti=<TaskInstance: exportar_bq_para_gcs_csv.exportar_tabela_bq_gcs manual__2025-07-31T21:05:47.007248+00:00 [queued]>
[2025-07-31T18:06:03.749-0300] {taskinstance.py:2306} INFO - Starting attempt 1 of 1
[2025-07-31T18:06:03.755-0300] {taskinstance.py:2330} INFO - Executing <Task(BigQueryToGCSOperator): exportar_tabela_bq_gcs> on 2025-07-31 21:05:47.007248+00:00
[2025-07-31T18:06:03.761-0300] {standard_task_runner.py:63} INFO - Started process 309 to run task
[2025-07-31T18:06:03.763-0300] {standard_task_runner.py:90} INFO - Running: ['***', 'tasks', 'run', 'exportar_bq_para_gcs_csv', 'exportar_tabela_bq_gcs', 'manual__2025-07-31T21:05:47.007248+00:00', '--job-id', '42', '--raw', '--subdir', 'DAGS_FOLDER/notas_ordem.py', '--cfg-path', '/tmp/tmp0le8syr0']
[2025-07-31T18:06:03.764-0300] {standard_task_runner.py:91} INFO - Job 42: Subtask exportar_tabela_bq_gcs
[2025-07-31T18:06:03.789-0300] {task_command.py:426} INFO - Running <TaskInstance: exportar_bq_para_gcs_csv.exportar_tabela_bq_gcs manual__2025-07-31T21:05:47.007248+00:00 [running]> on host 7b4a21630117
[2025-07-31T18:06:03.835-0300] {taskinstance.py:2648} INFO - Exporting env vars: AIRFLOW_CTX_DAG_OWNER='***' AIRFLOW_CTX_DAG_ID='exportar_bq_para_gcs_csv' AIRFLOW_CTX_TASK_ID='exportar_tabela_bq_gcs' AIRFLOW_CTX_EXECUTION_DATE='2025-07-31T21:05:47.007248+00:00' AIRFLOW_CTX_TRY_NUMBER='1' AIRFLOW_CTX_DAG_RUN_ID='manual__2025-07-31T21:05:47.007248+00:00'
[2025-07-31T18:06:03.836-0300] {taskinstance.py:430} INFO - ::endgroup::
[2025-07-31T18:06:03.842-0300] {bigquery_to_gcs.py:201} INFO - Executing extract of sz-00022-ws.PLAMI.TMP_NOTAS_ORDENS into: ['gs://***_vps/nota_ordem.csv']
[2025-07-31T18:06:03.842-0300] {connection.py:513} ERROR - Unable to retrieve connection from secrets backend (EnvironmentVariablesBackend). Checking subsequent secrets backend.
Traceback (most recent call last):
  File "/home/airflow/.local/lib/python3.11/site-packages/airflow/models/connection.py", line 508, in get_connection_from_secrets
    conn = secrets_backend.get_connection(conn_id=conn_id)
           ^^^^^^^^^^^^^^^^^^^^^^^^^^^^^^^^^^^^^^^^^^^^^^^
  File "/home/airflow/.local/lib/python3.11/site-packages/airflow/secrets/base_secrets.py", line 116, in get_connection
    return self.deserialize_connection(conn_id=conn_id, value=value)
           ^^^^^^^^^^^^^^^^^^^^^^^^^^^^^^^^^^^^^^^^^^^^^^^^^^^^^^^^^
  File "/home/airflow/.local/lib/python3.11/site-packages/airflow/secrets/base_secrets.py", line 68, in deserialize_connection
    return Connection.from_json(conn_id=conn_id, value=value)
           ^^^^^^^^^^^^^^^^^^^^^^^^^^^^^^^^^^^^^^^^^^^^^^^^^^
  File "/home/airflow/.local/lib/python3.11/site-packages/airflow/models/connection.py", line 564, in from_json
    return Connection(conn_id=conn_id, **kwargs)
           ^^^^^^^^^^^^^^^^^^^^^^^^^^^^^^^^^^^^^
TypeError: __init__() got an unexpected keyword argument 'extra__google_cloud_platform__project'
[2025-07-31T18:06:03.848-0300] {connection.py:274} WARNING - Connection schemes (type: google_cloud_platform) shall not contain '_' according to RFC3986.
[2025-07-31T18:06:03.848-0300] {base.py:84} INFO - Using connection ID 'google_cloud_default' for task execution.
[2025-07-31T18:06:03.848-0300] {credentials_provider.py:353} INFO - Getting connection using `google.auth.default()` since no explicit credentials are provided.
[2025-07-31T18:06:03.882-0300] {bigquery_to_gcs.py:224} INFO - Executing: {'extract': {'sourceTable': {'projectId': 'sz-00022-ws', 'datasetId': 'PLAMI', 'tableId': 'TMP_NOTAS_ORDENS'}, 'compression': 'NONE', 'destinationUris': ['gs://***_vps/nota_ordem.csv'], 'destinationFormat': 'CSV', 'fieldDelimiter': '\x1f', 'printHeader': True}}
[2025-07-31T18:06:03.883-0300] {bigquery.py:1660} INFO - Inserting job ***_exportar_bq_para_gcs_csv_exportar_tabela_bq_gcs_2025_07_31T21_05_47_007248_00_00_25a7e0156089b94962a331960db9c41f
[2025-07-31T18:06:05.525-0300] {taskinstance.py:441} INFO - ::group::Post task execution logs
[2025-07-31T18:06:05.538-0300] {taskinstance.py:1206} INFO - Marking task as SUCCESS. dag_id=exportar_bq_para_gcs_csv, task_id=exportar_tabela_bq_gcs, run_id=manual__2025-07-31T21:05:47.007248+00:00, execution_date=20250731T210547, start_date=20250731T210603, end_date=20250731T210605
[2025-07-31T18:06:05.581-0300] {local_task_job_runner.py:240} INFO - Task exited with return code 0
[2025-07-31T18:06:05.609-0300] {taskinstance.py:3498} INFO - 1 downstream tasks scheduled from follow-on schedule check
[2025-07-31T18:06:05.611-0300] {local_task_job_runner.py:222} INFO - ::endgroup::
