[2025-08-15T09:00:15.692-0300] {local_task_job_runner.py:120} INFO - ::group::Pre task execution logs
[2025-08-15T09:00:15.701-0300] {taskinstance.py:2076} INFO - Dependencies all met for dep_context=non-requeueable deps ti=<TaskInstance: exportar_bq_para_gcs_csv.criar_tabela_temp_bq scheduled__2025-08-14T10:00:00+00:00 [queued]>
[2025-08-15T09:00:15.705-0300] {taskinstance.py:2076} INFO - Dependencies all met for dep_context=requeueable deps ti=<TaskInstance: exportar_bq_para_gcs_csv.criar_tabela_temp_bq scheduled__2025-08-14T10:00:00+00:00 [queued]>
[2025-08-15T09:00:15.705-0300] {taskinstance.py:2306} INFO - Starting attempt 1 of 1
[2025-08-15T09:00:15.711-0300] {taskinstance.py:2330} INFO - Executing <Task(BigQueryInsertJobOperator): criar_tabela_temp_bq> on 2025-08-14 10:00:00+00:00
[2025-08-15T09:00:15.716-0300] {standard_task_runner.py:63} INFO - Started process 226 to run task
[2025-08-15T09:00:15.720-0300] {standard_task_runner.py:90} INFO - Running: ['***', 'tasks', 'run', 'exportar_bq_para_gcs_csv', 'criar_tabela_temp_bq', 'scheduled__2025-08-14T10:00:00+00:00', '--job-id', '221', '--raw', '--subdir', 'DAGS_FOLDER/notas_ordem.py', '--cfg-path', '/tmp/tmp3719zx39']
[2025-08-15T09:00:15.721-0300] {standard_task_runner.py:91} INFO - Job 221: Subtask criar_tabela_temp_bq
[2025-08-15T09:00:15.747-0300] {task_command.py:426} INFO - Running <TaskInstance: exportar_bq_para_gcs_csv.criar_tabela_temp_bq scheduled__2025-08-14T10:00:00+00:00 [running]> on host 3c38c83cef21
[2025-08-15T09:00:15.793-0300] {taskinstance.py:2648} INFO - Exporting env vars: AIRFLOW_CTX_DAG_OWNER='***' AIRFLOW_CTX_DAG_ID='exportar_bq_para_gcs_csv' AIRFLOW_CTX_TASK_ID='criar_tabela_temp_bq' AIRFLOW_CTX_EXECUTION_DATE='2025-08-14T10:00:00+00:00' AIRFLOW_CTX_TRY_NUMBER='1' AIRFLOW_CTX_DAG_RUN_ID='scheduled__2025-08-14T10:00:00+00:00'
[2025-08-15T09:00:15.794-0300] {taskinstance.py:430} INFO - ::endgroup::
[2025-08-15T09:00:15.807-0300] {crypto.py:82} WARNING - empty cryptography key - values will not be stored encrypted.
[2025-08-15T09:00:15.808-0300] {connection.py:274} WARNING - Connection schemes (type: google_cloud_platform) shall not contain '_' according to RFC3986.
[2025-08-15T09:00:15.808-0300] {base.py:84} INFO - Using connection ID 'google_cloud_default' for task execution.
[2025-08-15T09:00:15.844-0300] {bigquery.py:2832} INFO - Executing: {'query': {'query': '\n                    CREATE OR REPLACE TABLE `sz-00022-ws.PLAMI.TMP_NOTAS_ORDENS` AS\n                    SELECT * FROM `sz-00022-ws.PLAMI.NOTAS_ORDENS`;\n                ', 'useLegacySql': False}}'
[2025-08-15T09:00:15.845-0300] {bigquery.py:1660} INFO - Inserting job ***_exportar_bq_para_gcs_csv_criar_tabela_temp_bq_2025_08_14T10_00_00_00_00_2d37dd6ce3325623ca3d1747d49c899a
[2025-08-15T09:00:41.749-0300] {taskinstance.py:441} INFO - ::group::Post task execution logs
[2025-08-15T09:00:41.763-0300] {taskinstance.py:1206} INFO - Marking task as SUCCESS. dag_id=exportar_bq_para_gcs_csv, task_id=criar_tabela_temp_bq, run_id=scheduled__2025-08-14T10:00:00+00:00, execution_date=20250814T100000, start_date=20250815T120015, end_date=20250815T120041
[2025-08-15T09:00:41.783-0300] {local_task_job_runner.py:240} INFO - Task exited with return code 0
[2025-08-15T09:00:41.796-0300] {taskinstance.py:3498} INFO - 1 downstream tasks scheduled from follow-on schedule check
[2025-08-15T09:00:41.797-0300] {local_task_job_runner.py:222} INFO - ::endgroup::
