[2025-08-08T16:28:48.546-0300] {local_task_job_runner.py:120} INFO - ::group::Pre task execution logs
[2025-08-08T16:28:48.561-0300] {taskinstance.py:2076} INFO - Dependencies all met for dep_context=non-requeueable deps ti=<TaskInstance: avisos_coordenador.consultar_valores_pi manual__2025-08-08T19:28:46.753579+00:00 [queued]>
[2025-08-08T16:28:48.566-0300] {taskinstance.py:2076} INFO - Dependencies all met for dep_context=requeueable deps ti=<TaskInstance: avisos_coordenador.consultar_valores_pi manual__2025-08-08T19:28:46.753579+00:00 [queued]>
[2025-08-08T16:28:48.566-0300] {taskinstance.py:2306} INFO - Starting attempt 1 of 1
[2025-08-08T16:28:48.659-0300] {taskinstance.py:2330} INFO - Executing <Task(PythonOperator): consultar_valores_pi> on 2025-08-08 19:28:46.753579+00:00
[2025-08-08T16:28:48.665-0300] {standard_task_runner.py:63} INFO - Started process 190 to run task
[2025-08-08T16:28:48.667-0300] {standard_task_runner.py:90} INFO - Running: ['***', 'tasks', 'run', 'avisos_coordenador', 'consultar_valores_pi', 'manual__2025-08-08T19:28:46.753579+00:00', '--job-id', '161', '--raw', '--subdir', 'DAGS_FOLDER/avisos_coordenador.py', '--cfg-path', '/tmp/tmpfez4a76c']
[2025-08-08T16:28:48.668-0300] {standard_task_runner.py:91} INFO - Job 161: Subtask consultar_valores_pi
[2025-08-08T16:28:48.692-0300] {task_command.py:426} INFO - Running <TaskInstance: avisos_coordenador.consultar_valores_pi manual__2025-08-08T19:28:46.753579+00:00 [running]> on host 1a4c58afc681
[2025-08-08T16:28:48.740-0300] {taskinstance.py:2648} INFO - Exporting env vars: AIRFLOW_CTX_DAG_OWNER='***' AIRFLOW_CTX_DAG_ID='avisos_coordenador' AIRFLOW_CTX_TASK_ID='consultar_valores_pi' AIRFLOW_CTX_EXECUTION_DATE='2025-08-08T19:28:46.753579+00:00' AIRFLOW_CTX_TRY_NUMBER='1' AIRFLOW_CTX_DAG_RUN_ID='manual__2025-08-08T19:28:46.753579+00:00'
[2025-08-08T16:28:48.740-0300] {taskinstance.py:430} INFO - ::endgroup::
[2025-08-08T16:28:49.293-0300] {logging_mixin.py:188} INFO - 🚨 Aviso id_alarme=1 disparado. Silêncio até 2025-08-08T19:29:49.293565+00:00
[2025-08-08T16:28:52.973-0300] {logging_mixin.py:188} INFO - 📨 Mensagem gerada:
[2025-08-08T16:28:52.974-0300] {logging_mixin.py:188} INFO -  Prezados(as),

Espero que todos estejam bem.

Venho por meio deste, chamar a atenção para um desvio identificado em relação à gestão ambiental do nosso processo produtivo.

Conforme ilustrado no gráfico de tendência em anexo, temos observado uma média de vazão de efluentes gerados durante a produção de papel que supera o limite estipulado em nosso programa de excelência operacional. Esse limite foi estabelecido com base na capacidade máxima da estação de tratamento de efluentes voltada para o processo de fabricação de papel.

Vazão Média (2 horas): 255,70 m³/h.
[2025-08-08T16:28:53.119-0300] {logging_mixin.py:188} INFO - 🖼️ Grafico (base64) gerado. Tamanho=53262
[2025-08-08T16:28:53.207-0300] {python.py:237} INFO - Done. Returned value was: None
[2025-08-08T16:28:53.208-0300] {taskinstance.py:441} INFO - ::group::Post task execution logs
[2025-08-08T16:28:53.222-0300] {taskinstance.py:1206} INFO - Marking task as SUCCESS. dag_id=avisos_coordenador, task_id=consultar_valores_pi, run_id=manual__2025-08-08T19:28:46.753579+00:00, execution_date=20250808T192846, start_date=20250808T192848, end_date=20250808T192853
[2025-08-08T16:28:53.294-0300] {local_task_job_runner.py:240} INFO - Task exited with return code 0
[2025-08-08T16:28:53.314-0300] {taskinstance.py:3498} INFO - 0 downstream tasks scheduled from follow-on schedule check
[2025-08-08T16:28:53.316-0300] {local_task_job_runner.py:222} INFO - ::endgroup::
