[2025-07-31T18:23:46.748-0300] {local_task_job_runner.py:120} INFO - ::group::Pre task execution logs
[2025-07-31T18:23:46.757-0300] {taskinstance.py:2076} INFO - Dependencies all met for dep_context=non-requeueable deps ti=<TaskInstance: exportar_bq_para_gcs_csv.carregar_csv_postgres manual__2025-07-31T21:23:25.943146+00:00 [queued]>
[2025-07-31T18:23:46.762-0300] {taskinstance.py:2076} INFO - Dependencies all met for dep_context=requeueable deps ti=<TaskInstance: exportar_bq_para_gcs_csv.carregar_csv_postgres manual__2025-07-31T21:23:25.943146+00:00 [queued]>
[2025-07-31T18:23:46.762-0300] {taskinstance.py:2306} INFO - Starting attempt 1 of 1
[2025-07-31T18:23:46.769-0300] {taskinstance.py:2330} INFO - Executing <Task(BashOperator): carregar_csv_postgres> on 2025-07-31 21:23:25.943146+00:00
[2025-07-31T18:23:46.775-0300] {standard_task_runner.py:63} INFO - Started process 574 to run task
[2025-07-31T18:23:46.776-0300] {standard_task_runner.py:90} INFO - Running: ['***', 'tasks', 'run', 'exportar_bq_para_gcs_csv', 'carregar_csv_postgres', 'manual__2025-07-31T21:23:25.943146+00:00', '--job-id', '56', '--raw', '--subdir', 'DAGS_FOLDER/notas_ordem.py', '--cfg-path', '/tmp/tmpni9ainyz']
[2025-07-31T18:23:46.778-0300] {standard_task_runner.py:91} INFO - Job 56: Subtask carregar_csv_postgres
[2025-07-31T18:23:46.802-0300] {task_command.py:426} INFO - Running <TaskInstance: exportar_bq_para_gcs_csv.carregar_csv_postgres manual__2025-07-31T21:23:25.943146+00:00 [running]> on host 7b4a21630117
[2025-07-31T18:23:46.851-0300] {taskinstance.py:2648} INFO - Exporting env vars: AIRFLOW_CTX_DAG_OWNER='***' AIRFLOW_CTX_DAG_ID='exportar_bq_para_gcs_csv' AIRFLOW_CTX_TASK_ID='carregar_csv_postgres' AIRFLOW_CTX_EXECUTION_DATE='2025-07-31T21:23:25.943146+00:00' AIRFLOW_CTX_TRY_NUMBER='1' AIRFLOW_CTX_DAG_RUN_ID='manual__2025-07-31T21:23:25.943146+00:00'
[2025-07-31T18:23:46.852-0300] {taskinstance.py:430} INFO - ::endgroup::
[2025-07-31T18:23:46.861-0300] {subprocess.py:63} INFO - Tmp dir root location: /tmp
[2025-07-31T18:23:46.861-0300] {subprocess.py:75} INFO - Running command: ['/usr/bin/bash', '-c', '\n        cat /opt/***/csv/nota_ordem.csv |         psql "$PG_CONN" -c "\n            COPY notas_ordem (\n                nota, tipo_nota, descricao, status_usuario, status_sistema, ordem, tag, desc_tag, tag_desc, criticidade,\n                grupo_planejamento, centro_trabalho, autor, nome_autor, criado_por, nome_criado, criado, modificado_por,\n                nome_modificado, modificado, data_nota, hora_nota, inicio_desejado, hora_inicio_desejado, fim_desejado,\n                hora_fim_desejado, oportunidade, tipo_prioridade, tipo_servico, tipo_impacto, grau_impacto, probabilidade,\n                prioridade, data_mod_prioridade, tipo_ordem, descricao_ordem, status_usuario_ordem, status_sistema_ordem,\n                centro_trabalho_ordem, grupo_planejamento_ordem, inicio_base_ordem, hora_inicio_base_ordem, fim_base_ordem,\n                hora_fim_base_ordem, prioridade_ordem, revisao, tag_ordem, desc_tag_ordem, criado_por_ordem, nome_criado_ordem,\n                data_criacao_ordem, modificado_por_ordem, nome_modificado_ordem, data_modificacao_ordem, objeto_nota, priorizado,\n                planejado, programado, encerrado, seguranca, vazamento, alarme, custo_planejado_ordem, custo_real_ordem,\n                ordem_priorizada_operacao, classificacao_prioridade\n            )\n            FROM STDIN\n            DELIMITER E\'\\x1f\' CSV HEADER;\n        "\n    ']
[2025-07-31T18:23:46.877-0300] {subprocess.py:86} INFO - Output:
[2025-07-31T18:23:46.935-0300] {subprocess.py:93} INFO - COPY 10
[2025-07-31T18:23:46.936-0300] {subprocess.py:97} INFO - Command exited with return code 0
[2025-07-31T18:23:46.936-0300] {taskinstance.py:441} INFO - ::group::Post task execution logs
[2025-07-31T18:23:46.951-0300] {taskinstance.py:1206} INFO - Marking task as SUCCESS. dag_id=exportar_bq_para_gcs_csv, task_id=carregar_csv_postgres, run_id=manual__2025-07-31T21:23:25.943146+00:00, execution_date=20250731T212325, start_date=20250731T212346, end_date=20250731T212346
[2025-07-31T18:23:46.988-0300] {local_task_job_runner.py:240} INFO - Task exited with return code 0
[2025-07-31T18:23:46.998-0300] {taskinstance.py:3498} INFO - 0 downstream tasks scheduled from follow-on schedule check
[2025-07-31T18:23:46.999-0300] {local_task_job_runner.py:222} INFO - ::endgroup::
