[2025-08-08T17:15:01.836-0300] {local_task_job_runner.py:120} INFO - ::group::Pre task execution logs
[2025-08-08T17:15:01.852-0300] {taskinstance.py:2076} INFO - Dependencies all met for dep_context=non-requeueable deps ti=<TaskInstance: avisos_coordenador.consultar_valores_pi manual__2025-08-08T20:14:59.241817+00:00 [queued]>
[2025-08-08T17:15:01.856-0300] {taskinstance.py:2076} INFO - Dependencies all met for dep_context=requeueable deps ti=<TaskInstance: avisos_coordenador.consultar_valores_pi manual__2025-08-08T20:14:59.241817+00:00 [queued]>
[2025-08-08T17:15:01.856-0300] {taskinstance.py:2306} INFO - Starting attempt 1 of 1
[2025-08-08T17:15:01.951-0300] {taskinstance.py:2330} INFO - Executing <Task(PythonOperator): consultar_valores_pi> on 2025-08-08 20:14:59.241817+00:00
[2025-08-08T17:15:01.956-0300] {standard_task_runner.py:63} INFO - Started process 941 to run task
[2025-08-08T17:15:01.957-0300] {standard_task_runner.py:90} INFO - Running: ['***', 'tasks', 'run', 'avisos_coordenador', 'consultar_valores_pi', 'manual__2025-08-08T20:14:59.241817+00:00', '--job-id', '177', '--raw', '--subdir', 'DAGS_FOLDER/avisos_coordenador.py', '--cfg-path', '/tmp/tmpf7_ap_r8']
[2025-08-08T17:15:01.959-0300] {standard_task_runner.py:91} INFO - Job 177: Subtask consultar_valores_pi
[2025-08-08T17:15:01.983-0300] {task_command.py:426} INFO - Running <TaskInstance: avisos_coordenador.consultar_valores_pi manual__2025-08-08T20:14:59.241817+00:00 [running]> on host 1a4c58afc681
[2025-08-08T17:15:02.033-0300] {taskinstance.py:2648} INFO - Exporting env vars: AIRFLOW_CTX_DAG_OWNER='***' AIRFLOW_CTX_DAG_ID='avisos_coordenador' AIRFLOW_CTX_TASK_ID='consultar_valores_pi' AIRFLOW_CTX_EXECUTION_DATE='2025-08-08T20:14:59.241817+00:00' AIRFLOW_CTX_TRY_NUMBER='1' AIRFLOW_CTX_DAG_RUN_ID='manual__2025-08-08T20:14:59.241817+00:00'
[2025-08-08T17:15:02.034-0300] {taskinstance.py:430} INFO - ::endgroup::
[2025-08-08T17:15:02.704-0300] {logging_mixin.py:188} INFO - 🚨 Aviso id_alarme=1 disparado. Silêncio até 2025-08-08T20:16:02.704285+00:00
[2025-08-08T17:15:06.422-0300] {logging_mixin.py:188} INFO - 📨 Mensagem gerada:
[2025-08-08T17:15:06.422-0300] {logging_mixin.py:188} INFO -  Prezados,

Espero que todos estejam bem.

Venho por meio deste comunicar um desvio que foi identificado na gestão ambiental de nosso processo produtivo. 

Conforme demonstrado no gráfico de tendência em anexo, observamos que a média de vazão dos efluentes gerados na produção de papel está ultrapassando o parâmetro estabelecido em nosso Programa de Excelência Operacional. Esse limite foi determinado com base na capacidade máxima da estação de tratamento de efluentes destinada a esse processo.

Vazão Média (2 horas): 252,89 m³/h.
[2025-08-08T17:15:08.338-0300] {python.py:237} INFO - Done. Returned value was: None
[2025-08-08T17:15:08.340-0300] {taskinstance.py:441} INFO - ::group::Post task execution logs
[2025-08-08T17:15:08.353-0300] {taskinstance.py:1206} INFO - Marking task as SUCCESS. dag_id=avisos_coordenador, task_id=consultar_valores_pi, run_id=manual__2025-08-08T20:14:59.241817+00:00, execution_date=20250808T201459, start_date=20250808T201501, end_date=20250808T201508
[2025-08-08T17:15:08.396-0300] {local_task_job_runner.py:240} INFO - Task exited with return code 0
[2025-08-08T17:15:08.416-0300] {taskinstance.py:3498} INFO - 0 downstream tasks scheduled from follow-on schedule check
[2025-08-08T17:15:08.417-0300] {local_task_job_runner.py:222} INFO - ::endgroup::
