[2025-07-31T18:06:09.067-0300] {local_task_job_runner.py:120} INFO - ::group::Pre task execution logs
[2025-07-31T18:06:09.079-0300] {taskinstance.py:2076} INFO - Dependencies all met for dep_context=non-requeueable deps ti=<TaskInstance: exportar_bq_para_gcs_csv.carregar_csv_postgres manual__2025-07-31T21:05:47.007248+00:00 [queued]>
[2025-07-31T18:06:09.085-0300] {taskinstance.py:2076} INFO - Dependencies all met for dep_context=requeueable deps ti=<TaskInstance: exportar_bq_para_gcs_csv.carregar_csv_postgres manual__2025-07-31T21:05:47.007248+00:00 [queued]>
[2025-07-31T18:06:09.085-0300] {taskinstance.py:2306} INFO - Starting attempt 1 of 1
[2025-07-31T18:06:09.092-0300] {taskinstance.py:2330} INFO - Executing <Task(BashOperator): carregar_csv_postgres> on 2025-07-31 21:05:47.007248+00:00
[2025-07-31T18:06:09.099-0300] {standard_task_runner.py:63} INFO - Started process 315 to run task
[2025-07-31T18:06:09.101-0300] {standard_task_runner.py:90} INFO - Running: ['***', 'tasks', 'run', 'exportar_bq_para_gcs_csv', 'carregar_csv_postgres', 'manual__2025-07-31T21:05:47.007248+00:00', '--job-id', '44', '--raw', '--subdir', 'DAGS_FOLDER/notas_ordem.py', '--cfg-path', '/tmp/tmpputuu8pr']
[2025-07-31T18:06:09.102-0300] {standard_task_runner.py:91} INFO - Job 44: Subtask carregar_csv_postgres
[2025-07-31T18:06:09.126-0300] {task_command.py:426} INFO - Running <TaskInstance: exportar_bq_para_gcs_csv.carregar_csv_postgres manual__2025-07-31T21:05:47.007248+00:00 [running]> on host 7b4a21630117
[2025-07-31T18:06:09.173-0300] {taskinstance.py:2648} INFO - Exporting env vars: AIRFLOW_CTX_DAG_OWNER='***' AIRFLOW_CTX_DAG_ID='exportar_bq_para_gcs_csv' AIRFLOW_CTX_TASK_ID='carregar_csv_postgres' AIRFLOW_CTX_EXECUTION_DATE='2025-07-31T21:05:47.007248+00:00' AIRFLOW_CTX_TRY_NUMBER='1' AIRFLOW_CTX_DAG_RUN_ID='manual__2025-07-31T21:05:47.007248+00:00'
[2025-07-31T18:06:09.173-0300] {taskinstance.py:430} INFO - ::endgroup::
[2025-07-31T18:06:09.180-0300] {subprocess.py:63} INFO - Tmp dir root location: /tmp
[2025-07-31T18:06:09.181-0300] {subprocess.py:75} INFO - Running command: ['/usr/bin/bash', '-c', '\n        gunzip -c /opt/***/csv/nota_ordem.csv |         psql "$PG_CONN" -c         "COPY notas_ordem FROM STDIN DELIMITER E\'\\x1f\' CSV HEADER;"\n    ']
[2025-07-31T18:06:09.193-0300] {subprocess.py:86} INFO - Output:
[2025-07-31T18:06:09.195-0300] {subprocess.py:93} INFO - 
[2025-07-31T18:06:09.195-0300] {subprocess.py:93} INFO - gzip: /opt/***/csv/nota_ordem.csv: not in gzip format
[2025-07-31T18:06:09.252-0300] {subprocess.py:93} INFO - COPY 0
[2025-07-31T18:06:09.254-0300] {subprocess.py:97} INFO - Command exited with return code 0
[2025-07-31T18:06:09.255-0300] {taskinstance.py:441} INFO - ::group::Post task execution logs
[2025-07-31T18:06:09.291-0300] {taskinstance.py:1206} INFO - Marking task as SUCCESS. dag_id=exportar_bq_para_gcs_csv, task_id=carregar_csv_postgres, run_id=manual__2025-07-31T21:05:47.007248+00:00, execution_date=20250731T210547, start_date=20250731T210609, end_date=20250731T210609
[2025-07-31T18:06:09.353-0300] {local_task_job_runner.py:240} INFO - Task exited with return code 0
[2025-07-31T18:06:09.377-0300] {taskinstance.py:3498} INFO - 0 downstream tasks scheduled from follow-on schedule check
[2025-07-31T18:06:09.380-0300] {local_task_job_runner.py:222} INFO - ::endgroup::
