[2025-08-08T17:02:02.195-0300] {local_task_job_runner.py:120} INFO - ::group::Pre task execution logs
[2025-08-08T17:02:02.210-0300] {taskinstance.py:2076} INFO - Dependencies all met for dep_context=non-requeueable deps ti=<TaskInstance: avisos_coordenador.consultar_valores_pi manual__2025-08-08T20:02:00.199044+00:00 [queued]>
[2025-08-08T17:02:02.214-0300] {taskinstance.py:2076} INFO - Dependencies all met for dep_context=requeueable deps ti=<TaskInstance: avisos_coordenador.consultar_valores_pi manual__2025-08-08T20:02:00.199044+00:00 [queued]>
[2025-08-08T17:02:02.214-0300] {taskinstance.py:2306} INFO - Starting attempt 1 of 1
[2025-08-08T17:02:02.307-0300] {taskinstance.py:2330} INFO - Executing <Task(PythonOperator): consultar_valores_pi> on 2025-08-08 20:02:00.199044+00:00
[2025-08-08T17:02:02.312-0300] {standard_task_runner.py:63} INFO - Started process 609 to run task
[2025-08-08T17:02:02.314-0300] {standard_task_runner.py:90} INFO - Running: ['***', 'tasks', 'run', 'avisos_coordenador', 'consultar_valores_pi', 'manual__2025-08-08T20:02:00.199044+00:00', '--job-id', '167', '--raw', '--subdir', 'DAGS_FOLDER/avisos_coordenador.py', '--cfg-path', '/tmp/tmplmofzda5']
[2025-08-08T17:02:02.315-0300] {standard_task_runner.py:91} INFO - Job 167: Subtask consultar_valores_pi
[2025-08-08T17:02:02.339-0300] {task_command.py:426} INFO - Running <TaskInstance: avisos_coordenador.consultar_valores_pi manual__2025-08-08T20:02:00.199044+00:00 [running]> on host 1a4c58afc681
[2025-08-08T17:02:02.383-0300] {taskinstance.py:2648} INFO - Exporting env vars: AIRFLOW_CTX_DAG_OWNER='***' AIRFLOW_CTX_DAG_ID='avisos_coordenador' AIRFLOW_CTX_TASK_ID='consultar_valores_pi' AIRFLOW_CTX_EXECUTION_DATE='2025-08-08T20:02:00.199044+00:00' AIRFLOW_CTX_TRY_NUMBER='1' AIRFLOW_CTX_DAG_RUN_ID='manual__2025-08-08T20:02:00.199044+00:00'
[2025-08-08T17:02:02.384-0300] {taskinstance.py:430} INFO - ::endgroup::
[2025-08-08T17:02:02.940-0300] {logging_mixin.py:188} INFO - 🚨 Aviso id_alarme=1 disparado. Silêncio até 2025-08-08T20:03:02.940666+00:00
[2025-08-08T17:02:06.204-0300] {logging_mixin.py:188} INFO - 📨 Mensagem gerada:
[2025-08-08T17:02:06.204-0300] {logging_mixin.py:188} INFO -  Prezados,

Espero que todos estejam bem.

Venho por meio desta mensagem chamar a atenção para uma irregularidade identificada na gestão ambiental de nossas operações.

De acordo com o gráfico de tendência em anexo, a média de vazão de efluentes gerados pelo processo de produção de papel ultrapassa o limite estipulado em nosso programa de excelência operacional. Esse parâmetro foi estabelecido com base na capacidade máxima da estação de tratamento de efluentes designada para esse processo.

Vazão Média (2 horas): 237,28 m³/h
[2025-08-08T17:02:08.069-0300] {python.py:237} INFO - Done. Returned value was: None
[2025-08-08T17:02:08.071-0300] {taskinstance.py:441} INFO - ::group::Post task execution logs
[2025-08-08T17:02:08.084-0300] {taskinstance.py:1206} INFO - Marking task as SUCCESS. dag_id=avisos_coordenador, task_id=consultar_valores_pi, run_id=manual__2025-08-08T20:02:00.199044+00:00, execution_date=20250808T200200, start_date=20250808T200202, end_date=20250808T200208
[2025-08-08T17:02:08.111-0300] {local_task_job_runner.py:240} INFO - Task exited with return code 0
[2025-08-08T17:02:08.123-0300] {taskinstance.py:3498} INFO - 0 downstream tasks scheduled from follow-on schedule check
[2025-08-08T17:02:08.124-0300] {local_task_job_runner.py:222} INFO - ::endgroup::
