[2025-08-01T08:59:41.274-0300] {local_task_job_runner.py:120} INFO - ::group::Pre task execution logs
[2025-08-01T08:59:41.284-0300] {taskinstance.py:2076} INFO - Dependencies all met for dep_context=non-requeueable deps ti=<TaskInstance: exportar_bq_para_gcs_csv.criar_tabela_temp_pg manual__2025-08-01T11:59:16.585236+00:00 [queued]>
[2025-08-01T08:59:41.288-0300] {taskinstance.py:2076} INFO - Dependencies all met for dep_context=requeueable deps ti=<TaskInstance: exportar_bq_para_gcs_csv.criar_tabela_temp_pg manual__2025-08-01T11:59:16.585236+00:00 [queued]>
[2025-08-01T08:59:41.288-0300] {taskinstance.py:2306} INFO - Starting attempt 1 of 1
[2025-08-01T08:59:41.295-0300] {taskinstance.py:2330} INFO - Executing <Task(BashOperator): criar_tabela_temp_pg> on 2025-08-01 11:59:16.585236+00:00
[2025-08-01T08:59:41.302-0300] {standard_task_runner.py:63} INFO - Started process 1249 to run task
[2025-08-01T08:59:41.304-0300] {standard_task_runner.py:90} INFO - Running: ['***', 'tasks', 'run', 'exportar_bq_para_gcs_csv', 'criar_tabela_temp_pg', 'manual__2025-08-01T11:59:16.585236+00:00', '--job-id', '64', '--raw', '--subdir', 'DAGS_FOLDER/notas_ordem.py', '--cfg-path', '/tmp/tmpd81gb6rl']
[2025-08-01T08:59:41.305-0300] {standard_task_runner.py:91} INFO - Job 64: Subtask criar_tabela_temp_pg
[2025-08-01T08:59:41.334-0300] {task_command.py:426} INFO - Running <TaskInstance: exportar_bq_para_gcs_csv.criar_tabela_temp_pg manual__2025-08-01T11:59:16.585236+00:00 [running]> on host 7b4a21630117
[2025-08-01T08:59:41.386-0300] {taskinstance.py:2648} INFO - Exporting env vars: AIRFLOW_CTX_DAG_OWNER='***' AIRFLOW_CTX_DAG_ID='exportar_bq_para_gcs_csv' AIRFLOW_CTX_TASK_ID='criar_tabela_temp_pg' AIRFLOW_CTX_EXECUTION_DATE='2025-08-01T11:59:16.585236+00:00' AIRFLOW_CTX_TRY_NUMBER='1' AIRFLOW_CTX_DAG_RUN_ID='manual__2025-08-01T11:59:16.585236+00:00'
[2025-08-01T08:59:41.387-0300] {taskinstance.py:430} INFO - ::endgroup::
[2025-08-01T08:59:41.394-0300] {subprocess.py:63} INFO - Tmp dir root location: /tmp
[2025-08-01T08:59:41.394-0300] {subprocess.py:75} INFO - Running command: ['/usr/bin/bash', '-c', '\n            psql "$PG_CONN" -c "\n                DROP TABLE IF EXISTS notas_ordem_temp;\n                CREATE TABLE notas_ordem_temp (LIKE notas_ordem INCLUDING ALL);\n            "\n        ']
[2025-08-01T08:59:41.407-0300] {subprocess.py:86} INFO - Output:
[2025-08-01T08:59:41.607-0300] {subprocess.py:93} INFO - NOTICE:  table "notas_ordem_temp" does not exist, skipping
[2025-08-01T08:59:41.663-0300] {subprocess.py:93} INFO - DROP TABLE
[2025-08-01T08:59:41.663-0300] {subprocess.py:93} INFO - CREATE TABLE
[2025-08-01T08:59:41.664-0300] {subprocess.py:97} INFO - Command exited with return code 0
[2025-08-01T08:59:41.664-0300] {taskinstance.py:441} INFO - ::group::Post task execution logs
[2025-08-01T08:59:41.686-0300] {taskinstance.py:1206} INFO - Marking task as SUCCESS. dag_id=exportar_bq_para_gcs_csv, task_id=criar_tabela_temp_pg, run_id=manual__2025-08-01T11:59:16.585236+00:00, execution_date=20250801T115916, start_date=20250801T115941, end_date=20250801T115941
[2025-08-01T08:59:41.717-0300] {local_task_job_runner.py:240} INFO - Task exited with return code 0
[2025-08-01T08:59:41.740-0300] {taskinstance.py:3498} INFO - 1 downstream tasks scheduled from follow-on schedule check
[2025-08-01T08:59:41.740-0300] {local_task_job_runner.py:222} INFO - ::endgroup::
