[2025-07-31T17:56:01.060-0300] {local_task_job_runner.py:120} INFO - ::group::Pre task execution logs
[2025-07-31T17:56:01.069-0300] {taskinstance.py:2076} INFO - Dependencies all met for dep_context=non-requeueable deps ti=<TaskInstance: exportar_bq_para_gcs_csv.exportar_tabela_bq_gcs manual__2025-07-31T20:55:45.860029+00:00 [queued]>
[2025-07-31T17:56:01.073-0300] {taskinstance.py:2076} INFO - Dependencies all met for dep_context=requeueable deps ti=<TaskInstance: exportar_bq_para_gcs_csv.exportar_tabela_bq_gcs manual__2025-07-31T20:55:45.860029+00:00 [queued]>
[2025-07-31T17:56:01.073-0300] {taskinstance.py:2306} INFO - Starting attempt 1 of 1
[2025-07-31T17:56:01.079-0300] {taskinstance.py:2330} INFO - Executing <Task(BigQueryToGCSOperator): exportar_tabela_bq_gcs> on 2025-07-31 20:55:45.860029+00:00
[2025-07-31T17:56:01.085-0300] {standard_task_runner.py:63} INFO - Started process 259 to run task
[2025-07-31T17:56:01.086-0300] {standard_task_runner.py:90} INFO - Running: ['***', 'tasks', 'run', 'exportar_bq_para_gcs_csv', 'exportar_tabela_bq_gcs', 'manual__2025-07-31T20:55:45.860029+00:00', '--job-id', '29', '--raw', '--subdir', 'DAGS_FOLDER/notas_ordem.py', '--cfg-path', '/tmp/tmpsiepejtx']
[2025-07-31T17:56:01.088-0300] {standard_task_runner.py:91} INFO - Job 29: Subtask exportar_tabela_bq_gcs
[2025-07-31T17:56:01.111-0300] {task_command.py:426} INFO - Running <TaskInstance: exportar_bq_para_gcs_csv.exportar_tabela_bq_gcs manual__2025-07-31T20:55:45.860029+00:00 [running]> on host 9a057a876820
[2025-07-31T17:56:01.158-0300] {taskinstance.py:2648} INFO - Exporting env vars: AIRFLOW_CTX_DAG_OWNER='***' AIRFLOW_CTX_DAG_ID='exportar_bq_para_gcs_csv' AIRFLOW_CTX_TASK_ID='exportar_tabela_bq_gcs' AIRFLOW_CTX_EXECUTION_DATE='2025-07-31T20:55:45.860029+00:00' AIRFLOW_CTX_TRY_NUMBER='1' AIRFLOW_CTX_DAG_RUN_ID='manual__2025-07-31T20:55:45.860029+00:00'
[2025-07-31T17:56:01.159-0300] {taskinstance.py:430} INFO - ::endgroup::
[2025-07-31T17:56:01.165-0300] {bigquery_to_gcs.py:201} INFO - Executing extract of sz-00022-ws.PLAMI.TMP_NOTAS_ORDENS into: ['gs://***_vps/nota_ordem.csv.gz']
[2025-07-31T17:56:01.165-0300] {connection.py:513} ERROR - Unable to retrieve connection from secrets backend (EnvironmentVariablesBackend). Checking subsequent secrets backend.
Traceback (most recent call last):
  File "/home/airflow/.local/lib/python3.11/site-packages/airflow/models/connection.py", line 508, in get_connection_from_secrets
    conn = secrets_backend.get_connection(conn_id=conn_id)
           ^^^^^^^^^^^^^^^^^^^^^^^^^^^^^^^^^^^^^^^^^^^^^^^
  File "/home/airflow/.local/lib/python3.11/site-packages/airflow/secrets/base_secrets.py", line 116, in get_connection
    return self.deserialize_connection(conn_id=conn_id, value=value)
           ^^^^^^^^^^^^^^^^^^^^^^^^^^^^^^^^^^^^^^^^^^^^^^^^^^^^^^^^^
  File "/home/airflow/.local/lib/python3.11/site-packages/airflow/secrets/base_secrets.py", line 68, in deserialize_connection
    return Connection.from_json(conn_id=conn_id, value=value)
           ^^^^^^^^^^^^^^^^^^^^^^^^^^^^^^^^^^^^^^^^^^^^^^^^^^
  File "/home/airflow/.local/lib/python3.11/site-packages/airflow/models/connection.py", line 564, in from_json
    return Connection(conn_id=conn_id, **kwargs)
           ^^^^^^^^^^^^^^^^^^^^^^^^^^^^^^^^^^^^^
TypeError: __init__() got an unexpected keyword argument 'extra__google_cloud_platform__project'
[2025-07-31T17:56:01.170-0300] {connection.py:274} WARNING - Connection schemes (type: google_cloud_platform) shall not contain '_' according to RFC3986.
[2025-07-31T17:56:01.171-0300] {base.py:84} INFO - Using connection ID 'google_cloud_default' for task execution.
[2025-07-31T17:56:01.171-0300] {credentials_provider.py:353} INFO - Getting connection using `google.auth.default()` since no explicit credentials are provided.
[2025-07-31T17:56:01.205-0300] {bigquery_to_gcs.py:224} INFO - Executing: {'extract': {'sourceTable': {'projectId': 'sz-00022-ws', 'datasetId': 'PLAMI', 'tableId': 'TMP_NOTAS_ORDENS'}, 'compression': 'GZIP', 'destinationUris': ['gs://***_vps/nota_ordem.csv.gz'], 'destinationFormat': 'CSV', 'fieldDelimiter': '\x1f', 'printHeader': True}}
[2025-07-31T17:56:01.206-0300] {bigquery.py:1660} INFO - Inserting job ***_exportar_bq_para_gcs_csv_exportar_tabela_bq_gcs_2025_07_31T20_55_45_860029_00_00_e59f4f1ff724d53a6785e4d12b031276
[2025-07-31T17:56:03.093-0300] {taskinstance.py:441} INFO - ::group::Post task execution logs
[2025-07-31T17:56:03.106-0300] {taskinstance.py:1206} INFO - Marking task as SUCCESS. dag_id=exportar_bq_para_gcs_csv, task_id=exportar_tabela_bq_gcs, run_id=manual__2025-07-31T20:55:45.860029+00:00, execution_date=20250731T205545, start_date=20250731T205601, end_date=20250731T205603
[2025-07-31T17:56:03.145-0300] {local_task_job_runner.py:240} INFO - Task exited with return code 0
[2025-07-31T17:56:03.177-0300] {taskinstance.py:3498} INFO - 1 downstream tasks scheduled from follow-on schedule check
[2025-07-31T17:56:03.179-0300] {local_task_job_runner.py:222} INFO - ::endgroup::
