[2025-08-08T17:37:59.103-0300] {local_task_job_runner.py:120} INFO - ::group::Pre task execution logs
[2025-08-08T17:37:59.118-0300] {taskinstance.py:2076} INFO - Dependencies all met for dep_context=non-requeueable deps ti=<TaskInstance: avisos_coordenador.consultar_valores_pi manual__2025-08-08T20:37:56.375354+00:00 [queued]>
[2025-08-08T17:37:59.122-0300] {taskinstance.py:2076} INFO - Dependencies all met for dep_context=requeueable deps ti=<TaskInstance: avisos_coordenador.consultar_valores_pi manual__2025-08-08T20:37:56.375354+00:00 [queued]>
[2025-08-08T17:37:59.123-0300] {taskinstance.py:2306} INFO - Starting attempt 1 of 1
[2025-08-08T17:37:59.219-0300] {taskinstance.py:2330} INFO - Executing <Task(PythonOperator): consultar_valores_pi> on 2025-08-08 20:37:56.375354+00:00
[2025-08-08T17:37:59.224-0300] {standard_task_runner.py:63} INFO - Started process 1443 to run task
[2025-08-08T17:37:59.225-0300] {standard_task_runner.py:90} INFO - Running: ['***', 'tasks', 'run', 'avisos_coordenador', 'consultar_valores_pi', 'manual__2025-08-08T20:37:56.375354+00:00', '--job-id', '185', '--raw', '--subdir', 'DAGS_FOLDER/avisos_coordenador.py', '--cfg-path', '/tmp/tmprq0wxk6d']
[2025-08-08T17:37:59.227-0300] {standard_task_runner.py:91} INFO - Job 185: Subtask consultar_valores_pi
[2025-08-08T17:37:59.256-0300] {task_command.py:426} INFO - Running <TaskInstance: avisos_coordenador.consultar_valores_pi manual__2025-08-08T20:37:56.375354+00:00 [running]> on host 1a4c58afc681
[2025-08-08T17:37:59.303-0300] {taskinstance.py:2648} INFO - Exporting env vars: AIRFLOW_CTX_DAG_OWNER='***' AIRFLOW_CTX_DAG_ID='avisos_coordenador' AIRFLOW_CTX_TASK_ID='consultar_valores_pi' AIRFLOW_CTX_EXECUTION_DATE='2025-08-08T20:37:56.375354+00:00' AIRFLOW_CTX_TRY_NUMBER='1' AIRFLOW_CTX_DAG_RUN_ID='manual__2025-08-08T20:37:56.375354+00:00'
[2025-08-08T17:37:59.304-0300] {taskinstance.py:430} INFO - ::endgroup::
[2025-08-08T17:37:59.777-0300] {logging_mixin.py:188} INFO - 🚨 Aviso id_alarme=1 disparado. Silêncio até 2025-08-08T20:38:59.777379+00:00
[2025-08-08T17:38:02.430-0300] {logging_mixin.py:188} INFO - 📨 Mensagem gerada:
[2025-08-08T17:38:02.430-0300] {logging_mixin.py:188} INFO -  Prezados(as),

Espero que estejam todos bem.

Venho por meio desta chamar a atenção para uma inconsistência identificada na gestão ambiental de nossos processos.

Como demonstrado no gráfico de tendência a seguir, a média de vazão de efluentes gerados pelo processo de fabricação de papel está ultrapassando o limite estabelecido em nosso Programa de Excelência Operacional. Esse parâmetro foi definido com base na capacidade máxima da estação de tratamento de efluentes que atende a essa atividade.

Vazão Média (2 horas): 244,49 m³/h.
[2025-08-08T17:38:04.894-0300] {python.py:237} INFO - Done. Returned value was: None
[2025-08-08T17:38:04.896-0300] {taskinstance.py:441} INFO - ::group::Post task execution logs
[2025-08-08T17:38:04.911-0300] {taskinstance.py:1206} INFO - Marking task as SUCCESS. dag_id=avisos_coordenador, task_id=consultar_valores_pi, run_id=manual__2025-08-08T20:37:56.375354+00:00, execution_date=20250808T203756, start_date=20250808T203759, end_date=20250808T203804
[2025-08-08T17:38:04.941-0300] {local_task_job_runner.py:240} INFO - Task exited with return code 0
[2025-08-08T17:38:04.955-0300] {taskinstance.py:3498} INFO - 0 downstream tasks scheduled from follow-on schedule check
[2025-08-08T17:38:04.956-0300] {local_task_job_runner.py:222} INFO - ::endgroup::
