[2025-08-15T09:02:32.232-0300] {local_task_job_runner.py:120} INFO - ::group::Pre task execution logs
[2025-08-15T09:02:32.240-0300] {taskinstance.py:2076} INFO - Dependencies all met for dep_context=non-requeueable deps ti=<TaskInstance: exportar_bq_para_gcs_csv.limpar_csv_local manual__2025-08-15T12:00:13.483965+00:00 [queued]>
[2025-08-15T09:02:32.244-0300] {taskinstance.py:2076} INFO - Dependencies all met for dep_context=requeueable deps ti=<TaskInstance: exportar_bq_para_gcs_csv.limpar_csv_local manual__2025-08-15T12:00:13.483965+00:00 [queued]>
[2025-08-15T09:02:32.244-0300] {taskinstance.py:2306} INFO - Starting attempt 1 of 1
[2025-08-15T09:02:32.250-0300] {taskinstance.py:2330} INFO - Executing <Task(BashOperator): limpar_csv_local> on 2025-08-15 12:00:13.483965+00:00
[2025-08-15T09:02:32.256-0300] {standard_task_runner.py:63} INFO - Started process 300 to run task
[2025-08-15T09:02:32.258-0300] {standard_task_runner.py:90} INFO - Running: ['***', 'tasks', 'run', 'exportar_bq_para_gcs_csv', 'limpar_csv_local', 'manual__2025-08-15T12:00:13.483965+00:00', '--job-id', '228', '--raw', '--subdir', 'DAGS_FOLDER/notas_ordem.py', '--cfg-path', '/tmp/tmp72hr0ev5']
[2025-08-15T09:02:32.259-0300] {standard_task_runner.py:91} INFO - Job 228: Subtask limpar_csv_local
[2025-08-15T09:02:32.283-0300] {task_command.py:426} INFO - Running <TaskInstance: exportar_bq_para_gcs_csv.limpar_csv_local manual__2025-08-15T12:00:13.483965+00:00 [running]> on host 3c38c83cef21
[2025-08-15T09:02:32.326-0300] {taskinstance.py:2648} INFO - Exporting env vars: AIRFLOW_CTX_DAG_OWNER='***' AIRFLOW_CTX_DAG_ID='exportar_bq_para_gcs_csv' AIRFLOW_CTX_TASK_ID='limpar_csv_local' AIRFLOW_CTX_EXECUTION_DATE='2025-08-15T12:00:13.483965+00:00' AIRFLOW_CTX_TRY_NUMBER='1' AIRFLOW_CTX_DAG_RUN_ID='manual__2025-08-15T12:00:13.483965+00:00'
[2025-08-15T09:02:32.327-0300] {taskinstance.py:430} INFO - ::endgroup::
[2025-08-15T09:02:32.333-0300] {subprocess.py:63} INFO - Tmp dir root location: /tmp
[2025-08-15T09:02:32.333-0300] {subprocess.py:75} INFO - Running command: ['/usr/bin/bash', '-c', 'rm -f /opt/***/csv/nota_ordem.csv /opt/***/csv/nota_ordem.csv.gz']
[2025-08-15T09:02:32.345-0300] {subprocess.py:86} INFO - Output:
[2025-08-15T09:02:32.355-0300] {subprocess.py:97} INFO - Command exited with return code 0
[2025-08-15T09:02:32.356-0300] {taskinstance.py:441} INFO - ::group::Post task execution logs
[2025-08-15T09:02:32.370-0300] {taskinstance.py:1206} INFO - Marking task as SUCCESS. dag_id=exportar_bq_para_gcs_csv, task_id=limpar_csv_local, run_id=manual__2025-08-15T12:00:13.483965+00:00, execution_date=20250815T120013, start_date=20250815T120232, end_date=20250815T120232
[2025-08-15T09:02:32.390-0300] {local_task_job_runner.py:240} INFO - Task exited with return code 0
[2025-08-15T09:02:32.401-0300] {taskinstance.py:3498} INFO - 0 downstream tasks scheduled from follow-on schedule check
[2025-08-15T09:02:32.403-0300] {local_task_job_runner.py:222} INFO - ::endgroup::
