[2025-08-01T09:01:38.516-0300] {local_task_job_runner.py:120} INFO - ::group::Pre task execution logs
[2025-08-01T09:01:38.526-0300] {taskinstance.py:2076} INFO - Dependencies all met for dep_context=non-requeueable deps ti=<TaskInstance: exportar_bq_para_gcs_csv.swap_tabelas manual__2025-08-01T12:01:10.645449+00:00 [queued]>
[2025-08-01T09:01:38.530-0300] {taskinstance.py:2076} INFO - Dependencies all met for dep_context=requeueable deps ti=<TaskInstance: exportar_bq_para_gcs_csv.swap_tabelas manual__2025-08-01T12:01:10.645449+00:00 [queued]>
[2025-08-01T09:01:38.531-0300] {taskinstance.py:2306} INFO - Starting attempt 1 of 1
[2025-08-01T09:01:38.537-0300] {taskinstance.py:2330} INFO - Executing <Task(BashOperator): swap_tabelas> on 2025-08-01 12:01:10.645449+00:00
[2025-08-01T09:01:38.543-0300] {standard_task_runner.py:63} INFO - Started process 1314 to run task
[2025-08-01T09:01:38.545-0300] {standard_task_runner.py:90} INFO - Running: ['***', 'tasks', 'run', 'exportar_bq_para_gcs_csv', 'swap_tabelas', 'manual__2025-08-01T12:01:10.645449+00:00', '--job-id', '73', '--raw', '--subdir', 'DAGS_FOLDER/notas_ordem.py', '--cfg-path', '/tmp/tmpy8pmmqp5']
[2025-08-01T09:01:38.547-0300] {standard_task_runner.py:91} INFO - Job 73: Subtask swap_tabelas
[2025-08-01T09:01:38.572-0300] {task_command.py:426} INFO - Running <TaskInstance: exportar_bq_para_gcs_csv.swap_tabelas manual__2025-08-01T12:01:10.645449+00:00 [running]> on host 7b4a21630117
[2025-08-01T09:01:38.622-0300] {taskinstance.py:2648} INFO - Exporting env vars: AIRFLOW_CTX_DAG_OWNER='***' AIRFLOW_CTX_DAG_ID='exportar_bq_para_gcs_csv' AIRFLOW_CTX_TASK_ID='swap_tabelas' AIRFLOW_CTX_EXECUTION_DATE='2025-08-01T12:01:10.645449+00:00' AIRFLOW_CTX_TRY_NUMBER='1' AIRFLOW_CTX_DAG_RUN_ID='manual__2025-08-01T12:01:10.645449+00:00'
[2025-08-01T09:01:38.623-0300] {taskinstance.py:430} INFO - ::endgroup::
[2025-08-01T09:01:38.629-0300] {subprocess.py:63} INFO - Tmp dir root location: /tmp
[2025-08-01T09:01:38.629-0300] {subprocess.py:75} INFO - Running command: ['/usr/bin/bash', '-c', '\n            psql "$PG_CONN" -c "\n                DROP TABLE IF EXISTS notas_ordem_backup;\n                ALTER TABLE notas_ordem RENAME TO notas_ordem_backup;\n                ALTER TABLE notas_ordem_temp RENAME TO notas_ordem;\n                DROP TABLE IF EXISTS notas_ordem_backup;\n            "\n        ']
[2025-08-01T09:01:38.643-0300] {subprocess.py:86} INFO - Output:
[2025-08-01T09:01:39.055-0300] {subprocess.py:93} INFO - DROP TABLE
[2025-08-01T09:01:39.056-0300] {subprocess.py:93} INFO - ALTER TABLE
[2025-08-01T09:01:39.056-0300] {subprocess.py:93} INFO - ALTER TABLE
[2025-08-01T09:01:39.057-0300] {subprocess.py:93} INFO - DROP TABLE
[2025-08-01T09:01:39.057-0300] {subprocess.py:97} INFO - Command exited with return code 0
[2025-08-01T09:01:39.058-0300] {taskinstance.py:441} INFO - ::group::Post task execution logs
[2025-08-01T09:01:39.093-0300] {taskinstance.py:1206} INFO - Marking task as SUCCESS. dag_id=exportar_bq_para_gcs_csv, task_id=swap_tabelas, run_id=manual__2025-08-01T12:01:10.645449+00:00, execution_date=20250801T120110, start_date=20250801T120138, end_date=20250801T120139
[2025-08-01T09:01:39.118-0300] {local_task_job_runner.py:240} INFO - Task exited with return code 0
[2025-08-01T09:01:39.130-0300] {taskinstance.py:3498} INFO - 1 downstream tasks scheduled from follow-on schedule check
[2025-08-01T09:01:39.131-0300] {local_task_job_runner.py:222} INFO - ::endgroup::
