[2025-08-08T15:53:04.690-0300] {local_task_job_runner.py:120} INFO - ::group::Pre task execution logs
[2025-08-08T15:53:04.699-0300] {taskinstance.py:2076} INFO - Dependencies all met for dep_context=non-requeueable deps ti=<TaskInstance: exportar_bq_para_gcs_csv.criar_tabela_temp_pg manual__2025-08-08T18:52:15.928771+00:00 [queued]>
[2025-08-08T15:53:04.703-0300] {taskinstance.py:2076} INFO - Dependencies all met for dep_context=requeueable deps ti=<TaskInstance: exportar_bq_para_gcs_csv.criar_tabela_temp_pg manual__2025-08-08T18:52:15.928771+00:00 [queued]>
[2025-08-08T15:53:04.704-0300] {taskinstance.py:2306} INFO - Starting attempt 1 of 1
[2025-08-08T15:53:04.710-0300] {taskinstance.py:2330} INFO - Executing <Task(BashOperator): criar_tabela_temp_pg> on 2025-08-08 18:52:15.928771+00:00
[2025-08-08T15:53:04.717-0300] {standard_task_runner.py:63} INFO - Started process 413 to run task
[2025-08-08T15:53:04.718-0300] {standard_task_runner.py:90} INFO - Running: ['***', 'tasks', 'run', 'exportar_bq_para_gcs_csv', 'criar_tabela_temp_pg', 'manual__2025-08-08T18:52:15.928771+00:00', '--job-id', '155', '--raw', '--subdir', 'DAGS_FOLDER/notas_ordem.py', '--cfg-path', '/tmp/tmp0tmutgw0']
[2025-08-08T15:53:04.720-0300] {standard_task_runner.py:91} INFO - Job 155: Subtask criar_tabela_temp_pg
[2025-08-08T15:53:04.744-0300] {task_command.py:426} INFO - Running <TaskInstance: exportar_bq_para_gcs_csv.criar_tabela_temp_pg manual__2025-08-08T18:52:15.928771+00:00 [running]> on host 6f99aecc4c0e
[2025-08-08T15:53:04.794-0300] {taskinstance.py:2648} INFO - Exporting env vars: AIRFLOW_CTX_DAG_OWNER='***' AIRFLOW_CTX_DAG_ID='exportar_bq_para_gcs_csv' AIRFLOW_CTX_TASK_ID='criar_tabela_temp_pg' AIRFLOW_CTX_EXECUTION_DATE='2025-08-08T18:52:15.928771+00:00' AIRFLOW_CTX_TRY_NUMBER='1' AIRFLOW_CTX_DAG_RUN_ID='manual__2025-08-08T18:52:15.928771+00:00'
[2025-08-08T15:53:04.795-0300] {taskinstance.py:430} INFO - ::endgroup::
[2025-08-08T15:53:04.804-0300] {subprocess.py:63} INFO - Tmp dir root location: /tmp
[2025-08-08T15:53:04.804-0300] {subprocess.py:75} INFO - Running command: ['/usr/bin/bash', '-c', '\n            psql "$PG_CONN" -c "\n                DROP TABLE IF EXISTS notas_ordem_temp;\n                CREATE TABLE notas_ordem_temp (LIKE notas_ordem INCLUDING ALL);\n            "\n        ']
[2025-08-08T15:53:04.821-0300] {subprocess.py:86} INFO - Output:
[2025-08-08T15:53:04.991-0300] {subprocess.py:93} INFO - NOTICE:  table "notas_ordem_temp" does not exist, skipping
[2025-08-08T15:53:05.006-0300] {subprocess.py:93} INFO - DROP TABLE
[2025-08-08T15:53:05.007-0300] {subprocess.py:93} INFO - CREATE TABLE
[2025-08-08T15:53:05.007-0300] {subprocess.py:97} INFO - Command exited with return code 0
[2025-08-08T15:53:05.008-0300] {taskinstance.py:441} INFO - ::group::Post task execution logs
[2025-08-08T15:53:05.024-0300] {taskinstance.py:1206} INFO - Marking task as SUCCESS. dag_id=exportar_bq_para_gcs_csv, task_id=criar_tabela_temp_pg, run_id=manual__2025-08-08T18:52:15.928771+00:00, execution_date=20250808T185215, start_date=20250808T185304, end_date=20250808T185305
[2025-08-08T15:53:05.051-0300] {local_task_job_runner.py:240} INFO - Task exited with return code 0
[2025-08-08T15:53:05.067-0300] {taskinstance.py:3498} INFO - 1 downstream tasks scheduled from follow-on schedule check
[2025-08-08T15:53:05.068-0300] {local_task_job_runner.py:222} INFO - ::endgroup::
