[2025-08-15T09:01:06.235-0300] {local_task_job_runner.py:120} INFO - ::group::Pre task execution logs
[2025-08-15T09:01:06.243-0300] {taskinstance.py:2076} INFO - Dependencies all met for dep_context=non-requeueable deps ti=<TaskInstance: exportar_bq_para_gcs_csv.criar_tabela_temp_pg manual__2025-08-15T12:00:13.483965+00:00 [queued]>
[2025-08-15T09:01:06.247-0300] {taskinstance.py:2076} INFO - Dependencies all met for dep_context=requeueable deps ti=<TaskInstance: exportar_bq_para_gcs_csv.criar_tabela_temp_pg manual__2025-08-15T12:00:13.483965+00:00 [queued]>
[2025-08-15T09:01:06.247-0300] {taskinstance.py:2306} INFO - Starting attempt 1 of 1
[2025-08-15T09:01:06.253-0300] {taskinstance.py:2330} INFO - Executing <Task(BashOperator): criar_tabela_temp_pg> on 2025-08-15 12:00:13.483965+00:00
[2025-08-15T09:01:06.258-0300] {standard_task_runner.py:63} INFO - Started process 259 to run task
[2025-08-15T09:01:06.260-0300] {standard_task_runner.py:90} INFO - Running: ['***', 'tasks', 'run', 'exportar_bq_para_gcs_csv', 'criar_tabela_temp_pg', 'manual__2025-08-15T12:00:13.483965+00:00', '--job-id', '225', '--raw', '--subdir', 'DAGS_FOLDER/notas_ordem.py', '--cfg-path', '/tmp/tmpain_324l']
[2025-08-15T09:01:06.261-0300] {standard_task_runner.py:91} INFO - Job 225: Subtask criar_tabela_temp_pg
[2025-08-15T09:01:06.286-0300] {task_command.py:426} INFO - Running <TaskInstance: exportar_bq_para_gcs_csv.criar_tabela_temp_pg manual__2025-08-15T12:00:13.483965+00:00 [running]> on host 3c38c83cef21
[2025-08-15T09:01:06.330-0300] {taskinstance.py:2648} INFO - Exporting env vars: AIRFLOW_CTX_DAG_OWNER='***' AIRFLOW_CTX_DAG_ID='exportar_bq_para_gcs_csv' AIRFLOW_CTX_TASK_ID='criar_tabela_temp_pg' AIRFLOW_CTX_EXECUTION_DATE='2025-08-15T12:00:13.483965+00:00' AIRFLOW_CTX_TRY_NUMBER='1' AIRFLOW_CTX_DAG_RUN_ID='manual__2025-08-15T12:00:13.483965+00:00'
[2025-08-15T09:01:06.331-0300] {taskinstance.py:430} INFO - ::endgroup::
[2025-08-15T09:01:06.337-0300] {subprocess.py:63} INFO - Tmp dir root location: /tmp
[2025-08-15T09:01:06.338-0300] {subprocess.py:75} INFO - Running command: ['/usr/bin/bash', '-c', '\n            psql "$PG_CONN" -c "\n                DROP TABLE IF EXISTS notas_ordem_temp;\n                CREATE TABLE notas_ordem_temp (LIKE notas_ordem INCLUDING ALL);\n            "\n        ']
[2025-08-15T09:01:06.349-0300] {subprocess.py:86} INFO - Output:
[2025-08-15T09:01:06.607-0300] {subprocess.py:93} INFO - DROP TABLE
[2025-08-15T09:01:06.608-0300] {subprocess.py:93} INFO - CREATE TABLE
[2025-08-15T09:01:06.612-0300] {subprocess.py:97} INFO - Command exited with return code 0
[2025-08-15T09:01:06.613-0300] {taskinstance.py:441} INFO - ::group::Post task execution logs
[2025-08-15T09:01:06.647-0300] {taskinstance.py:1206} INFO - Marking task as SUCCESS. dag_id=exportar_bq_para_gcs_csv, task_id=criar_tabela_temp_pg, run_id=manual__2025-08-15T12:00:13.483965+00:00, execution_date=20250815T120013, start_date=20250815T120106, end_date=20250815T120106
[2025-08-15T09:01:06.673-0300] {local_task_job_runner.py:240} INFO - Task exited with return code 0
[2025-08-15T09:01:06.682-0300] {local_task_job_runner.py:222} INFO - ::endgroup::
