[2025-08-08T15:52:39.537-0300] {local_task_job_runner.py:120} INFO - ::group::Pre task execution logs
[2025-08-08T15:52:39.546-0300] {taskinstance.py:2076} INFO - Dependencies all met for dep_context=non-requeueable deps ti=<TaskInstance: exportar_bq_para_gcs_csv.exportar_tabela_bq_gcs manual__2025-08-08T18:52:15.928771+00:00 [queued]>
[2025-08-08T15:52:39.550-0300] {taskinstance.py:2076} INFO - Dependencies all met for dep_context=requeueable deps ti=<TaskInstance: exportar_bq_para_gcs_csv.exportar_tabela_bq_gcs manual__2025-08-08T18:52:15.928771+00:00 [queued]>
[2025-08-08T15:52:39.551-0300] {taskinstance.py:2306} INFO - Starting attempt 1 of 1
[2025-08-08T15:52:39.557-0300] {taskinstance.py:2330} INFO - Executing <Task(BigQueryToGCSOperator): exportar_tabela_bq_gcs> on 2025-08-08 18:52:15.928771+00:00
[2025-08-08T15:52:39.563-0300] {standard_task_runner.py:63} INFO - Started process 397 to run task
[2025-08-08T15:52:39.564-0300] {standard_task_runner.py:90} INFO - Running: ['***', 'tasks', 'run', 'exportar_bq_para_gcs_csv', 'exportar_tabela_bq_gcs', 'manual__2025-08-08T18:52:15.928771+00:00', '--job-id', '153', '--raw', '--subdir', 'DAGS_FOLDER/notas_ordem.py', '--cfg-path', '/tmp/tmpt52u2ko4']
[2025-08-08T15:52:39.566-0300] {standard_task_runner.py:91} INFO - Job 153: Subtask exportar_tabela_bq_gcs
[2025-08-08T15:52:39.589-0300] {task_command.py:426} INFO - Running <TaskInstance: exportar_bq_para_gcs_csv.exportar_tabela_bq_gcs manual__2025-08-08T18:52:15.928771+00:00 [running]> on host 6f99aecc4c0e
[2025-08-08T15:52:39.635-0300] {taskinstance.py:2648} INFO - Exporting env vars: AIRFLOW_CTX_DAG_OWNER='***' AIRFLOW_CTX_DAG_ID='exportar_bq_para_gcs_csv' AIRFLOW_CTX_TASK_ID='exportar_tabela_bq_gcs' AIRFLOW_CTX_EXECUTION_DATE='2025-08-08T18:52:15.928771+00:00' AIRFLOW_CTX_TRY_NUMBER='1' AIRFLOW_CTX_DAG_RUN_ID='manual__2025-08-08T18:52:15.928771+00:00'
[2025-08-08T15:52:39.636-0300] {taskinstance.py:430} INFO - ::endgroup::
[2025-08-08T15:52:39.642-0300] {bigquery_to_gcs.py:201} INFO - Executing extract of sz-00022-ws.PLAMI.TMP_NOTAS_ORDENS into: ['gs://***_vps/nota_ordem.csv']
[2025-08-08T15:52:39.643-0300] {crypto.py:82} WARNING - empty cryptography key - values will not be stored encrypted.
[2025-08-08T15:52:39.643-0300] {connection.py:274} WARNING - Connection schemes (type: google_cloud_platform) shall not contain '_' according to RFC3986.
[2025-08-08T15:52:39.644-0300] {base.py:84} INFO - Using connection ID 'google_cloud_default' for task execution.
[2025-08-08T15:52:39.678-0300] {bigquery_to_gcs.py:224} INFO - Executing: {'extract': {'sourceTable': {'projectId': 'sz-00022-ws', 'datasetId': 'PLAMI', 'tableId': 'TMP_NOTAS_ORDENS'}, 'compression': 'NONE', 'destinationUris': ['gs://***_vps/nota_ordem.csv'], 'destinationFormat': 'CSV', 'fieldDelimiter': '\x1f', 'printHeader': True}}
[2025-08-08T15:52:39.679-0300] {bigquery.py:1660} INFO - Inserting job ***_exportar_bq_para_gcs_csv_exportar_tabela_bq_gcs_2025_08_08T18_52_15_928771_00_00_25a7e0156089b94962a331960db9c41f
[2025-08-08T15:52:50.859-0300] {taskinstance.py:441} INFO - ::group::Post task execution logs
[2025-08-08T15:52:50.867-0300] {taskinstance.py:1206} INFO - Marking task as SUCCESS. dag_id=exportar_bq_para_gcs_csv, task_id=exportar_tabela_bq_gcs, run_id=manual__2025-08-08T18:52:15.928771+00:00, execution_date=20250808T185215, start_date=20250808T185239, end_date=20250808T185250
[2025-08-08T15:52:50.897-0300] {local_task_job_runner.py:240} INFO - Task exited with return code 0
[2025-08-08T15:52:50.917-0300] {taskinstance.py:3498} INFO - 1 downstream tasks scheduled from follow-on schedule check
[2025-08-08T15:52:50.919-0300] {local_task_job_runner.py:222} INFO - ::endgroup::
